#
# A fatal error has been detected by the Java Runtime Environment:
#
#  EXCEPTION_ACCESS_VIOLATION (0xc0000005) at pc=0x00007ffa0b9c15ab, pid=6476, tid=11772
#
# JRE version: Java(TM) SE Runtime Environment (11.0.4+10) (build 11.0.4+10-LTS)
# Java VM: Java HotSpot(TM) 64-Bit Server VM (11.0.4+10-LTS, mixed mode, tiered, compressed oops, g1 gc, windows-amd64)
# Problematic frame:
# V  [jvm.dll+0x3d15ab]
#
# No core dump will be written. Minidumps are not enabled by default on client versions of Windows
#
# If you would like to submit a bug report, please visit:
#   http://bugreport.java.com/bugreport/crash.jsp
#

---------------  S U M M A R Y ------------

Command Line: -javaagent:D:\IntelliJ\IntelliJ IDEA 2019.2\lib\idea_rt.jar=54755:D:\IntelliJ\IntelliJ IDEA 2019.2\bin -Dfile.encoding=UTF-8 com.example.filedemo.FileDemoApplication

Host: Intel(R) Core(TM) i5-7200U CPU @ 2.50GHz, 4 cores, 15G,  Windows 10 , 64 bit Build 17134 (10.0.17134.753)
Time: Fri Feb 14 12:46:41 2020 ?rodkowoeuropejski czas stand. elapsed time: 6 seconds (0d 0h 0m 6s)

---------------  T H R E A D  ---------------

Current thread (0x000001bb00832000):  JavaThread "main" [_thread_in_vm, id=11772, stack(0x000000b1b7900000,0x000000b1b7a00000)]

Stack: [0x000000b1b7900000,0x000000b1b7a00000],  sp=0x000000b1b79fe9d0,  free space=1018k
Native frames: (J=compiled Java code, j=interpreted, Vv=VM code, C=native code)
V  [jvm.dll+0x3d15ab]
C  [sqljdbc_auth.dll+0x6777]

Java frames: (J=compiled Java code, j=interpreted, Vv=VM code)
j  com.microsoft.sqlserver.jdbc.AuthenticationJNI.SNISecGenClientContext([B[I[BI[B[I[ZLjava/lang/String;Ljava/lang/String;Ljava/lang/String;Ljava/util/logging/Logger;)I+0
j  com.microsoft.sqlserver.jdbc.AuthenticationJNI.GenerateClientContext([BI[B[I[Z)I+24
j  com.microsoft.sqlserver.jdbc.SQLServerConnection.SSPIData([B[B[I[ZLcom/microsoft/sqlserver/jdbc/AuthenticationJNI;)V+13
j  com.microsoft.sqlserver.jdbc.SQLServerConnection.sendLogon(Lcom/microsoft/sqlserver/jdbc/SQLServerConnection$LogonCommand;Lcom/microsoft/sqlserver/jdbc/AuthenticationJNI;)V+155
j  com.microsoft.sqlserver.jdbc.SQLServerConnection.logon(Lcom/microsoft/sqlserver/jdbc/SQLServerConnection$LogonCommand;)V+20
j  com.microsoft.sqlserver.jdbc.SQLServerConnection.access$000(Lcom/microsoft/sqlserver/jdbc/SQLServerConnection;Lcom/microsoft/sqlserver/jdbc/SQLServerConnection$LogonCommand;)V+2
j  com.microsoft.sqlserver.jdbc.SQLServerConnection$LogonCommand.doExecute()Z+5
j  com.microsoft.sqlserver.jdbc.TDSCommand.execute(Lcom/microsoft/sqlserver/jdbc/TDSWriter;Lcom/microsoft/sqlserver/jdbc/TDSReader;)Z+30
j  com.microsoft.sqlserver.jdbc.SQLServerConnection.executeCommand(Lcom/microsoft/sqlserver/jdbc/TDSCommand;)Z+45
j  com.microsoft.sqlserver.jdbc.SQLServerConnection.connectHelper(Lcom/microsoft/sqlserver/jdbc/ServerPortPlaceHolder;II)V+284
j  com.microsoft.sqlserver.jdbc.SQLServerConnection.login(Ljava/lang/String;Ljava/lang/String;ILjava/lang/String;Lcom/microsoft/sqlserver/jdbc/FailoverInfo;IJ)V+399
j  com.microsoft.sqlserver.jdbc.SQLServerConnection.connect(Ljava/util/Properties;Lcom/microsoft/sqlserver/jdbc/SQLServerPooledConnection;)Ljava/sql/Connection;+1929
j  com.microsoft.sqlserver.jdbc.SQLServerDriver.connect(Ljava/lang/String;Ljava/util/Properties;)Ljava/sql/Connection;+45
j  java.sql.DriverManager.getConnection(Ljava/lang/String;Ljava/util/Properties;Ljava/lang/Class;)Ljava/sql/Connection;+130 java.sql@11.0.4
j  java.sql.DriverManager.getConnection(Ljava/lang/String;)Ljava/sql/Connection;+13 java.sql@11.0.4
j  com.example.filedemo.FileDemoApplication.main([Ljava/lang/String;)V+19
v  ~StubRoutines::call_stub

siginfo: EXCEPTION_ACCESS_VIOLATION (0xc0000005), reading address 0x000001bfc88b4907


Register to memory mapping:

RIP=0x00007ffa0b9c15ab jvm.dll
RAX=0x000001bfc88b48ff is an unknown value
RBX=0x000001bb00832000 is a thread
RCX=0x000001bfc88b48ff is an unknown value
RDX=0x0000000000000006 is an unknown value
RSP=0x000000b1b79fe9d0 is pointing into the stack for thread: 0x000001bb00832000
RBP=0x000000b1b79feb00 is pointing into the stack for thread: 0x000001bb00832000
RSI=0x000001bb00832000 is a thread
RDI=0x00007ffa0bbddbcf jvm.dll
R8 =0x0000000000000004 is an unknown value
R9 =0x0 is NULL
R10=0x00007ffa4578d110 sqljdbc_auth.dll
R11=0x000000071047b0c0 is pointing into object: [B 
{0x000000071047b0b0} - klass: {type array byte}
 - length: 47
R12=0x000000b1b79fed68 is pointing into the stack for thread: 0x000001bb00832000
R13=0x0 is NULL
R14=0x000001bb00832340 points into unknown readable memory: b0 3d fe 0b fa 7f 00 00
R15=0x0 is NULL


Registers:
RAX=0x000001bfc88b48ff, RBX=0x000001bb00832000, RCX=0x000001bfc88b48ff, RDX=0x0000000000000006
RSP=0x000000b1b79fe9d0, RBP=0x000000b1b79feb00, RSI=0x000001bb00832000, RDI=0x00007ffa0bbddbcf
R8 =0x0000000000000004, R9 =0x0000000000000000, R10=0x00007ffa4578d110, R11=0x000000071047b0c0
R12=0x000000b1b79fed68, R13=0x0000000000000000, R14=0x000001bb00832340, R15=0x0000000000000000
RIP=0x00007ffa0b9c15ab, EFLAGS=0x0000000000010202

Top of Stack: (sp=0x000000b1b79fe9d0)
0x000000b1b79fe9d0:   000001bb00832000 000001bb00832340
0x000000b1b79fe9e0:   000001bb00832000 0000000000000000
0x000000b1b79fe9f0:   000001bb00832000 0000000000000000
0x000000b1b79fea00:   0000000000000000 000000b1b79fed60
0x000000b1b79fea10:   000000b1b79fed60 00007ffa45766777
0x000000b1b79fea20:   000001bb00832340 000000b1b79feb20
0x000000b1b79fea30:   00007ffa0bbddbcf 000001bb237b69e0
0x000000b1b79fea40:   0000000000000000 0000000000000000
0x000000b1b79fea50:   0000000000000000 0000000002000000
0x000000b1b79fea60:   000000b1b79fe970 0000000000000000
0x000000b1b79fea70:   0000000000000000 000001bb08bc3180
0x000000b1b79fea80:   0000000000000000 0000000000000000
0x000000b1b79fea90:   000001bb00000000 00007ffa0bd9b488
0x000000b1b79feaa0:   0000000000000000 0000000000000000
0x000000b1b79feab0:   000000b1b79fed30 0000000000000000
0x000000b1b79feac0:   000000b1b79fed48 000000b1b79fed40 

Instructions: (pc=0x00007ffa0b9c15ab)
0x00007ffa0b9c158b:   00 48 8b cf 40 f6 c7 01 74 07 e8 86 af 03 00 eb
0x00007ffa0b9c159b:   06 ff 15 fe e8 61 00 80 3d 28 4c 68 00 00 74 15
0x00007ffa0b9c15ab:   8b 40 08 8b 0d e4 c4 63 00 48 d3 e0 48 03 05 d2
0x00007ffa0b9c15bb:   c4 63 00 eb 04 48 8b 40 08 48 8b c8 e8 74 4d 14 


Stack slot to memory mapping:
stack at sp + 0 slots: 0x000001bb00832000 is a thread
stack at sp + 1 slots: 0x000001bb00832340 points into unknown readable memory: b0 3d fe 0b fa 7f 00 00
stack at sp + 2 slots: 0x000001bb00832000 is a thread
stack at sp + 3 slots: 0x0 is NULL
stack at sp + 4 slots: 0x000001bb00832000 is a thread
stack at sp + 5 slots: 0x0 is NULL
stack at sp + 6 slots: 0x0 is NULL
stack at sp + 7 slots: 0x000000b1b79fed60 is pointing into the stack for thread: 0x000001bb00832000


---------------  P R O C E S S  ---------------

Threads class SMR info:
_java_thread_list=0x000001bb27170a50, length=28, elements={
0x000001bb00832000, 0x000001bb237ba800, 0x000001bb2406e000, 0x000001bb240c1800,
0x000001bb240c2800, 0x000001bb240c4800, 0x000001bb240c8800, 0x000001bb240cb000,
0x000001bb24235800, 0x000001bb24527800, 0x000001bb243ca800, 0x000001bb28787800,
0x000001bb25748000, 0x000001bb28d46800, 0x000001bb28453800, 0x000001bb28246000,
0x000001bb26f63000, 0x000001bb25523000, 0x000001bb2750d000, 0x000001bb28267000,
0x000001bb28264800, 0x000001bb28265800, 0x000001bb28266800, 0x000001bb28268000,
0x000001bb28269800, 0x000001bb254a5000, 0x000001bb254a4800, 0x000001bb254a6800
}

Java Threads: ( => current thread )
=>0x000001bb00832000 JavaThread "main" [_thread_in_vm, id=11772, stack(0x000000b1b7900000,0x000000b1b7a00000)]
  0x000001bb237ba800 JavaThread "Reference Handler" daemon [_thread_blocked, id=7696, stack(0x000000b1b8000000,0x000000b1b8100000)]
  0x000001bb2406e000 JavaThread "Finalizer" daemon [_thread_blocked, id=15564, stack(0x000000b1b8100000,0x000000b1b8200000)]
  0x000001bb240c1800 JavaThread "Signal Dispatcher" daemon [_thread_blocked, id=18224, stack(0x000000b1b8300000,0x000000b1b8400000)]
  0x000001bb240c2800 JavaThread "Attach Listener" daemon [_thread_blocked, id=6332, stack(0x000000b1b8400000,0x000000b1b8500000)]
  0x000001bb240c4800 JavaThread "C2 CompilerThread0" daemon [_thread_blocked, id=11328, stack(0x000000b1b8500000,0x000000b1b8600000)]
  0x000001bb240c8800 JavaThread "C1 CompilerThread0" daemon [_thread_blocked, id=15444, stack(0x000000b1b8600000,0x000000b1b8700000)]
  0x000001bb240cb000 JavaThread "Sweeper thread" daemon [_thread_blocked, id=17900, stack(0x000000b1b8700000,0x000000b1b8800000)]
  0x000001bb24235800 JavaThread "Common-Cleaner" daemon [_thread_blocked, id=17444, stack(0x000000b1b8800000,0x000000b1b8900000)]
  0x000001bb24527800 JavaThread "Monitor Ctrl-Break" daemon [_thread_in_native, id=18048, stack(0x000000b1b8900000,0x000000b1b8a00000)]
  0x000001bb243ca800 JavaThread "Service Thread" daemon [_thread_blocked, id=2108, stack(0x000000b1b8a00000,0x000000b1b8b00000)]
  0x000001bb28787800 JavaThread "C2 CompilerThread1" daemon [_thread_blocked, id=17524, stack(0x000000b1b8f00000,0x000000b1b9000000)]
  0x000001bb25748000 JavaThread "Catalina-utility-1" [_thread_blocked, id=9412, stack(0x000000b1b9000000,0x000000b1b9100000)]
  0x000001bb28d46800 JavaThread "Catalina-utility-2" [_thread_blocked, id=6628, stack(0x000000b1b9100000,0x000000b1b9200000)]
  0x000001bb28453800 JavaThread "container-0" [_thread_blocked, id=11780, stack(0x000000b1b9200000,0x000000b1b9300000)]
  0x000001bb28246000 JavaThread "http-nio-8080-BlockPoller" daemon [_thread_in_native, id=10820, stack(0x000000b1b9300000,0x000000b1b9400000)]
  0x000001bb26f63000 JavaThread "http-nio-8080-exec-1" daemon [_thread_blocked, id=13044, stack(0x000000b1b9400000,0x000000b1b9500000)]
  0x000001bb25523000 JavaThread "http-nio-8080-exec-2" daemon [_thread_blocked, id=17532, stack(0x000000b1b9500000,0x000000b1b9600000)]
  0x000001bb2750d000 JavaThread "http-nio-8080-exec-3" daemon [_thread_blocked, id=8640, stack(0x000000b1b9600000,0x000000b1b9700000)]
  0x000001bb28267000 JavaThread "http-nio-8080-exec-4" daemon [_thread_blocked, id=10728, stack(0x000000b1b9700000,0x000000b1b9800000)]
  0x000001bb28264800 JavaThread "http-nio-8080-exec-5" daemon [_thread_blocked, id=12636, stack(0x000000b1b9800000,0x000000b1b9900000)]
  0x000001bb28265800 JavaThread "http-nio-8080-exec-6" daemon [_thread_blocked, id=6820, stack(0x000000b1b9900000,0x000000b1b9a00000)]
  0x000001bb28266800 JavaThread "http-nio-8080-exec-7" daemon [_thread_blocked, id=9520, stack(0x000000b1b9a00000,0x000000b1b9b00000)]
  0x000001bb28268000 JavaThread "http-nio-8080-exec-8" daemon [_thread_blocked, id=1196, stack(0x000000b1b9b00000,0x000000b1b9c00000)]
  0x000001bb28269800 JavaThread "http-nio-8080-exec-9" daemon [_thread_blocked, id=13664, stack(0x000000b1b9c00000,0x000000b1b9d00000)]
  0x000001bb254a5000 JavaThread "http-nio-8080-exec-10" daemon [_thread_blocked, id=1976, stack(0x000000b1b9d00000,0x000000b1b9e00000)]
  0x000001bb254a4800 JavaThread "http-nio-8080-ClientPoller" daemon [_thread_in_native, id=15648, stack(0x000000b1b9e00000,0x000000b1b9f00000)]
  0x000001bb254a6800 JavaThread "http-nio-8080-Acceptor" daemon [_thread_in_native, id=6284, stack(0x000000b1b9f00000,0x000000b1ba000000)]

Other Threads:
  0x000001bb237b5000 VMThread "VM Thread" [stack: 0x000000b1b7f00000,0x000000b1b8000000] [id=17724]
  0x000001bb24616000 WatcherThread [stack: 0x000000b1b8b00000,0x000000b1b8c00000] [id=17676]
  0x000001bb0084a800 GCTaskThread "GC Thread#0" [stack: 0x000000b1b7a00000,0x000000b1b7b00000] [id=16544]
  0x000001bb24bc1000 GCTaskThread "GC Thread#1" [stack: 0x000000b1b8c00000,0x000000b1b8d00000] [id=9968]
  0x000001bb24bc2000 GCTaskThread "GC Thread#2" [stack: 0x000000b1b8d00000,0x000000b1b8e00000] [id=17596]
  0x000001bb248b3800 GCTaskThread "GC Thread#3" [stack: 0x000000b1b8e00000,0x000000b1b8f00000] [id=5744]
  0x000001bb008a6800 ConcurrentGCThread "G1 Main Marker" [stack: 0x000000b1b7b00000,0x000000b1b7c00000] [id=7708]
  0x000001bb008a8000 ConcurrentGCThread "G1 Conc#0" [stack: 0x000000b1b7c00000,0x000000b1b7d00000] [id=18380]
  0x000001bb23699800 ConcurrentGCThread "G1 Refine#0" [stack: 0x000000b1b7d00000,0x000000b1b7e00000] [id=5180]
  0x000001bb2369a800 ConcurrentGCThread "G1 Young RemSet Sampling" [stack: 0x000000b1b7e00000,0x000000b1b7f00000] [id=6488]

Threads with active compile tasks:

VM state:not at safepoint (normal execution)

VM Mutex/Monitor currently owned by a thread: None

Heap address: 0x0000000701800000, size: 4072 MB, Compressed Oops mode: Zero based, Oop shift amount: 3
Narrow klass base: 0x0000000800000000, Narrow klass shift: 0
Compressed class space size: 1073741824 Address: 0x0000000800000000

Heap:
 garbage-first heap   total 262144K, used 30599K [0x0000000701800000, 0x0000000800000000)
  region size 1024K, 25 young (25600K), 5 survivors (5120K)
 Metaspace       used 41488K, capacity 42457K, committed 42704K, reserved 1087488K
  class space    used 4874K, capacity 5259K, committed 5328K, reserved 1048576K
Heap Regions: E=young(eden), S=young(survivor), O=old, HS=humongous(starts), HC=humongous(continues), CS=collection set, F=free, A=archive, TAMS=top-at-mark-start (previous, next)
|   0|0x0000000701800000, 0x0000000701900000, 0x0000000701900000|100%| O|  |TAMS 0x0000000701900000, 0x0000000701800000| Untracked 
|   1|0x0000000701900000, 0x0000000701a00000, 0x0000000701a00000|100%| O|  |TAMS 0x0000000701a00000, 0x0000000701900000| Untracked 
|   2|0x0000000701a00000, 0x0000000701b00000, 0x0000000701b00000|100%| O|  |TAMS 0x0000000701b00000, 0x0000000701a00000| Untracked 
|   3|0x0000000701b00000, 0x0000000701c00000, 0x0000000701c00000|100%| O|  |TAMS 0x0000000701c00000, 0x0000000701b00000| Untracked 
|   4|0x0000000701c00000, 0x0000000701d00000, 0x0000000701d00000|100%| O|  |TAMS 0x0000000701d00000, 0x0000000701c00000| Untracked 
|   5|0x0000000701d00000, 0x0000000701e00000, 0x0000000701e00000|100%| O|  |TAMS 0x0000000701e00000, 0x0000000701d00000| Untracked 
|   6|0x0000000701e00000, 0x0000000701e00000, 0x0000000701f00000|  0%| F|  |TAMS 0x0000000701e00000, 0x0000000701e00000| Untracked 
|   7|0x0000000701f00000, 0x0000000701f00000, 0x0000000702000000|  0%| F|  |TAMS 0x0000000701f00000, 0x0000000701f00000| Untracked 
|   8|0x0000000702000000, 0x0000000702000000, 0x0000000702100000|  0%| F|  |TAMS 0x0000000702000000, 0x0000000702000000| Untracked 
|   9|0x0000000702100000, 0x0000000702100000, 0x0000000702200000|  0%| F|  |TAMS 0x0000000702100000, 0x0000000702100000| Untracked 
|  10|0x0000000702200000, 0x0000000702200000, 0x0000000702300000|  0%| F|  |TAMS 0x0000000702200000, 0x0000000702200000| Untracked 
|  11|0x0000000702300000, 0x0000000702300000, 0x0000000702400000|  0%| F|  |TAMS 0x0000000702300000, 0x0000000702300000| Untracked 
|  12|0x0000000702400000, 0x0000000702400000, 0x0000000702500000|  0%| F|  |TAMS 0x0000000702400000, 0x0000000702400000| Untracked 
|  13|0x0000000702500000, 0x0000000702500000, 0x0000000702600000|  0%| F|  |TAMS 0x0000000702500000, 0x0000000702500000| Untracked 
|  14|0x0000000702600000, 0x0000000702600000, 0x0000000702700000|  0%| F|  |TAMS 0x0000000702600000, 0x0000000702600000| Untracked 
|  15|0x0000000702700000, 0x0000000702700000, 0x0000000702800000|  0%| F|  |TAMS 0x0000000702700000, 0x0000000702700000| Untracked 
|  16|0x0000000702800000, 0x0000000702800000, 0x0000000702900000|  0%| F|  |TAMS 0x0000000702800000, 0x0000000702800000| Untracked 
|  17|0x0000000702900000, 0x0000000702900000, 0x0000000702a00000|  0%| F|  |TAMS 0x0000000702900000, 0x0000000702900000| Untracked 
|  18|0x0000000702a00000, 0x0000000702a00000, 0x0000000702b00000|  0%| F|  |TAMS 0x0000000702a00000, 0x0000000702a00000| Untracked 
|  19|0x0000000702b00000, 0x0000000702b00000, 0x0000000702c00000|  0%| F|  |TAMS 0x0000000702b00000, 0x0000000702b00000| Untracked 
|  20|0x0000000702c00000, 0x0000000702c00000, 0x0000000702d00000|  0%| F|  |TAMS 0x0000000702c00000, 0x0000000702c00000| Untracked 
|  21|0x0000000702d00000, 0x0000000702d00000, 0x0000000702e00000|  0%| F|  |TAMS 0x0000000702d00000, 0x0000000702d00000| Untracked 
|  22|0x0000000702e00000, 0x0000000702e00000, 0x0000000702f00000|  0%| F|  |TAMS 0x0000000702e00000, 0x0000000702e00000| Untracked 
|  23|0x0000000702f00000, 0x0000000702f00000, 0x0000000703000000|  0%| F|  |TAMS 0x0000000702f00000, 0x0000000702f00000| Untracked 
|  24|0x0000000703000000, 0x0000000703000000, 0x0000000703100000|  0%| F|  |TAMS 0x0000000703000000, 0x0000000703000000| Untracked 
|  25|0x0000000703100000, 0x0000000703100000, 0x0000000703200000|  0%| F|  |TAMS 0x0000000703100000, 0x0000000703100000| Untracked 
|  26|0x0000000703200000, 0x0000000703200000, 0x0000000703300000|  0%| F|  |TAMS 0x0000000703200000, 0x0000000703200000| Untracked 
|  27|0x0000000703300000, 0x0000000703300000, 0x0000000703400000|  0%| F|  |TAMS 0x0000000703300000, 0x0000000703300000| Untracked 
|  28|0x0000000703400000, 0x0000000703400000, 0x0000000703500000|  0%| F|  |TAMS 0x0000000703400000, 0x0000000703400000| Untracked 
|  29|0x0000000703500000, 0x0000000703500000, 0x0000000703600000|  0%| F|  |TAMS 0x0000000703500000, 0x0000000703500000| Untracked 
|  30|0x0000000703600000, 0x0000000703600000, 0x0000000703700000|  0%| F|  |TAMS 0x0000000703600000, 0x0000000703600000| Untracked 
|  31|0x0000000703700000, 0x0000000703700000, 0x0000000703800000|  0%| F|  |TAMS 0x0000000703700000, 0x0000000703700000| Untracked 
|  32|0x0000000703800000, 0x0000000703800000, 0x0000000703900000|  0%| F|  |TAMS 0x0000000703800000, 0x0000000703800000| Untracked 
|  33|0x0000000703900000, 0x0000000703900000, 0x0000000703a00000|  0%| F|  |TAMS 0x0000000703900000, 0x0000000703900000| Untracked 
|  34|0x0000000703a00000, 0x0000000703a00000, 0x0000000703b00000|  0%| F|  |TAMS 0x0000000703a00000, 0x0000000703a00000| Untracked 
|  35|0x0000000703b00000, 0x0000000703b00000, 0x0000000703c00000|  0%| F|  |TAMS 0x0000000703b00000, 0x0000000703b00000| Untracked 
|  36|0x0000000703c00000, 0x0000000703c00000, 0x0000000703d00000|  0%| F|  |TAMS 0x0000000703c00000, 0x0000000703c00000| Untracked 
|  37|0x0000000703d00000, 0x0000000703d00000, 0x0000000703e00000|  0%| F|  |TAMS 0x0000000703d00000, 0x0000000703d00000| Untracked 
|  38|0x0000000703e00000, 0x0000000703e00000, 0x0000000703f00000|  0%| F|  |TAMS 0x0000000703e00000, 0x0000000703e00000| Untracked 
|  39|0x0000000703f00000, 0x0000000703f00000, 0x0000000704000000|  0%| F|  |TAMS 0x0000000703f00000, 0x0000000703f00000| Untracked 
|  40|0x0000000704000000, 0x0000000704000000, 0x0000000704100000|  0%| F|  |TAMS 0x0000000704000000, 0x0000000704000000| Untracked 
|  41|0x0000000704100000, 0x0000000704100000, 0x0000000704200000|  0%| F|  |TAMS 0x0000000704100000, 0x0000000704100000| Untracked 
|  42|0x0000000704200000, 0x0000000704200000, 0x0000000704300000|  0%| F|  |TAMS 0x0000000704200000, 0x0000000704200000| Untracked 
|  43|0x0000000704300000, 0x0000000704300000, 0x0000000704400000|  0%| F|  |TAMS 0x0000000704300000, 0x0000000704300000| Untracked 
|  44|0x0000000704400000, 0x0000000704400000, 0x0000000704500000|  0%| F|  |TAMS 0x0000000704400000, 0x0000000704400000| Untracked 
|  45|0x0000000704500000, 0x0000000704500000, 0x0000000704600000|  0%| F|  |TAMS 0x0000000704500000, 0x0000000704500000| Untracked 
|  46|0x0000000704600000, 0x0000000704600000, 0x0000000704700000|  0%| F|  |TAMS 0x0000000704600000, 0x0000000704600000| Untracked 
|  47|0x0000000704700000, 0x0000000704700000, 0x0000000704800000|  0%| F|  |TAMS 0x0000000704700000, 0x0000000704700000| Untracked 
|  48|0x0000000704800000, 0x0000000704800000, 0x0000000704900000|  0%| F|  |TAMS 0x0000000704800000, 0x0000000704800000| Untracked 
|  49|0x0000000704900000, 0x0000000704900000, 0x0000000704a00000|  0%| F|  |TAMS 0x0000000704900000, 0x0000000704900000| Untracked 
|  50|0x0000000704a00000, 0x0000000704a00000, 0x0000000704b00000|  0%| F|  |TAMS 0x0000000704a00000, 0x0000000704a00000| Untracked 
|  51|0x0000000704b00000, 0x0000000704b00000, 0x0000000704c00000|  0%| F|  |TAMS 0x0000000704b00000, 0x0000000704b00000| Untracked 
|  52|0x0000000704c00000, 0x0000000704c00000, 0x0000000704d00000|  0%| F|  |TAMS 0x0000000704c00000, 0x0000000704c00000| Untracked 
|  53|0x0000000704d00000, 0x0000000704d00000, 0x0000000704e00000|  0%| F|  |TAMS 0x0000000704d00000, 0x0000000704d00000| Untracked 
|  54|0x0000000704e00000, 0x0000000704e00000, 0x0000000704f00000|  0%| F|  |TAMS 0x0000000704e00000, 0x0000000704e00000| Untracked 
|  55|0x0000000704f00000, 0x0000000704f00000, 0x0000000705000000|  0%| F|  |TAMS 0x0000000704f00000, 0x0000000704f00000| Untracked 
|  56|0x0000000705000000, 0x0000000705000000, 0x0000000705100000|  0%| F|  |TAMS 0x0000000705000000, 0x0000000705000000| Untracked 
|  57|0x0000000705100000, 0x0000000705100000, 0x0000000705200000|  0%| F|  |TAMS 0x0000000705100000, 0x0000000705100000| Untracked 
|  58|0x0000000705200000, 0x0000000705200000, 0x0000000705300000|  0%| F|  |TAMS 0x0000000705200000, 0x0000000705200000| Untracked 
|  59|0x0000000705300000, 0x0000000705300000, 0x0000000705400000|  0%| F|  |TAMS 0x0000000705300000, 0x0000000705300000| Untracked 
|  60|0x0000000705400000, 0x0000000705400000, 0x0000000705500000|  0%| F|  |TAMS 0x0000000705400000, 0x0000000705400000| Untracked 
|  61|0x0000000705500000, 0x0000000705500000, 0x0000000705600000|  0%| F|  |TAMS 0x0000000705500000, 0x0000000705500000| Untracked 
|  62|0x0000000705600000, 0x0000000705600000, 0x0000000705700000|  0%| F|  |TAMS 0x0000000705600000, 0x0000000705600000| Untracked 
|  63|0x0000000705700000, 0x0000000705700000, 0x0000000705800000|  0%| F|  |TAMS 0x0000000705700000, 0x0000000705700000| Untracked 
|  64|0x0000000705800000, 0x0000000705800000, 0x0000000705900000|  0%| F|  |TAMS 0x0000000705800000, 0x0000000705800000| Untracked 
|  65|0x0000000705900000, 0x0000000705900000, 0x0000000705a00000|  0%| F|  |TAMS 0x0000000705900000, 0x0000000705900000| Untracked 
|  66|0x0000000705a00000, 0x0000000705a00000, 0x0000000705b00000|  0%| F|  |TAMS 0x0000000705a00000, 0x0000000705a00000| Untracked 
|  67|0x0000000705b00000, 0x0000000705b00000, 0x0000000705c00000|  0%| F|  |TAMS 0x0000000705b00000, 0x0000000705b00000| Untracked 
|  68|0x0000000705c00000, 0x0000000705c00000, 0x0000000705d00000|  0%| F|  |TAMS 0x0000000705c00000, 0x0000000705c00000| Untracked 
|  69|0x0000000705d00000, 0x0000000705d00000, 0x0000000705e00000|  0%| F|  |TAMS 0x0000000705d00000, 0x0000000705d00000| Untracked 
|  70|0x0000000705e00000, 0x0000000705e00000, 0x0000000705f00000|  0%| F|  |TAMS 0x0000000705e00000, 0x0000000705e00000| Untracked 
|  71|0x0000000705f00000, 0x0000000705f00000, 0x0000000706000000|  0%| F|  |TAMS 0x0000000705f00000, 0x0000000705f00000| Untracked 
|  72|0x0000000706000000, 0x0000000706000000, 0x0000000706100000|  0%| F|  |TAMS 0x0000000706000000, 0x0000000706000000| Untracked 
|  73|0x0000000706100000, 0x0000000706100000, 0x0000000706200000|  0%| F|  |TAMS 0x0000000706100000, 0x0000000706100000| Untracked 
|  74|0x0000000706200000, 0x0000000706200000, 0x0000000706300000|  0%| F|  |TAMS 0x0000000706200000, 0x0000000706200000| Untracked 
|  75|0x0000000706300000, 0x0000000706300000, 0x0000000706400000|  0%| F|  |TAMS 0x0000000706300000, 0x0000000706300000| Untracked 
|  76|0x0000000706400000, 0x0000000706400000, 0x0000000706500000|  0%| F|  |TAMS 0x0000000706400000, 0x0000000706400000| Untracked 
|  77|0x0000000706500000, 0x0000000706500000, 0x0000000706600000|  0%| F|  |TAMS 0x0000000706500000, 0x0000000706500000| Untracked 
|  78|0x0000000706600000, 0x0000000706600000, 0x0000000706700000|  0%| F|  |TAMS 0x0000000706600000, 0x0000000706600000| Untracked 
|  79|0x0000000706700000, 0x0000000706700000, 0x0000000706800000|  0%| F|  |TAMS 0x0000000706700000, 0x0000000706700000| Untracked 
|  80|0x0000000706800000, 0x0000000706800000, 0x0000000706900000|  0%| F|  |TAMS 0x0000000706800000, 0x0000000706800000| Untracked 
|  81|0x0000000706900000, 0x0000000706900000, 0x0000000706a00000|  0%| F|  |TAMS 0x0000000706900000, 0x0000000706900000| Untracked 
|  82|0x0000000706a00000, 0x0000000706a00000, 0x0000000706b00000|  0%| F|  |TAMS 0x0000000706a00000, 0x0000000706a00000| Untracked 
|  83|0x0000000706b00000, 0x0000000706b00000, 0x0000000706c00000|  0%| F|  |TAMS 0x0000000706b00000, 0x0000000706b00000| Untracked 
|  84|0x0000000706c00000, 0x0000000706c00000, 0x0000000706d00000|  0%| F|  |TAMS 0x0000000706c00000, 0x0000000706c00000| Untracked 
|  85|0x0000000706d00000, 0x0000000706d00000, 0x0000000706e00000|  0%| F|  |TAMS 0x0000000706d00000, 0x0000000706d00000| Untracked 
|  86|0x0000000706e00000, 0x0000000706e00000, 0x0000000706f00000|  0%| F|  |TAMS 0x0000000706e00000, 0x0000000706e00000| Untracked 
|  87|0x0000000706f00000, 0x0000000706f00000, 0x0000000707000000|  0%| F|  |TAMS 0x0000000706f00000, 0x0000000706f00000| Untracked 
|  88|0x0000000707000000, 0x0000000707000000, 0x0000000707100000|  0%| F|  |TAMS 0x0000000707000000, 0x0000000707000000| Untracked 
|  89|0x0000000707100000, 0x0000000707100000, 0x0000000707200000|  0%| F|  |TAMS 0x0000000707100000, 0x0000000707100000| Untracked 
|  90|0x0000000707200000, 0x0000000707200000, 0x0000000707300000|  0%| F|  |TAMS 0x0000000707200000, 0x0000000707200000| Untracked 
|  91|0x0000000707300000, 0x0000000707300000, 0x0000000707400000|  0%| F|  |TAMS 0x0000000707300000, 0x0000000707300000| Untracked 
|  92|0x0000000707400000, 0x0000000707400000, 0x0000000707500000|  0%| F|  |TAMS 0x0000000707400000, 0x0000000707400000| Untracked 
|  93|0x0000000707500000, 0x0000000707500000, 0x0000000707600000|  0%| F|  |TAMS 0x0000000707500000, 0x0000000707500000| Untracked 
|  94|0x0000000707600000, 0x0000000707600000, 0x0000000707700000|  0%| F|  |TAMS 0x0000000707600000, 0x0000000707600000| Untracked 
|  95|0x0000000707700000, 0x0000000707700000, 0x0000000707800000|  0%| F|  |TAMS 0x0000000707700000, 0x0000000707700000| Untracked 
|  96|0x0000000707800000, 0x0000000707800000, 0x0000000707900000|  0%| F|  |TAMS 0x0000000707800000, 0x0000000707800000| Untracked 
|  97|0x0000000707900000, 0x0000000707900000, 0x0000000707a00000|  0%| F|  |TAMS 0x0000000707900000, 0x0000000707900000| Untracked 
|  98|0x0000000707a00000, 0x0000000707a00000, 0x0000000707b00000|  0%| F|  |TAMS 0x0000000707a00000, 0x0000000707a00000| Untracked 
|  99|0x0000000707b00000, 0x0000000707b00000, 0x0000000707c00000|  0%| F|  |TAMS 0x0000000707b00000, 0x0000000707b00000| Untracked 
| 100|0x0000000707c00000, 0x0000000707c00000, 0x0000000707d00000|  0%| F|  |TAMS 0x0000000707c00000, 0x0000000707c00000| Untracked 
| 101|0x0000000707d00000, 0x0000000707d00000, 0x0000000707e00000|  0%| F|  |TAMS 0x0000000707d00000, 0x0000000707d00000| Untracked 
| 102|0x0000000707e00000, 0x0000000707e00000, 0x0000000707f00000|  0%| F|  |TAMS 0x0000000707e00000, 0x0000000707e00000| Untracked 
| 103|0x0000000707f00000, 0x0000000707f00000, 0x0000000708000000|  0%| F|  |TAMS 0x0000000707f00000, 0x0000000707f00000| Untracked 
| 104|0x0000000708000000, 0x0000000708000000, 0x0000000708100000|  0%| F|  |TAMS 0x0000000708000000, 0x0000000708000000| Untracked 
| 105|0x0000000708100000, 0x0000000708100000, 0x0000000708200000|  0%| F|  |TAMS 0x0000000708100000, 0x0000000708100000| Untracked 
| 106|0x0000000708200000, 0x0000000708200000, 0x0000000708300000|  0%| F|  |TAMS 0x0000000708200000, 0x0000000708200000| Untracked 
| 107|0x0000000708300000, 0x0000000708300000, 0x0000000708400000|  0%| F|  |TAMS 0x0000000708300000, 0x0000000708300000| Untracked 
| 108|0x0000000708400000, 0x0000000708400000, 0x0000000708500000|  0%| F|  |TAMS 0x0000000708400000, 0x0000000708400000| Untracked 
| 109|0x0000000708500000, 0x0000000708500000, 0x0000000708600000|  0%| F|  |TAMS 0x0000000708500000, 0x0000000708500000| Untracked 
| 110|0x0000000708600000, 0x0000000708600000, 0x0000000708700000|  0%| F|  |TAMS 0x0000000708600000, 0x0000000708600000| Untracked 
| 111|0x0000000708700000, 0x0000000708700000, 0x0000000708800000|  0%| F|  |TAMS 0x0000000708700000, 0x0000000708700000| Untracked 
| 112|0x0000000708800000, 0x0000000708800000, 0x0000000708900000|  0%| F|  |TAMS 0x0000000708800000, 0x0000000708800000| Untracked 
| 113|0x0000000708900000, 0x0000000708900000, 0x0000000708a00000|  0%| F|  |TAMS 0x0000000708900000, 0x0000000708900000| Untracked 
| 114|0x0000000708a00000, 0x0000000708a00000, 0x0000000708b00000|  0%| F|  |TAMS 0x0000000708a00000, 0x0000000708a00000| Untracked 
| 115|0x0000000708b00000, 0x0000000708b00000, 0x0000000708c00000|  0%| F|  |TAMS 0x0000000708b00000, 0x0000000708b00000| Untracked 
| 116|0x0000000708c00000, 0x0000000708c00000, 0x0000000708d00000|  0%| F|  |TAMS 0x0000000708c00000, 0x0000000708c00000| Untracked 
| 117|0x0000000708d00000, 0x0000000708d00000, 0x0000000708e00000|  0%| F|  |TAMS 0x0000000708d00000, 0x0000000708d00000| Untracked 
| 118|0x0000000708e00000, 0x0000000708e00000, 0x0000000708f00000|  0%| F|  |TAMS 0x0000000708e00000, 0x0000000708e00000| Untracked 
| 119|0x0000000708f00000, 0x0000000708f00000, 0x0000000709000000|  0%| F|  |TAMS 0x0000000708f00000, 0x0000000708f00000| Untracked 
| 120|0x0000000709000000, 0x0000000709000000, 0x0000000709100000|  0%| F|  |TAMS 0x0000000709000000, 0x0000000709000000| Untracked 
| 121|0x0000000709100000, 0x0000000709100000, 0x0000000709200000|  0%| F|  |TAMS 0x0000000709100000, 0x0000000709100000| Untracked 
| 122|0x0000000709200000, 0x0000000709200000, 0x0000000709300000|  0%| F|  |TAMS 0x0000000709200000, 0x0000000709200000| Untracked 
| 123|0x0000000709300000, 0x0000000709300000, 0x0000000709400000|  0%| F|  |TAMS 0x0000000709300000, 0x0000000709300000| Untracked 
| 124|0x0000000709400000, 0x0000000709400000, 0x0000000709500000|  0%| F|  |TAMS 0x0000000709400000, 0x0000000709400000| Untracked 
| 125|0x0000000709500000, 0x0000000709500000, 0x0000000709600000|  0%| F|  |TAMS 0x0000000709500000, 0x0000000709500000| Untracked 
| 126|0x0000000709600000, 0x0000000709600000, 0x0000000709700000|  0%| F|  |TAMS 0x0000000709600000, 0x0000000709600000| Untracked 
| 127|0x0000000709700000, 0x0000000709700000, 0x0000000709800000|  0%| F|  |TAMS 0x0000000709700000, 0x0000000709700000| Untracked 
| 128|0x0000000709800000, 0x0000000709800000, 0x0000000709900000|  0%| F|  |TAMS 0x0000000709800000, 0x0000000709800000| Untracked 
| 129|0x0000000709900000, 0x0000000709900000, 0x0000000709a00000|  0%| F|  |TAMS 0x0000000709900000, 0x0000000709900000| Untracked 
| 130|0x0000000709a00000, 0x0000000709a00000, 0x0000000709b00000|  0%| F|  |TAMS 0x0000000709a00000, 0x0000000709a00000| Untracked 
| 131|0x0000000709b00000, 0x0000000709b00000, 0x0000000709c00000|  0%| F|  |TAMS 0x0000000709b00000, 0x0000000709b00000| Untracked 
| 132|0x0000000709c00000, 0x0000000709c00000, 0x0000000709d00000|  0%| F|  |TAMS 0x0000000709c00000, 0x0000000709c00000| Untracked 
| 133|0x0000000709d00000, 0x0000000709d00000, 0x0000000709e00000|  0%| F|  |TAMS 0x0000000709d00000, 0x0000000709d00000| Untracked 
| 134|0x0000000709e00000, 0x0000000709e00000, 0x0000000709f00000|  0%| F|  |TAMS 0x0000000709e00000, 0x0000000709e00000| Untracked 
| 135|0x0000000709f00000, 0x0000000709f00000, 0x000000070a000000|  0%| F|  |TAMS 0x0000000709f00000, 0x0000000709f00000| Untracked 
| 136|0x000000070a000000, 0x000000070a000000, 0x000000070a100000|  0%| F|  |TAMS 0x000000070a000000, 0x000000070a000000| Untracked 
| 137|0x000000070a100000, 0x000000070a100000, 0x000000070a200000|  0%| F|  |TAMS 0x000000070a100000, 0x000000070a100000| Untracked 
| 138|0x000000070a200000, 0x000000070a200000, 0x000000070a300000|  0%| F|  |TAMS 0x000000070a200000, 0x000000070a200000| Untracked 
| 139|0x000000070a300000, 0x000000070a300000, 0x000000070a400000|  0%| F|  |TAMS 0x000000070a300000, 0x000000070a300000| Untracked 
| 140|0x000000070a400000, 0x000000070a400000, 0x000000070a500000|  0%| F|  |TAMS 0x000000070a400000, 0x000000070a400000| Untracked 
| 141|0x000000070a500000, 0x000000070a500000, 0x000000070a600000|  0%| F|  |TAMS 0x000000070a500000, 0x000000070a500000| Untracked 
| 142|0x000000070a600000, 0x000000070a600000, 0x000000070a700000|  0%| F|  |TAMS 0x000000070a600000, 0x000000070a600000| Untracked 
| 143|0x000000070a700000, 0x000000070a700000, 0x000000070a800000|  0%| F|  |TAMS 0x000000070a700000, 0x000000070a700000| Untracked 
| 144|0x000000070a800000, 0x000000070a800000, 0x000000070a900000|  0%| F|  |TAMS 0x000000070a800000, 0x000000070a800000| Untracked 
| 145|0x000000070a900000, 0x000000070a900000, 0x000000070aa00000|  0%| F|  |TAMS 0x000000070a900000, 0x000000070a900000| Untracked 
| 146|0x000000070aa00000, 0x000000070aa00000, 0x000000070ab00000|  0%| F|  |TAMS 0x000000070aa00000, 0x000000070aa00000| Untracked 
| 147|0x000000070ab00000, 0x000000070ab00000, 0x000000070ac00000|  0%| F|  |TAMS 0x000000070ab00000, 0x000000070ab00000| Untracked 
| 148|0x000000070ac00000, 0x000000070ac00000, 0x000000070ad00000|  0%| F|  |TAMS 0x000000070ac00000, 0x000000070ac00000| Untracked 
| 149|0x000000070ad00000, 0x000000070ad00000, 0x000000070ae00000|  0%| F|  |TAMS 0x000000070ad00000, 0x000000070ad00000| Untracked 
| 150|0x000000070ae00000, 0x000000070ae00000, 0x000000070af00000|  0%| F|  |TAMS 0x000000070ae00000, 0x000000070ae00000| Untracked 
| 151|0x000000070af00000, 0x000000070af00000, 0x000000070b000000|  0%| F|  |TAMS 0x000000070af00000, 0x000000070af00000| Untracked 
| 152|0x000000070b000000, 0x000000070b000000, 0x000000070b100000|  0%| F|  |TAMS 0x000000070b000000, 0x000000070b000000| Untracked 
| 153|0x000000070b100000, 0x000000070b100000, 0x000000070b200000|  0%| F|  |TAMS 0x000000070b100000, 0x000000070b100000| Untracked 
| 154|0x000000070b200000, 0x000000070b200000, 0x000000070b300000|  0%| F|  |TAMS 0x000000070b200000, 0x000000070b200000| Untracked 
| 155|0x000000070b300000, 0x000000070b300000, 0x000000070b400000|  0%| F|  |TAMS 0x000000070b300000, 0x000000070b300000| Untracked 
| 156|0x000000070b400000, 0x000000070b400000, 0x000000070b500000|  0%| F|  |TAMS 0x000000070b400000, 0x000000070b400000| Untracked 
| 157|0x000000070b500000, 0x000000070b500000, 0x000000070b600000|  0%| F|  |TAMS 0x000000070b500000, 0x000000070b500000| Untracked 
| 158|0x000000070b600000, 0x000000070b600000, 0x000000070b700000|  0%| F|  |TAMS 0x000000070b600000, 0x000000070b600000| Untracked 
| 159|0x000000070b700000, 0x000000070b700000, 0x000000070b800000|  0%| F|  |TAMS 0x000000070b700000, 0x000000070b700000| Untracked 
| 160|0x000000070b800000, 0x000000070b800000, 0x000000070b900000|  0%| F|  |TAMS 0x000000070b800000, 0x000000070b800000| Untracked 
| 161|0x000000070b900000, 0x000000070b900000, 0x000000070ba00000|  0%| F|  |TAMS 0x000000070b900000, 0x000000070b900000| Untracked 
| 162|0x000000070ba00000, 0x000000070ba00000, 0x000000070bb00000|  0%| F|  |TAMS 0x000000070ba00000, 0x000000070ba00000| Untracked 
| 163|0x000000070bb00000, 0x000000070bb00000, 0x000000070bc00000|  0%| F|  |TAMS 0x000000070bb00000, 0x000000070bb00000| Untracked 
| 164|0x000000070bc00000, 0x000000070bc00000, 0x000000070bd00000|  0%| F|  |TAMS 0x000000070bc00000, 0x000000070bc00000| Untracked 
| 165|0x000000070bd00000, 0x000000070bd00000, 0x000000070be00000|  0%| F|  |TAMS 0x000000070bd00000, 0x000000070bd00000| Untracked 
| 166|0x000000070be00000, 0x000000070be00000, 0x000000070bf00000|  0%| F|  |TAMS 0x000000070be00000, 0x000000070be00000| Untracked 
| 167|0x000000070bf00000, 0x000000070bf00000, 0x000000070c000000|  0%| F|  |TAMS 0x000000070bf00000, 0x000000070bf00000| Untracked 
| 168|0x000000070c000000, 0x000000070c000000, 0x000000070c100000|  0%| F|  |TAMS 0x000000070c000000, 0x000000070c000000| Untracked 
| 169|0x000000070c100000, 0x000000070c100000, 0x000000070c200000|  0%| F|  |TAMS 0x000000070c100000, 0x000000070c100000| Untracked 
| 170|0x000000070c200000, 0x000000070c200000, 0x000000070c300000|  0%| F|  |TAMS 0x000000070c200000, 0x000000070c200000| Untracked 
| 171|0x000000070c300000, 0x000000070c300000, 0x000000070c400000|  0%| F|  |TAMS 0x000000070c300000, 0x000000070c300000| Untracked 
| 172|0x000000070c400000, 0x000000070c400000, 0x000000070c500000|  0%| F|  |TAMS 0x000000070c400000, 0x000000070c400000| Untracked 
| 173|0x000000070c500000, 0x000000070c500000, 0x000000070c600000|  0%| F|  |TAMS 0x000000070c500000, 0x000000070c500000| Untracked 
| 174|0x000000070c600000, 0x000000070c600000, 0x000000070c700000|  0%| F|  |TAMS 0x000000070c600000, 0x000000070c600000| Untracked 
| 175|0x000000070c700000, 0x000000070c700000, 0x000000070c800000|  0%| F|  |TAMS 0x000000070c700000, 0x000000070c700000| Untracked 
| 176|0x000000070c800000, 0x000000070c800000, 0x000000070c900000|  0%| F|  |TAMS 0x000000070c800000, 0x000000070c800000| Untracked 
| 177|0x000000070c900000, 0x000000070c900000, 0x000000070ca00000|  0%| F|  |TAMS 0x000000070c900000, 0x000000070c900000| Untracked 
| 178|0x000000070ca00000, 0x000000070ca00000, 0x000000070cb00000|  0%| F|  |TAMS 0x000000070ca00000, 0x000000070ca00000| Untracked 
| 179|0x000000070cb00000, 0x000000070cb00000, 0x000000070cc00000|  0%| F|  |TAMS 0x000000070cb00000, 0x000000070cb00000| Untracked 
| 180|0x000000070cc00000, 0x000000070cc00000, 0x000000070cd00000|  0%| F|  |TAMS 0x000000070cc00000, 0x000000070cc00000| Untracked 
| 181|0x000000070cd00000, 0x000000070cd00000, 0x000000070ce00000|  0%| F|  |TAMS 0x000000070cd00000, 0x000000070cd00000| Untracked 
| 182|0x000000070ce00000, 0x000000070ce00000, 0x000000070cf00000|  0%| F|  |TAMS 0x000000070ce00000, 0x000000070ce00000| Untracked 
| 183|0x000000070cf00000, 0x000000070cf00000, 0x000000070d000000|  0%| F|  |TAMS 0x000000070cf00000, 0x000000070cf00000| Untracked 
| 184|0x000000070d000000, 0x000000070d000000, 0x000000070d100000|  0%| F|  |TAMS 0x000000070d000000, 0x000000070d000000| Untracked 
| 185|0x000000070d100000, 0x000000070d100000, 0x000000070d200000|  0%| F|  |TAMS 0x000000070d100000, 0x000000070d100000| Untracked 
| 186|0x000000070d200000, 0x000000070d200000, 0x000000070d300000|  0%| F|  |TAMS 0x000000070d200000, 0x000000070d200000| Untracked 
| 187|0x000000070d300000, 0x000000070d300000, 0x000000070d400000|  0%| F|  |TAMS 0x000000070d300000, 0x000000070d300000| Untracked 
| 188|0x000000070d400000, 0x000000070d400000, 0x000000070d500000|  0%| F|  |TAMS 0x000000070d400000, 0x000000070d400000| Untracked 
| 189|0x000000070d500000, 0x000000070d500000, 0x000000070d600000|  0%| F|  |TAMS 0x000000070d500000, 0x000000070d500000| Untracked 
| 190|0x000000070d600000, 0x000000070d600000, 0x000000070d700000|  0%| F|  |TAMS 0x000000070d600000, 0x000000070d600000| Untracked 
| 191|0x000000070d700000, 0x000000070d700000, 0x000000070d800000|  0%| F|  |TAMS 0x000000070d700000, 0x000000070d700000| Untracked 
| 192|0x000000070d800000, 0x000000070d800000, 0x000000070d900000|  0%| F|  |TAMS 0x000000070d800000, 0x000000070d800000| Untracked 
| 193|0x000000070d900000, 0x000000070d900000, 0x000000070da00000|  0%| F|  |TAMS 0x000000070d900000, 0x000000070d900000| Untracked 
| 194|0x000000070da00000, 0x000000070da00000, 0x000000070db00000|  0%| F|  |TAMS 0x000000070da00000, 0x000000070da00000| Untracked 
| 195|0x000000070db00000, 0x000000070db00000, 0x000000070dc00000|  0%| F|  |TAMS 0x000000070db00000, 0x000000070db00000| Untracked 
| 196|0x000000070dc00000, 0x000000070dc00000, 0x000000070dd00000|  0%| F|  |TAMS 0x000000070dc00000, 0x000000070dc00000| Untracked 
| 197|0x000000070dd00000, 0x000000070dd00000, 0x000000070de00000|  0%| F|  |TAMS 0x000000070dd00000, 0x000000070dd00000| Untracked 
| 198|0x000000070de00000, 0x000000070de00000, 0x000000070df00000|  0%| F|  |TAMS 0x000000070de00000, 0x000000070de00000| Untracked 
| 199|0x000000070df00000, 0x000000070df00000, 0x000000070e000000|  0%| F|  |TAMS 0x000000070df00000, 0x000000070df00000| Untracked 
| 200|0x000000070e000000, 0x000000070e000000, 0x000000070e100000|  0%| F|  |TAMS 0x000000070e000000, 0x000000070e000000| Untracked 
| 201|0x000000070e100000, 0x000000070e100000, 0x000000070e200000|  0%| F|  |TAMS 0x000000070e100000, 0x000000070e100000| Untracked 
| 202|0x000000070e200000, 0x000000070e2e1d48, 0x000000070e300000| 88%| S|CS|TAMS 0x000000070e200000, 0x000000070e200000| Complete 
| 203|0x000000070e300000, 0x000000070e400000, 0x000000070e400000|100%| S|CS|TAMS 0x000000070e300000, 0x000000070e300000| Complete 
| 204|0x000000070e400000, 0x000000070e500000, 0x000000070e500000|100%| S|CS|TAMS 0x000000070e400000, 0x000000070e400000| Complete 
| 205|0x000000070e500000, 0x000000070e600000, 0x000000070e600000|100%| S|CS|TAMS 0x000000070e500000, 0x000000070e500000| Complete 
| 206|0x000000070e600000, 0x000000070e700000, 0x000000070e700000|100%| S|CS|TAMS 0x000000070e600000, 0x000000070e600000| Complete 
| 207|0x000000070e700000, 0x000000070e700000, 0x000000070e800000|  0%| F|  |TAMS 0x000000070e700000, 0x000000070e700000| Untracked 
| 208|0x000000070e800000, 0x000000070e800000, 0x000000070e900000|  0%| F|  |TAMS 0x000000070e800000, 0x000000070e800000| Untracked 
| 209|0x000000070e900000, 0x000000070e900000, 0x000000070ea00000|  0%| F|  |TAMS 0x000000070e900000, 0x000000070e900000| Untracked 
| 210|0x000000070ea00000, 0x000000070ea00000, 0x000000070eb00000|  0%| F|  |TAMS 0x000000070ea00000, 0x000000070ea00000| Untracked 
| 211|0x000000070eb00000, 0x000000070eb00000, 0x000000070ec00000|  0%| F|  |TAMS 0x000000070eb00000, 0x000000070eb00000| Untracked 
| 212|0x000000070ec00000, 0x000000070ec00000, 0x000000070ed00000|  0%| F|  |TAMS 0x000000070ec00000, 0x000000070ec00000| Untracked 
| 213|0x000000070ed00000, 0x000000070ed00000, 0x000000070ee00000|  0%| F|  |TAMS 0x000000070ed00000, 0x000000070ed00000| Untracked 
| 214|0x000000070ee00000, 0x000000070ee00000, 0x000000070ef00000|  0%| F|  |TAMS 0x000000070ee00000, 0x000000070ee00000| Untracked 
| 215|0x000000070ef00000, 0x000000070ef00000, 0x000000070f000000|  0%| F|  |TAMS 0x000000070ef00000, 0x000000070ef00000| Untracked 
| 216|0x000000070f000000, 0x000000070f000000, 0x000000070f100000|  0%| F|  |TAMS 0x000000070f000000, 0x000000070f000000| Untracked 
| 217|0x000000070f100000, 0x000000070f100000, 0x000000070f200000|  0%| F|  |TAMS 0x000000070f100000, 0x000000070f100000| Untracked 
| 218|0x000000070f200000, 0x000000070f200000, 0x000000070f300000|  0%| F|  |TAMS 0x000000070f200000, 0x000000070f200000| Untracked 
| 219|0x000000070f300000, 0x000000070f300000, 0x000000070f400000|  0%| F|  |TAMS 0x000000070f300000, 0x000000070f300000| Untracked 
| 220|0x000000070f400000, 0x000000070f400000, 0x000000070f500000|  0%| F|  |TAMS 0x000000070f400000, 0x000000070f400000| Untracked 
| 221|0x000000070f500000, 0x000000070f500000, 0x000000070f600000|  0%| F|  |TAMS 0x000000070f500000, 0x000000070f500000| Untracked 
| 222|0x000000070f600000, 0x000000070f600000, 0x000000070f700000|  0%| F|  |TAMS 0x000000070f600000, 0x000000070f600000| Untracked 
| 223|0x000000070f700000, 0x000000070f700000, 0x000000070f800000|  0%| F|  |TAMS 0x000000070f700000, 0x000000070f700000| Untracked 
| 224|0x000000070f800000, 0x000000070f800000, 0x000000070f900000|  0%| F|  |TAMS 0x000000070f800000, 0x000000070f800000| Untracked 
| 225|0x000000070f900000, 0x000000070f900000, 0x000000070fa00000|  0%| F|  |TAMS 0x000000070f900000, 0x000000070f900000| Untracked 
| 226|0x000000070fa00000, 0x000000070fa00000, 0x000000070fb00000|  0%| F|  |TAMS 0x000000070fa00000, 0x000000070fa00000| Untracked 
| 227|0x000000070fb00000, 0x000000070fb00000, 0x000000070fc00000|  0%| F|  |TAMS 0x000000070fb00000, 0x000000070fb00000| Untracked 
| 228|0x000000070fc00000, 0x000000070fc00000, 0x000000070fd00000|  0%| F|  |TAMS 0x000000070fc00000, 0x000000070fc00000| Untracked 
| 229|0x000000070fd00000, 0x000000070fd00000, 0x000000070fe00000|  0%| F|  |TAMS 0x000000070fd00000, 0x000000070fd00000| Untracked 
| 230|0x000000070fe00000, 0x000000070fe00000, 0x000000070ff00000|  0%| F|  |TAMS 0x000000070fe00000, 0x000000070fe00000| Untracked 
| 231|0x000000070ff00000, 0x000000070ff00000, 0x0000000710000000|  0%| F|  |TAMS 0x000000070ff00000, 0x000000070ff00000| Untracked 
| 232|0x0000000710000000, 0x0000000710000000, 0x0000000710100000|  0%| F|  |TAMS 0x0000000710000000, 0x0000000710000000| Untracked 
| 233|0x0000000710100000, 0x0000000710100000, 0x0000000710200000|  0%| F|  |TAMS 0x0000000710100000, 0x0000000710100000| Untracked 
| 234|0x0000000710200000, 0x0000000710200000, 0x0000000710300000|  0%| F|  |TAMS 0x0000000710200000, 0x0000000710200000| Untracked 
| 235|0x0000000710300000, 0x0000000710300000, 0x0000000710400000|  0%| F|  |TAMS 0x0000000710300000, 0x0000000710300000| Untracked 
| 236|0x0000000710400000, 0x0000000710480800, 0x0000000710500000| 50%| E|  |TAMS 0x0000000710400000, 0x0000000710400000| Complete 
| 237|0x0000000710500000, 0x0000000710600000, 0x0000000710600000|100%| E|CS|TAMS 0x0000000710500000, 0x0000000710500000| Complete 
| 238|0x0000000710600000, 0x0000000710700000, 0x0000000710700000|100%| E|CS|TAMS 0x0000000710600000, 0x0000000710600000| Complete 
| 239|0x0000000710700000, 0x0000000710800000, 0x0000000710800000|100%| E|CS|TAMS 0x0000000710700000, 0x0000000710700000| Complete 
| 240|0x0000000710800000, 0x0000000710900000, 0x0000000710900000|100%| E|CS|TAMS 0x0000000710800000, 0x0000000710800000| Complete 
| 241|0x0000000710900000, 0x0000000710a00000, 0x0000000710a00000|100%| E|CS|TAMS 0x0000000710900000, 0x0000000710900000| Complete 
| 242|0x0000000710a00000, 0x0000000710b00000, 0x0000000710b00000|100%| E|CS|TAMS 0x0000000710a00000, 0x0000000710a00000| Complete 
| 243|0x0000000710b00000, 0x0000000710c00000, 0x0000000710c00000|100%| E|CS|TAMS 0x0000000710b00000, 0x0000000710b00000| Complete 
| 244|0x0000000710c00000, 0x0000000710d00000, 0x0000000710d00000|100%| E|CS|TAMS 0x0000000710c00000, 0x0000000710c00000| Complete 
| 245|0x0000000710d00000, 0x0000000710e00000, 0x0000000710e00000|100%| E|CS|TAMS 0x0000000710d00000, 0x0000000710d00000| Complete 
| 246|0x0000000710e00000, 0x0000000710f00000, 0x0000000710f00000|100%| E|CS|TAMS 0x0000000710e00000, 0x0000000710e00000| Complete 
| 247|0x0000000710f00000, 0x0000000711000000, 0x0000000711000000|100%| E|CS|TAMS 0x0000000710f00000, 0x0000000710f00000| Complete 
| 248|0x0000000711000000, 0x0000000711100000, 0x0000000711100000|100%| E|CS|TAMS 0x0000000711000000, 0x0000000711000000| Complete 
| 249|0x0000000711100000, 0x0000000711200000, 0x0000000711200000|100%| E|CS|TAMS 0x0000000711100000, 0x0000000711100000| Complete 
| 250|0x0000000711200000, 0x0000000711300000, 0x0000000711300000|100%| E|CS|TAMS 0x0000000711200000, 0x0000000711200000| Complete 
| 251|0x0000000711300000, 0x0000000711400000, 0x0000000711400000|100%| E|CS|TAMS 0x0000000711300000, 0x0000000711300000| Complete 
| 252|0x0000000711400000, 0x0000000711500000, 0x0000000711500000|100%| E|CS|TAMS 0x0000000711400000, 0x0000000711400000| Complete 
| 253|0x0000000711500000, 0x0000000711600000, 0x0000000711600000|100%| E|CS|TAMS 0x0000000711500000, 0x0000000711500000| Complete 
| 254|0x0000000711600000, 0x0000000711700000, 0x0000000711700000|100%| E|CS|TAMS 0x0000000711600000, 0x0000000711600000| Complete 
| 255|0x0000000711700000, 0x0000000711800000, 0x0000000711800000|100%| E|CS|TAMS 0x0000000711700000, 0x0000000711700000| Complete 

Card table byte_map: [0x000001bb18370000,0x000001bb18b70000] _byte_map_base: 0x000001bb14b64000

Marking Bits (Prev, Next): (CMBitMap*) 0x000001bb00895dc8, (CMBitMap*) 0x000001bb00895e00
 Prev Bits: [0x000001bb19370000, 0x000001bb1d310000)
 Next Bits: [0x000001bb1d310000, 0x000001bb212b0000)

Polling page: 0x000001bb00000000

Metaspace:

Usage:
  Non-class:     36.33 MB capacity,    35.76 MB ( 98%) used,   463.97 KB (  1%) free+waste,   120.63 KB ( <1%) overhead. 
      Class:      5.14 MB capacity,     4.76 MB ( 93%) used,   328.12 KB (  6%) free+waste,    56.00 KB (  1%) overhead. 
       Both:     41.46 MB capacity,    40.52 MB ( 98%) used,   792.09 KB (  2%) free+waste,   176.63 KB ( <1%) overhead. 

Virtual space:
  Non-class space:       38.00 MB reserved,      36.50 MB ( 96%) committed 
      Class space:        1.00 GB reserved,       5.20 MB ( <1%) committed 
             Both:        1.04 GB reserved,      41.70 MB (  4%) committed 

Chunk freelists:
   Non-Class:  6.25 KB
       Class:  2.63 KB
        Both:  8.88 KB

CodeHeap 'non-profiled nmethods': size=120064Kb used=1878Kb max_used=1878Kb free=118185Kb
 bounds [0x000001bb10630000, 0x000001bb108a0000, 0x000001bb17b70000]
CodeHeap 'profiled nmethods': size=120000Kb used=7919Kb max_used=7919Kb free=112081Kb
 bounds [0x000001bb09100000, 0x000001bb098c0000, 0x000001bb10630000]
CodeHeap 'non-nmethods': size=5696Kb used=1183Kb max_used=1221Kb free=4512Kb
 bounds [0x000001bb08b70000, 0x000001bb08de0000, 0x000001bb09100000]
 total_blobs=4917 nmethods=3423 adapters=424
 compilation: enabled
              stopped_count=0, restarted_count=0
 full_count=0

Compilation events (10 events):
Event: 6.956 Thread 0x000001bb28787800 3542       4       sun.security.provider.MD5::HH (29 bytes)
Event: 6.956 Thread 0x000001bb28787800 nmethod 3542 0x000001bb107fb290 code [0x000001bb107fb420, 0x000001bb107fb498]
Event: 6.963 Thread 0x000001bb240c8800 3544       3       com.sun.crypto.provider.AESCrypt::mul4 (181 bytes)
Event: 6.963 Thread 0x000001bb240c8800 nmethod 3544 0x000001bb098bb010 code [0x000001bb098bb280, 0x000001bb098bbe78]
Event: 6.971 Thread 0x000001bb240c8800 3545       3       sun.security.provider.ByteArrayAccess::i2bBig4 (111 bytes)
Event: 6.972 Thread 0x000001bb240c8800 nmethod 3545 0x000001bb098bc410 code [0x000001bb098bc5e0, 0x000001bb098bc930]
Event: 6.972 Thread 0x000001bb240c8800 3546       3       java.util.LinkedHashMap$LinkedEntrySet::iterator (12 bytes)
Event: 6.973 Thread 0x000001bb240c8800 nmethod 3546 0x000001bb098bca90 code [0x000001bb098bcc60, 0x000001bb098bd098]
Event: 6.973 Thread 0x000001bb240c8800 3547       3       java.util.LinkedHashMap$LinkedEntryIterator::<init> (11 bytes)
Event: 6.973 Thread 0x000001bb240c8800 nmethod 3547 0x000001bb098bd210 code [0x000001bb098bd3e0, 0x000001bb098bd778]

GC Heap History (8 events):
Event: 1.259 GC heap before
{Heap before GC invocations=0 (full 0):
 garbage-first heap   total 262144K, used 13312K [0x0000000701800000, 0x0000000800000000)
  region size 1024K, 14 young (14336K), 0 survivors (0K)
 Metaspace       used 10600K, capacity 10737K, committed 10752K, reserved 1058816K
  class space    used 995K, capacity 1023K, committed 1024K, reserved 1048576K
}
Event: 1.314 GC heap after
{Heap after GC invocations=1 (full 0):
 garbage-first heap   total 262144K, used 3971K [0x0000000701800000, 0x0000000800000000)
  region size 1024K, 2 young (2048K), 2 survivors (2048K)
 Metaspace       used 10600K, capacity 10737K, committed 10752K, reserved 1058816K
  class space    used 995K, capacity 1023K, committed 1024K, reserved 1048576K
}
Event: 2.403 GC heap before
{Heap before GC invocations=1 (full 0):
 garbage-first heap   total 262144K, used 44931K [0x0000000701800000, 0x0000000800000000)
  region size 1024K, 43 young (44032K), 2 survivors (2048K)
 Metaspace       used 20739K, capacity 21217K, committed 21248K, reserved 1069056K
  class space    used 2370K, capacity 2548K, committed 2560K, reserved 1048576K
}
Event: 2.415 GC heap after
{Heap after GC invocations=2 (full 0):
 garbage-first heap   total 262144K, used 6245K [0x0000000701800000, 0x0000000800000000)
  region size 1024K, 5 young (5120K), 5 survivors (5120K)
 Metaspace       used 20739K, capacity 21217K, committed 21248K, reserved 1069056K
  class space    used 2370K, capacity 2548K, committed 2560K, reserved 1048576K
}
Event: 3.742 GC heap before
{Heap before GC invocations=3 (full 0):
 garbage-first heap   total 262144K, used 43109K [0x0000000701800000, 0x0000000800000000)
  region size 1024K, 42 young (43008K), 5 survivors (5120K)
 Metaspace       used 26872K, capacity 27494K, committed 27772K, reserved 1073152K
  class space    used 3104K, capacity 3361K, committed 3452K, reserved 1048576K
}
Event: 3.751 GC heap after
{Heap after GC invocations=4 (full 0):
 garbage-first heap   total 262144K, used 7983K [0x0000000701800000, 0x0000000800000000)
  region size 1024K, 4 young (4096K), 4 survivors (4096K)
 Metaspace       used 26872K, capacity 27494K, committed 27772K, reserved 1073152K
  class space    used 3104K, capacity 3361K, committed 3452K, reserved 1048576K
}
Event: 6.300 GC heap before
{Heap before GC invocations=4 (full 0):
 garbage-first heap   total 262144K, used 53039K [0x0000000701800000, 0x0000000800000000)
  region size 1024K, 49 young (50176K), 4 survivors (4096K)
 Metaspace       used 35063K, capacity 35916K, committed 36048K, reserved 1081344K
  class space    used 4114K, capacity 4468K, committed 4560K, reserved 1048576K
}
Event: 6.316 GC heap after
{Heap after GC invocations=5 (full 0):
 garbage-first heap   total 262144K, used 11143K [0x0000000701800000, 0x0000000800000000)
  region size 1024K, 5 young (5120K), 5 survivors (5120K)
 Metaspace       used 35063K, capacity 35916K, committed 36048K, reserved 1081344K
  class space    used 4114K, capacity 4468K, committed 4560K, reserved 1048576K
}

Deoptimization events (10 events):
Event: 6.709 Thread 0x000001bb00832000 Uncommon trap: reason=unstable_if action=reinterpret pc=0x000001bb107a2f60 method=java.net.URI.match(CJJ)Z @ 45 c2
Event: 6.717 Thread 0x000001bb00832000 Uncommon trap: reason=unstable_if action=reinterpret pc=0x000001bb1068b8a0 method=java.lang.CharacterDataLatin1.isWhitespace(I)Z @ 14 c2
Event: 6.744 Thread 0x000001bb00832000 Uncommon trap: reason=null_assert_or_unreached0 action=make_not_entrant pc=0x000001bb10762c7c method=java.security.CodeSource.getCertificates()[Ljava/security/cert/Certificate; @ 22 c2
Event: 6.755 Thread 0x000001bb00832000 Uncommon trap: reason=unstable_if action=reinterpret pc=0x000001bb1079b5ec method=java.lang.String.valueOf(Ljava/lang/Object;)Ljava/lang/String; @ 1 c2
Event: 6.797 Thread 0x000001bb00832000 Uncommon trap: reason=unstable_if action=reinterpret pc=0x000001bb1076e89c method=sun.net.www.ParseUtil.encodePath(Ljava/lang/String;Z)Ljava/lang/String; @ 1 c2
Event: 6.842 Thread 0x000001bb00832000 Uncommon trap: reason=bimorphic_or_optimized_type_check action=maybe_recompile pc=0x000001bb106cef6c method=java.net.URL.<init>(Ljava/net/URL;Ljava/lang/String;Ljava/net/URLStreamHandler;)V @ 504 c2
Event: 6.842 Thread 0x000001bb00832000 Uncommon trap: reason=unstable_if action=reinterpret pc=0x000001bb107ab95c method=java.net.URLStreamHandler.parseURL(Ljava/net/URL;Ljava/lang/String;II)V @ 155 c2
Event: 6.842 Thread 0x000001bb00832000 Uncommon trap: reason=unstable_if action=reinterpret pc=0x000001bb106fcf70 method=sun.net.util.IPAddressUtil.scan(Ljava/lang/String;JJ[C)I @ 14 c2
Event: 6.905 Thread 0x000001bb00832000 Uncommon trap: reason=unstable_if action=reinterpret pc=0x000001bb1072441c method=java.util.HashMap.putVal(ILjava/lang/Object;Ljava/lang/Object;ZZ)Ljava/lang/Object; @ 162 c2
Event: 6.906 Thread 0x000001bb00832000 Uncommon trap: reason=unstable_if action=reinterpret pc=0x000001bb107f8c30 method=java.util.regex.Pattern$SliceI.match(Ljava/util/regex/Matcher;ILjava/lang/CharSequence;)Z @ 29 c2

Classes redefined (0 events):
No events

Internal exceptions (10 events):
Event: 6.253 Thread 0x000001bb00832000 Exception <a 'java/lang/ClassNotFoundException'{0x000000070e846420}: org/springframework/context/ApplicationContextAwareCustomizer> (0x000000070e846420) thrown at [t:/workspace/open/src/hotspot/share/classfile/systemDictionary.cpp, line 231]
Event: 6.253 Thread 0x000001bb00832000 Exception <a 'java/lang/ClassNotFoundException'{0x000000070e84dff0}: org/springframework/beans/factory/AwareCustomizer> (0x000000070e84dff0) thrown at [t:/workspace/open/src/hotspot/share/classfile/systemDictionary.cpp, line 231]
Event: 6.254 Thread 0x000001bb00832000 Exception <a 'java/lang/ClassNotFoundException'{0x000000070e854fe0}: org/springframework/web/context/ServletContextAwareCustomizer> (0x000000070e854fe0) thrown at [t:/workspace/open/src/hotspot/share/classfile/systemDictionary.cpp, line 231]
Event: 6.254 Thread 0x000001bb00832000 Exception <a 'java/lang/ClassNotFoundException'{0x000000070e85c688}: org/springframework/beans/factory/AwareCustomizer> (0x000000070e85c688) thrown at [t:/workspace/open/src/hotspot/share/classfile/systemDictionary.cpp, line 231]
Event: 6.414 Thread 0x000001bb00832000 Exception <a 'java/lang/NoSuchMethodError'{0x00000007116f9968}: java.lang.invoke.DirectMethodHandle$Holder.invokeVirtual(Ljava/lang/Object;Ljava/lang/Object;I)V> (0x00000007116f9968) thrown at [t:/workspace/open/src/hotspot/share/interpreter/linkResolver.
Event: 6.553 Thread 0x000001bb00832000 Exception <a 'java/lang/NoSuchMethodError'{0x00000007111b2f10}: java.lang.invoke.DirectMethodHandle$Holder.invokeInterface(Ljava/lang/Object;Ljava/lang/Object;Ljava/lang/Object;)Ljava/lang/Object;> (0x00000007111b2f10) thrown at [t:/workspace/open/src/hot
Event: 6.554 Thread 0x000001bb00832000 Exception <a 'java/lang/IncompatibleClassChangeError'{0x00000007111b5e98}: Found class java.lang.Object, but interface was expected> (0x00000007111b5e98) thrown at [t:/workspace/open/src/hotspot/share/interpreter/linkResolver.cpp, line 838]
Event: 6.588 Thread 0x000001bb00832000 Exception <a 'java/lang/NoSuchMethodError'{0x00000007110ce220}: java.lang.invoke.DirectMethodHandle$Holder.invokeStaticInit(Ljava/lang/Object;Ljava/lang/Object;Ljava/lang/Object;Ljava/lang/Object;)I> (0x00000007110ce220) thrown at [t:/workspace/open/src/h
Event: 6.755 Thread 0x000001bb00832000 Implicit null exception at 0x000001bb1079b5ac to 0x000001bb1079b5de
Event: 6.836 Thread 0x000001bb00832000 Exception <a 'sun/nio/fs/WindowsException'{0x0000000710637b68}> (0x0000000710637b68) thrown at [t:/workspace/open/src/hotspot/share/prims/jni.cpp, line 615]

Events (10 events):
Event: 6.966 loading class com/sun/crypto/provider/CipherBlockChaining
Event: 6.966 loading class com/sun/crypto/provider/CipherBlockChaining done
Event: 6.966 loading class sun/security/util/ArrayUtil
Event: 6.966 loading class sun/security/util/ArrayUtil done
Event: 6.970 loading class sun/security/ssl/SSLCipher$T10BlockReadCipherGenerator$BlockReadCipher
Event: 6.971 loading class sun/security/ssl/SSLCipher$T10BlockReadCipherGenerator$BlockReadCipher done
Event: 6.971 loading class java/lang/StrictMath
Event: 6.971 loading class java/lang/StrictMath done
Event: 6.972 loading class com/microsoft/sqlserver/jdbc/AuthenticationJNI
Event: 6.972 loading class com/microsoft/sqlserver/jdbc/AuthenticationJNI done


Dynamic libraries:
0x00007ff694760000 - 0x00007ff6947a7000 	C:\Program Files\Java\jdk-11.0.4\bin\java.exe
0x00007ffa60a00000 - 0x00007ffa60be1000 	C:\WINDOWS\SYSTEM32\ntdll.dll
0x00007ffa60840000 - 0x00007ffa608f1000 	C:\WINDOWS\System32\KERNEL32.DLL
0x00007ffa5dc00000 - 0x00007ffa5de73000 	C:\WINDOWS\System32\KERNELBASE.dll
0x00007ffa5fc30000 - 0x00007ffa5fcd1000 	C:\WINDOWS\System32\ADVAPI32.dll
0x00007ffa5fb90000 - 0x00007ffa5fc2e000 	C:\WINDOWS\System32\msvcrt.dll
0x00007ffa5f720000 - 0x00007ffa5f77b000 	C:\WINDOWS\System32\sechost.dll
0x00007ffa605e0000 - 0x00007ffa60704000 	C:\WINDOWS\System32\RPCRT4.dll
0x00007ffa5f790000 - 0x00007ffa5f920000 	C:\WINDOWS\System32\USER32.dll
0x00007ffa5d1a0000 - 0x00007ffa5d1c0000 	C:\WINDOWS\System32\win32u.dll
0x00007ffa60100000 - 0x00007ffa60128000 	C:\WINDOWS\System32\GDI32.dll
0x00007ffa5d220000 - 0x00007ffa5d3b1000 	C:\WINDOWS\System32\gdi32full.dll
0x00007ffa5d100000 - 0x00007ffa5d19f000 	C:\WINDOWS\System32\msvcp_win.dll
0x00007ffa5d000000 - 0x00007ffa5d0f8000 	C:\WINDOWS\System32\ucrtbase.dll
0x00007ffa51750000 - 0x00007ffa519b9000 	C:\WINDOWS\WinSxS\amd64_microsoft.windows.common-controls_6595b64144ccf1df_6.0.17134.1246_none_d3ffb9d77c90723d\COMCTL32.dll
0x00007ffa602b0000 - 0x00007ffa605d1000 	C:\WINDOWS\System32\combase.dll
0x00007ffa5d470000 - 0x00007ffa5d4e9000 	C:\WINDOWS\System32\bcryptPrimitives.dll
0x00007ffa55340000 - 0x00007ffa5534a000 	C:\WINDOWS\SYSTEM32\VERSION.dll
0x00007ffa5fb60000 - 0x00007ffa5fb8d000 	C:\WINDOWS\System32\IMM32.DLL
0x00007ffa51080000 - 0x00007ffa51096000 	C:\Program Files\Java\jdk-11.0.4\bin\vcruntime140.dll
0x00007ffa45880000 - 0x00007ffa4592a000 	C:\Program Files\Java\jdk-11.0.4\bin\msvcp140.dll
0x00007ffa0b5f0000 - 0x00007ffa0c117000 	C:\Program Files\Java\jdk-11.0.4\bin\server\jvm.dll
0x00007ffa5f780000 - 0x00007ffa5f788000 	C:\WINDOWS\System32\PSAPI.DLL
0x00007ffa48080000 - 0x00007ffa48089000 	C:\WINDOWS\SYSTEM32\WSOCK32.dll
0x00007ffa60770000 - 0x00007ffa607dc000 	C:\WINDOWS\System32\WS2_32.dll
0x00007ffa4f930000 - 0x00007ffa4f953000 	C:\WINDOWS\SYSTEM32\WINMM.dll
0x00007ffa4f900000 - 0x00007ffa4f92a000 	C:\WINDOWS\SYSTEM32\WINMMBASE.dll
0x00007ffa5cdc0000 - 0x00007ffa5ce09000 	C:\WINDOWS\System32\cfgmgr32.dll
0x00007ffa5cd30000 - 0x00007ffa5cd41000 	C:\WINDOWS\System32\kernel.appcore.dll
0x00007ffa46130000 - 0x00007ffa46141000 	C:\Program Files\Java\jdk-11.0.4\bin\verify.dll
0x00007ffa5b6a0000 - 0x00007ffa5b869000 	C:\WINDOWS\SYSTEM32\DBGHELP.DLL
0x00007ffa56b30000 - 0x00007ffa56b59000 	C:\WINDOWS\SYSTEM32\dbgcore.DLL
0x00007ffa46100000 - 0x00007ffa46129000 	C:\Program Files\Java\jdk-11.0.4\bin\java.dll
0x00007ffa45de0000 - 0x00007ffa45e0f000 	C:\Program Files\Java\jdk-11.0.4\bin\instrument.dll
0x00007ffa46020000 - 0x00007ffa46036000 	C:\Program Files\Java\jdk-11.0.4\bin\zip.dll
0x00007ffa51070000 - 0x00007ffa5107a000 	C:\Program Files\Java\jdk-11.0.4\bin\jimage.dll
0x00007ffa5de80000 - 0x00007ffa5f2c5000 	C:\WINDOWS\System32\SHELL32.dll
0x00007ffa5f930000 - 0x00007ffa5f9d9000 	C:\WINDOWS\System32\shcore.dll
0x00007ffa5d4f0000 - 0x00007ffa5dc00000 	C:\WINDOWS\System32\windows.storage.dll
0x00007ffa607e0000 - 0x00007ffa60831000 	C:\WINDOWS\System32\shlwapi.dll
0x00007ffa5cda0000 - 0x00007ffa5cdbf000 	C:\WINDOWS\System32\profapi.dll
0x00007ffa5cd50000 - 0x00007ffa5cd9c000 	C:\WINDOWS\System32\powrprof.dll
0x00007ffa5cd00000 - 0x00007ffa5cd0a000 	C:\WINDOWS\System32\FLTLIB.DLL
0x00007ffa45dc0000 - 0x00007ffa45dd9000 	C:\Program Files\Java\jdk-11.0.4\bin\net.dll
0x00007ffa58440000 - 0x00007ffa5851d000 	C:\WINDOWS\SYSTEM32\WINHTTP.dll
0x00007ffa50a40000 - 0x00007ffa50c0a000 	C:\WINDOWS\SYSTEM32\urlmon.dll
0x00007ffa50700000 - 0x00007ffa509a7000 	C:\WINDOWS\SYSTEM32\iertutil.dll
0x00007ffa5c690000 - 0x00007ffa5c69b000 	C:\WINDOWS\SYSTEM32\CRYPTBASE.DLL
0x00007ffa5c4d0000 - 0x00007ffa5c536000 	C:\WINDOWS\system32\mswsock.dll
0x00007ffa45da0000 - 0x00007ffa45db3000 	C:\Program Files\Java\jdk-11.0.4\bin\nio.dll
0x00007ffa45ca0000 - 0x00007ffa45cba000 	D:\IntelliJ\IntelliJ IDEA 2019.2\bin\breakgen64.dll
0x00007ffa51040000 - 0x00007ffa51049000 	C:\Program Files\Java\jdk-11.0.4\bin\management.dll
0x00007ffa50520000 - 0x00007ffa5052c000 	C:\Program Files\Java\jdk-11.0.4\bin\management_ext.dll
0x00007ffa53fb0000 - 0x00007ffa53fc6000 	C:\WINDOWS\system32\napinsp.dll
0x00007ffa54060000 - 0x00007ffa5407a000 	C:\WINDOWS\system32\pnrpnsp.dll
0x00007ffa56d00000 - 0x00007ffa56d19000 	C:\WINDOWS\system32\NLAapi.dll
0x00007ffa5c270000 - 0x00007ffa5c32e000 	C:\WINDOWS\SYSTEM32\DNSAPI.dll
0x00007ffa600f0000 - 0x00007ffa600f8000 	C:\WINDOWS\System32\NSI.dll
0x00007ffa5c230000 - 0x00007ffa5c268000 	C:\WINDOWS\SYSTEM32\IPHLPAPI.DLL
0x00007ffa54420000 - 0x00007ffa5442e000 	C:\WINDOWS\System32\winrnr.dll
0x00007ffa57fd0000 - 0x00007ffa57fe5000 	C:\WINDOWS\System32\wshbth.dll
0x00007ffa55400000 - 0x00007ffa5540a000 	C:\Windows\System32\rasadhlp.dll
0x00007ffa55360000 - 0x00007ffa553d2000 	C:\WINDOWS\System32\fwpuclnt.dll
0x00007ffa5c860000 - 0x00007ffa5c885000 	C:\WINDOWS\SYSTEM32\bcrypt.dll
0x0000000180000000 - 0x0000000180282000 	D:\apache-tomcat-9.0.22\bin\tcnative-1.dll
0x00007ffa5ce10000 - 0x00007ffa5cff2000 	C:\WINDOWS\System32\CRYPT32.dll
0x00007ffa5cd10000 - 0x00007ffa5cd22000 	C:\WINDOWS\System32\MSASN1.dll
0x00007ffa5c740000 - 0x00007ffa5c757000 	C:\WINDOWS\SYSTEM32\CRYPTSP.dll
0x00007ffa5c090000 - 0x00007ffa5c0c3000 	C:\WINDOWS\system32\rsaenh.dll
0x00007ffa5cc00000 - 0x00007ffa5cc28000 	C:\WINDOWS\SYSTEM32\USERENV.dll
0x00007ffa59210000 - 0x00007ffa59226000 	C:\WINDOWS\SYSTEM32\dhcpcsvc6.DLL
0x00007ffa591f0000 - 0x00007ffa5920a000 	C:\WINDOWS\SYSTEM32\dhcpcsvc.DLL
0x00007ffa59230000 - 0x00007ffa5923b000 	C:\WINDOWS\SYSTEM32\WINNSI.DLL
0x00007ffa457b0000 - 0x00007ffa457d7000 	C:\Program Files\Java\jdk-11.0.4\bin\sunec.dll
0x00007ffa45760000 - 0x00007ffa457ab000 	C:\Program Files\Java\jdk-11.0.4\bin\sqljdbc_auth.dll
0x00007ffa60150000 - 0x00007ffa602a1000 	C:\WINDOWS\System32\ole32.dll
0x00007ffa4f8f0000 - 0x00007ffa4f8fc000 	C:\WINDOWS\system32\secur32.dll
0x00007ffa5cc30000 - 0x00007ffa5cc60000 	C:\WINDOWS\SYSTEM32\SSPICLI.DLL
0x00007ffa5c5a0000 - 0x00007ffa5c68a000 	C:\WINDOWS\system32\kerberos.DLL
0x00007ffa5c460000 - 0x00007ffa5c4d0000 	C:\WINDOWS\system32\msv1_0.DLL
0x00007ffa5c790000 - 0x00007ffa5c79d000 	C:\WINDOWS\SYSTEM32\NtlmShared.dll
0x00007ffa5c760000 - 0x00007ffa5c774000 	C:\WINDOWS\SYSTEM32\cryptdll.dll
0x00007ffa4c120000 - 0x00007ffa4c148000 	C:\WINDOWS\system32\ntdsapi.dll

dbghelp: loaded successfully - version: 4.0.5 - missing functions: none
symbol engine: initialized successfully - sym options: 0x614 - pdb path: .;C:\Program Files\Java\jdk-11.0.4\bin;C:\WINDOWS\SYSTEM32;C:\WINDOWS\WinSxS\amd64_microsoft.windows.common-controls_6595b64144ccf1df_6.0.17134.1246_none_d3ffb9d77c90723d;C:\Program Files\Java\jdk-11.0.4\bin\server;D:\IntelliJ\IntelliJ IDEA 2019.2\bin;D:\apache-tomcat-9.0.22\bin

VM Arguments:
jvm_args: -javaagent:D:\IntelliJ\IntelliJ IDEA 2019.2\lib\idea_rt.jar=54755:D:\IntelliJ\IntelliJ IDEA 2019.2\bin -Dfile.encoding=UTF-8 
java_command: com.example.filedemo.FileDemoApplication
java_class_path (initial): D:\MyProjects\files\oryginal\spring-boot-file-upload-download-rest-api-example\target\classes;C:\Users\k.formela\.m2\repository\org\springframework\boot\spring-boot-starter-web\2.2.1.RELEASE\spring-boot-starter-web-2.2.1.RELEASE.jar;C:\Users\k.formela\.m2\repository\org\springframework\boot\spring-boot-starter\2.2.1.RELEASE\spring-boot-starter-2.2.1.RELEASE.jar;C:\Users\k.formela\.m2\repository\org\springframework\boot\spring-boot\2.2.1.RELEASE\spring-boot-2.2.1.RELEASE.jar;C:\Users\k.formela\.m2\repository\org\springframework\boot\spring-boot-autoconfigure\2.2.1.RELEASE\spring-boot-autoconfigure-2.2.1.RELEASE.jar;C:\Users\k.formela\.m2\repository\org\springframework\boot\spring-boot-starter-logging\2.2.1.RELEASE\spring-boot-starter-logging-2.2.1.RELEASE.jar;C:\Users\k.formela\.m2\repository\ch\qos\logback\logback-classic\1.2.3\logback-classic-1.2.3.jar;C:\Users\k.formela\Downloads\sqljdbc4-2.0.jar;C:\Users\k.formela\.m2\repository\ch\qos\logback\logback-core\1.2.3\logback-core-1.2.3.jar;C:\Users\k.formela\.m2\repository\org\apache\logging\log4j\log4j-to-slf4j\2.12.1\log4j-to-slf4j-2.12.1.jar;C:\Users\k.formela\.m2\repository\org\apache\logging\log4j\log4j-api\2.12.1\log4j-api-2.12.1.jar;C:\Users\k.formela\.m2\repository\org\slf4j\jul-to-slf4j\1.7.29\jul-to-slf4j-1.7.29.jar;C:\Users\k.formela\.m2\repository\jakarta\annotation\jakarta.annotation-api\1.3.5\jakarta.annotation-api-1.3.5.jar;C:\Users\k.formela\.m2\repository\org\yaml\snakeyaml\1.25\snakeyaml-1.25.jar;C:\Users\k.formela\.m2\repository\org\springframework\boot\spring-boot-starter-json\2.2.1.RELEASE\spring-boot-starter-json-2.2.1.RELEASE.jar;C:\Users\k.formela\.m2\repository\com\fasterxml\jackson\core\jackson-databind\2.10.0\jackson-databind-2.10.0.jar;C:\Users\k.formela\.m2\repository\com\fasterxml\jackson\core\jackson-annotations\2.10.0\jackson-annotations-2.10.0.jar;C:\Users\k.formela\.m2\repository\com\fasterxml\jackson\core\jackson-core\2.10.0\jackson-core-2.10.0.jar;C:\Use
Launcher Type: SUN_STANDARD

[Global flags]
     intx CICompilerCount                          = 3                                         {product} {ergonomic}
     uint ConcGCThreads                            = 1                                         {product} {ergonomic}
     uint G1ConcRefinementThreads                  = 4                                         {product} {ergonomic}
   size_t G1HeapRegionSize                         = 1048576                                   {product} {ergonomic}
    uintx GCDrainStackTargetSize                   = 64                                        {product} {ergonomic}
   size_t InitialHeapSize                          = 268435456                                 {product} {ergonomic}
   size_t MarkStackSize                            = 4194304                                   {product} {ergonomic}
   size_t MaxHeapSize                              = 4269801472                                {product} {ergonomic}
   size_t MaxNewSize                               = 2561671168                                {product} {ergonomic}
   size_t MinHeapDeltaBytes                        = 1048576                                   {product} {ergonomic}
    uintx NonNMethodCodeHeapSize                   = 5830092                                {pd product} {ergonomic}
    uintx NonProfiledCodeHeapSize                  = 122914074                              {pd product} {ergonomic}
    uintx ProfiledCodeHeapSize                     = 122914074                              {pd product} {ergonomic}
    uintx ReservedCodeCacheSize                    = 251658240                              {pd product} {ergonomic}
     bool SegmentedCodeCache                       = true                                      {product} {ergonomic}
     bool UseCompressedClassPointers               = true                                 {lp64_product} {ergonomic}
     bool UseCompressedOops                        = true                                 {lp64_product} {ergonomic}
     bool UseG1GC                                  = true                                      {product} {ergonomic}
     bool UseLargePagesIndividualAllocation        = false                                  {pd product} {ergonomic}

Logging:
Log output configuration:
 #0: stdout all=warning uptime,level,tags
 #1: stderr all=off uptime,level,tags

Environment Variables:
JAVA_HOME=C:\Program Files\Java\jdk1.8.0_144
PATH=C:\Program Files (x86)\Common Files\Oracle\Java\javapath;C:\Program Files\Java\jdk1.8.0_144\bin;C:\Program Files\Microsoft MPI\Bin\;C:\PROGRA~2\COMMON~1\Oracle\Java\javapath;C:\PROGRA~3\Oracle\Java\javapath;C:\PROGRA~2\Intel\ICLSCL~1\;C:\PROGRA~1\Intel\ICLSCL~1\;C:\WINDOWS\system32;C:\WINDOWS;C:\WINDOWS\System32\Wbem;C:\WINDOWS\System32\WindowsPowerShell\v1.0\;C:\PROGRA~2\Intel\INTEL(~2\DAL;C:\PROGRA~1\Intel\INTEL(~3\DAL;C:\PROGRA~2\Intel\INTEL(~2\IPT;C:\PROGRA~1\Intel\INTEL(~3\IPT;C:\PROGRA~1\TORTOI~1\bin;C:\PROGRA~1\SlikSvn\bin;c:\PROGRA~2\MICROS~2.0\Common7\IDE\PRIVAT~1\;C:\PROGRA~2\SQLANY~1\bin64;C:\PROGRA~2\SQLANY~1\bin32;C:\PROGRA~2\Sybase\Shared\POWERB~1;C:\PROGRA~2\Sybase\POWERB~1.0;C:\PROGRA~1\TORTOI~2\bin;C:\PROGRA~2\WI3CF2~1\8.1\WINDOW~1\;C:\PROGRA~1\Git\cmd;C:\WINDOWS\System32\OpenSSH\;C:\PROGRA~1\Intel\WiFi\bin\;C:\PROGRA~1\COMMON~1\Intel\WIRELE~1\;C:\MongoDB\Server\3.6\bin;C:\Program Files\SlikSvn\bin;C:\protbuf\bin;C:\protweb;C:\Program Files\TortoiseGit\bin;C:\Program Files\Intel\WiFi\bin\;C:\Program Files\Common Files\Intel\WirelessCommon\;C:\Program Files\TortoiseSVN\bin;C:\apache-maven-3.6.2\bin;D:\apache-tomcat-9.0.22\bin;D:\node\;C:\Go\bin;C:\curl\curl-7.68.0-win64-mingw\bin;C:\Users\k.formela\AppData\Local\Programs\Python\Python37-32\Scripts\;C:\Users\k.formela\AppData\Local\Programs\Python\Python37-32\;C:\Users\k.formela\.windows-build-tools\python27\;C:\PROGRA~1\nodejs\node_modules\npm\node_modules\npm-lifecycle\node-gyp-bin;C:\Users\k.formela\AppData\Roaming\npm\node_modules\windows-build-tools\node_modules\.bin;C:\Users\k.formela\AppData\Roaming\npm\node_modules\.bin;C:\ProgramData\DockerDesktop\version-bin;C:\Program Files\Docker\Docker\Resources\bin;C:\PROGRA~2\COMMON~1\Oracle\Java\javapath;C:\PROGRA~3\Oracle\Java\javapath;C:\PROGRA~2\Intel\ICLSCL~1\;C:\PROGRA~1\Intel\ICLSCL~1\;C:\WINDOWS\system32;C:\WINDOWS;C:\WINDOWS\System32\Wbem;C:\WINDOWS\System32\WindowsPowerShell\v1.0\;C:\PROGRA~2\Intel\INTEL(~2\DAL;C:\PROGRA~1\Intel\INTEL(~3\DAL
USERNAME=k.formela
OS=Windows_NT
PROCESSOR_IDENTIFIER=Intel64 Family 6 Model 142 Stepping 9, GenuineIntel



---------------  S Y S T E M  ---------------

OS: Windows 10 , 64 bit Build 17134 (10.0.17134.753)

CPU:total 4 (initial active 4) (2 cores per cpu, 2 threads per core) family 6 model 142 stepping 9, cmov, cx8, fxsr, mmx, sse, sse2, sse3, ssse3, sse4.1, sse4.2, popcnt, avx, avx2, aes, clmul, erms, 3dnowpref, lzcnt, ht, tsc, tscinvbit, bmi1, bmi2, adx, fma

Memory: 4k page, system-wide physical 16282M (7904M free)
TotalPageFile size 19314M (AvailPageFile size 5966M)
current process WorkingSet (physical memory assigned to process): 181M, peak: 192M
current process commit charge ("private bytes"): 406M, peak: 420M

vm_info: Java HotSpot(TM) 64-Bit Server VM (11.0.4+10-LTS) for windows-amd64 JRE (11.0.4+10-LTS), built on Jul  4 2019 16:28:13 by "mach5one" with MS VC++ 15.5 (VS2017)

END.
