#
# A fatal error has been detected by the Java Runtime Environment:
#
#  EXCEPTION_ACCESS_VIOLATION (0xc0000005) at pc=0x00007ffa0b9c15ab, pid=4288, tid=6084
#
# JRE version: Java(TM) SE Runtime Environment (11.0.4+10) (build 11.0.4+10-LTS)
# Java VM: Java HotSpot(TM) 64-Bit Server VM (11.0.4+10-LTS, mixed mode, tiered, compressed oops, g1 gc, windows-amd64)
# Problematic frame:
# V  [jvm.dll+0x3d15ab]
#
# No core dump will be written. Minidumps are not enabled by default on client versions of Windows
#
# If you would like to submit a bug report, please visit:
#   http://bugreport.java.com/bugreport/crash.jsp
#

---------------  S U M M A R Y ------------

Command Line: -javaagent:D:\IntelliJ\IntelliJ IDEA Community Edition 2019.3.3\lib\idea_rt.jar=52384:D:\IntelliJ\IntelliJ IDEA Community Edition 2019.3.3\bin -Dfile.encoding=UTF-8 com.example.filedemo.FileDemoApplication

Host: Intel(R) Core(TM) i5-7200U CPU @ 2.50GHz, 4 cores, 15G,  Windows 10 , 64 bit Build 17134 (10.0.17134.753)
Time: Fri Feb 14 10:42:27 2020 ?rodkowoeuropejski czas stand. elapsed time: 7 seconds (0d 0h 0m 7s)

---------------  T H R E A D  ---------------

Current thread (0x00000186b6af2000):  JavaThread "main" [_thread_in_vm, id=6084, stack(0x0000005e67300000,0x0000005e67400000)]

Stack: [0x0000005e67300000,0x0000005e67400000],  sp=0x0000005e673fe4a0,  free space=1017k
Native frames: (J=compiled Java code, j=interpreted, Vv=VM code, C=native code)
V  [jvm.dll+0x3d15ab]
C  [sqljdbc_auth.dll+0x6777]

Java frames: (J=compiled Java code, j=interpreted, Vv=VM code)
j  com.microsoft.sqlserver.jdbc.AuthenticationJNI.SNISecGenClientContext([B[I[BI[B[I[ZLjava/lang/String;Ljava/lang/String;Ljava/lang/String;Ljava/util/logging/Logger;)I+0
j  com.microsoft.sqlserver.jdbc.AuthenticationJNI.GenerateClientContext([BI[B[I[Z)I+24
j  com.microsoft.sqlserver.jdbc.SQLServerConnection.SSPIData([B[B[I[ZLcom/microsoft/sqlserver/jdbc/AuthenticationJNI;)V+13
j  com.microsoft.sqlserver.jdbc.SQLServerConnection.sendLogon(Lcom/microsoft/sqlserver/jdbc/SQLServerConnection$LogonCommand;Lcom/microsoft/sqlserver/jdbc/AuthenticationJNI;)V+155
j  com.microsoft.sqlserver.jdbc.SQLServerConnection.logon(Lcom/microsoft/sqlserver/jdbc/SQLServerConnection$LogonCommand;)V+20
j  com.microsoft.sqlserver.jdbc.SQLServerConnection.access$000(Lcom/microsoft/sqlserver/jdbc/SQLServerConnection;Lcom/microsoft/sqlserver/jdbc/SQLServerConnection$LogonCommand;)V+2
j  com.microsoft.sqlserver.jdbc.SQLServerConnection$LogonCommand.doExecute()Z+5
j  com.microsoft.sqlserver.jdbc.TDSCommand.execute(Lcom/microsoft/sqlserver/jdbc/TDSWriter;Lcom/microsoft/sqlserver/jdbc/TDSReader;)Z+30
j  com.microsoft.sqlserver.jdbc.SQLServerConnection.executeCommand(Lcom/microsoft/sqlserver/jdbc/TDSCommand;)Z+45
j  com.microsoft.sqlserver.jdbc.SQLServerConnection.connectHelper(Lcom/microsoft/sqlserver/jdbc/ServerPortPlaceHolder;II)V+284
j  com.microsoft.sqlserver.jdbc.SQLServerConnection.login(Ljava/lang/String;Ljava/lang/String;ILjava/lang/String;Lcom/microsoft/sqlserver/jdbc/FailoverInfo;IJ)V+399
j  com.microsoft.sqlserver.jdbc.SQLServerConnection.connect(Ljava/util/Properties;Lcom/microsoft/sqlserver/jdbc/SQLServerPooledConnection;)Ljava/sql/Connection;+1929
j  com.microsoft.sqlserver.jdbc.SQLServerDriver.connect(Ljava/lang/String;Ljava/util/Properties;)Ljava/sql/Connection;+45
j  java.sql.DriverManager.getConnection(Ljava/lang/String;Ljava/util/Properties;Ljava/lang/Class;)Ljava/sql/Connection;+130 java.sql@11.0.4
j  java.sql.DriverManager.getConnection(Ljava/lang/String;)Ljava/sql/Connection;+13 java.sql@11.0.4
j  com.example.filedemo.FileDemoApplication.main([Ljava/lang/String;)V+19
v  ~StubRoutines::call_stub

siginfo: EXCEPTION_ACCESS_VIOLATION (0xc0000005), reading address 0x000001bfc88b4907


Register to memory mapping:

RIP=0x00007ffa0b9c15ab jvm.dll
RAX=0x000001bfc88b48ff is an unknown value
RBX=0x00000186b6af2000 is a thread
RCX=0x000001bfc88b48ff is an unknown value
RDX=0x0000000000000006 is an unknown value
RSP=0x0000005e673fe4a0 is pointing into the stack for thread: 0x00000186b6af2000
RBP=0x0000005e673fe500 is pointing into the stack for thread: 0x00000186b6af2000
RSI=0x00000186b6af2000 is a thread
RDI=0x00007ffa0bbddbcf jvm.dll
R8 =0x0000000000000004 is an unknown value
R9 =0x0 is NULL
R10=0x00007ffa4450d110 sqljdbc_auth.dll
R11=0x000000070fe21528 is pointing into object: [B 
{0x000000070fe21518} - klass: {type array byte}
 - length: 47
R12=0x0000005e673fe838 is pointing into the stack for thread: 0x00000186b6af2000
R13=0x0 is NULL
R14=0x00000186b6af2340 points into unknown readable memory: b0 3d fe 0b fa 7f 00 00
R15=0x0 is NULL


Registers:
RAX=0x000001bfc88b48ff, RBX=0x00000186b6af2000, RCX=0x000001bfc88b48ff, RDX=0x0000000000000006
RSP=0x0000005e673fe4a0, RBP=0x0000005e673fe500, RSI=0x00000186b6af2000, RDI=0x00007ffa0bbddbcf
R8 =0x0000000000000004, R9 =0x0000000000000000, R10=0x00007ffa4450d110, R11=0x000000070fe21528
R12=0x0000005e673fe838, R13=0x0000000000000000, R14=0x00000186b6af2340, R15=0x0000000000000000
RIP=0x00007ffa0b9c15ab, EFLAGS=0x0000000000010202

Top of Stack: (sp=0x0000005e673fe4a0)
0x0000005e673fe4a0:   00000186b6af2000 00000186b6af2340
0x0000005e673fe4b0:   00000186b6af2000 0000000000000000
0x0000005e673fe4c0:   00000186b6af2000 0000000000000000
0x0000005e673fe4d0:   0000000000000000 0000005e673fe830
0x0000005e673fe4e0:   0000005e673fe830 00007ffa444e6777
0x0000005e673fe4f0:   00000186b6af2340 0000005e673fe5f0
0x0000005e673fe500:   00007ffa0bbddbcf 00000186d9a79850
0x0000005e673fe510:   0000000000000000 0000000000000000
0x0000005e673fe520:   0000000000000000 0000000002000000
0x0000005e673fe530:   0000005e673fe440 0000000000000000
0x0000005e673fe540:   0000000000000000 00000186bee83180
0x0000005e673fe550:   0000000000000000 0000000000000000
0x0000005e673fe560:   0000018600000000 00007ffa0bd9b488
0x0000005e673fe570:   0000000000000000 0000000000000000
0x0000005e673fe580:   0000005e673fe800 0000000000000000
0x0000005e673fe590:   0000005e673fe818 0000005e673fe810 

Instructions: (pc=0x00007ffa0b9c15ab)
0x00007ffa0b9c158b:   00 48 8b cf 40 f6 c7 01 74 07 e8 86 af 03 00 eb
0x00007ffa0b9c159b:   06 ff 15 fe e8 61 00 80 3d 28 4c 68 00 00 74 15
0x00007ffa0b9c15ab:   8b 40 08 8b 0d e4 c4 63 00 48 d3 e0 48 03 05 d2
0x00007ffa0b9c15bb:   c4 63 00 eb 04 48 8b 40 08 48 8b c8 e8 74 4d 14 


Stack slot to memory mapping:
stack at sp + 0 slots: 0x00000186b6af2000 is a thread
stack at sp + 1 slots: 0x00000186b6af2340 points into unknown readable memory: b0 3d fe 0b fa 7f 00 00
stack at sp + 2 slots: 0x00000186b6af2000 is a thread
stack at sp + 3 slots: 0x0 is NULL
stack at sp + 4 slots: 0x00000186b6af2000 is a thread
stack at sp + 5 slots: 0x0 is NULL
stack at sp + 6 slots: 0x0 is NULL
stack at sp + 7 slots: 0x0000005e673fe830 is pointing into the stack for thread: 0x00000186b6af2000


---------------  P R O C E S S  ---------------

Threads class SMR info:
_java_thread_list=0x00000186dd7d0e60, length=28, elements={
0x00000186b6af2000, 0x00000186d9a7d000, 0x00000186d9a89800, 0x00000186da38a800,
0x00000186da38b000, 0x00000186da38d000, 0x00000186da390000, 0x00000186da3e5000,
0x00000186da4f7800, 0x00000186da922000, 0x00000186da943800, 0x00000186dc2de800,
0x00000186de51f000, 0x00000186dc0d7800, 0x00000186dbc95800, 0x00000186dece3000,
0x00000186dd49a000, 0x00000186dad07800, 0x00000186dbcb4800, 0x00000186de9d8800,
0x00000186db8a6800, 0x00000186dd5c5800, 0x00000186dd5c6800, 0x00000186dd5c5000,
0x00000186dd5c4000, 0x00000186dd5c7800, 0x00000186dd5c3800, 0x00000186dd5c9000
}

Java Threads: ( => current thread )
=>0x00000186b6af2000 JavaThread "main" [_thread_in_vm, id=6084, stack(0x0000005e67300000,0x0000005e67400000)]
  0x00000186d9a7d000 JavaThread "Reference Handler" daemon [_thread_blocked, id=13136, stack(0x0000005e67a00000,0x0000005e67b00000)]
  0x00000186d9a89800 JavaThread "Finalizer" daemon [_thread_blocked, id=15444, stack(0x0000005e67b00000,0x0000005e67c00000)]
  0x00000186da38a800 JavaThread "Signal Dispatcher" daemon [_thread_blocked, id=3716, stack(0x0000005e67c00000,0x0000005e67d00000)]
  0x00000186da38b000 JavaThread "Attach Listener" daemon [_thread_blocked, id=13688, stack(0x0000005e67d00000,0x0000005e67e00000)]
  0x00000186da38d000 JavaThread "C2 CompilerThread0" daemon [_thread_blocked, id=14108, stack(0x0000005e67e00000,0x0000005e67f00000)]
  0x00000186da390000 JavaThread "C1 CompilerThread0" daemon [_thread_blocked, id=10804, stack(0x0000005e67f00000,0x0000005e68000000)]
  0x00000186da3e5000 JavaThread "Sweeper thread" daemon [_thread_blocked, id=10648, stack(0x0000005e68000000,0x0000005e68100000)]
  0x00000186da4f7800 JavaThread "Common-Cleaner" daemon [_thread_blocked, id=6180, stack(0x0000005e68100000,0x0000005e68200000)]
  0x00000186da922000 JavaThread "Monitor Ctrl-Break" daemon [_thread_in_native, id=4604, stack(0x0000005e68200000,0x0000005e68300000)]
  0x00000186da943800 JavaThread "Service Thread" daemon [_thread_blocked, id=12432, stack(0x0000005e68300000,0x0000005e68400000)]
  0x00000186dc2de800 JavaThread "C2 CompilerThread1" daemon [_thread_blocked, id=3900, stack(0x0000005e68800000,0x0000005e68900000)]
  0x00000186de51f000 JavaThread "Catalina-utility-1" [_thread_blocked, id=2644, stack(0x0000005e68900000,0x0000005e68a00000)]
  0x00000186dc0d7800 JavaThread "Catalina-utility-2" [_thread_blocked, id=10296, stack(0x0000005e68a00000,0x0000005e68b00000)]
  0x00000186dbc95800 JavaThread "container-0" [_thread_blocked, id=11720, stack(0x0000005e68b00000,0x0000005e68c00000)]
  0x00000186dece3000 JavaThread "http-nio-8080-BlockPoller" daemon [_thread_in_native, id=16248, stack(0x0000005e68c00000,0x0000005e68d00000)]
  0x00000186dd49a000 JavaThread "http-nio-8080-exec-1" daemon [_thread_blocked, id=13368, stack(0x0000005e68d00000,0x0000005e68e00000)]
  0x00000186dad07800 JavaThread "http-nio-8080-exec-2" daemon [_thread_blocked, id=8892, stack(0x0000005e68e00000,0x0000005e68f00000)]
  0x00000186dbcb4800 JavaThread "http-nio-8080-exec-3" daemon [_thread_blocked, id=6120, stack(0x0000005e68f00000,0x0000005e69000000)]
  0x00000186de9d8800 JavaThread "http-nio-8080-exec-4" daemon [_thread_blocked, id=16748, stack(0x0000005e69000000,0x0000005e69100000)]
  0x00000186db8a6800 JavaThread "http-nio-8080-exec-5" daemon [_thread_blocked, id=2276, stack(0x0000005e69100000,0x0000005e69200000)]
  0x00000186dd5c5800 JavaThread "http-nio-8080-exec-6" daemon [_thread_blocked, id=11764, stack(0x0000005e69200000,0x0000005e69300000)]
  0x00000186dd5c6800 JavaThread "http-nio-8080-exec-7" daemon [_thread_blocked, id=11656, stack(0x0000005e69300000,0x0000005e69400000)]
  0x00000186dd5c5000 JavaThread "http-nio-8080-exec-8" daemon [_thread_blocked, id=6276, stack(0x0000005e69400000,0x0000005e69500000)]
  0x00000186dd5c4000 JavaThread "http-nio-8080-exec-9" daemon [_thread_blocked, id=4816, stack(0x0000005e69500000,0x0000005e69600000)]
  0x00000186dd5c7800 JavaThread "http-nio-8080-exec-10" daemon [_thread_blocked, id=6488, stack(0x0000005e69600000,0x0000005e69700000)]
  0x00000186dd5c3800 JavaThread "http-nio-8080-ClientPoller" daemon [_thread_in_native, id=11316, stack(0x0000005e69700000,0x0000005e69800000)]
  0x00000186dd5c9000 JavaThread "http-nio-8080-Acceptor" daemon [_thread_in_native, id=16516, stack(0x0000005e69800000,0x0000005e69900000)]

Other Threads:
  0x00000186d9a76800 VMThread "VM Thread" [stack: 0x0000005e67900000,0x0000005e67a00000] [id=14620]
  0x00000186da944800 WatcherThread [stack: 0x0000005e68400000,0x0000005e68500000] [id=15888]
  0x00000186b6b0a800 GCTaskThread "GC Thread#0" [stack: 0x0000005e67400000,0x0000005e67500000] [id=10280]
  0x00000186dab25800 GCTaskThread "GC Thread#1" [stack: 0x0000005e68500000,0x0000005e68600000] [id=17400]
  0x00000186da9bd800 GCTaskThread "GC Thread#2" [stack: 0x0000005e68600000,0x0000005e68700000] [id=5368]
  0x00000186daf06800 GCTaskThread "GC Thread#3" [stack: 0x0000005e68700000,0x0000005e68800000] [id=13592]
  0x00000186b6b64800 ConcurrentGCThread "G1 Main Marker" [stack: 0x0000005e67500000,0x0000005e67600000] [id=17344]
  0x00000186b6b66000 ConcurrentGCThread "G1 Conc#0" [stack: 0x0000005e67600000,0x0000005e67700000] [id=2224]
  0x00000186d9960800 ConcurrentGCThread "G1 Refine#0" [stack: 0x0000005e67700000,0x0000005e67800000] [id=10348]
  0x00000186d9961800 ConcurrentGCThread "G1 Young RemSet Sampling" [stack: 0x0000005e67800000,0x0000005e67900000] [id=14964]

Threads with active compile tasks:

VM state:not at safepoint (normal execution)

VM Mutex/Monitor currently owned by a thread: None

Heap address: 0x0000000701800000, size: 4072 MB, Compressed Oops mode: Zero based, Oop shift amount: 3
Narrow klass base: 0x0000000800000000, Narrow klass shift: 0
Compressed class space size: 1073741824 Address: 0x0000000800000000

Heap:
 garbage-first heap   total 262144K, used 36421K [0x0000000701800000, 0x0000000800000000)
  region size 1024K, 33 young (33792K), 7 survivors (7168K)
 Metaspace       used 41517K, capacity 42518K, committed 42668K, reserved 1087488K
  class space    used 4882K, capacity 5259K, committed 5376K, reserved 1048576K
Heap Regions: E=young(eden), S=young(survivor), O=old, HS=humongous(starts), HC=humongous(continues), CS=collection set, F=free, A=archive, TAMS=top-at-mark-start (previous, next)
|   0|0x0000000701800000, 0x0000000701900000, 0x0000000701900000|100%| O|  |TAMS 0x0000000701900000, 0x0000000701800000| Untracked 
|   1|0x0000000701900000, 0x0000000701a00000, 0x0000000701a00000|100%| O|  |TAMS 0x0000000701a00000, 0x0000000701900000| Untracked 
|   2|0x0000000701a00000, 0x0000000701b00000, 0x0000000701b00000|100%| O|  |TAMS 0x0000000701b00000, 0x0000000701a00000| Untracked 
|   3|0x0000000701b00000, 0x0000000701bea600, 0x0000000701c00000| 91%| O|  |TAMS 0x0000000701bea600, 0x0000000701b00000| Untracked 
|   4|0x0000000701c00000, 0x0000000701c00000, 0x0000000701d00000|  0%| F|  |TAMS 0x0000000701c00000, 0x0000000701c00000| Untracked 
|   5|0x0000000701d00000, 0x0000000701d00000, 0x0000000701e00000|  0%| F|  |TAMS 0x0000000701d00000, 0x0000000701d00000| Untracked 
|   6|0x0000000701e00000, 0x0000000701e00000, 0x0000000701f00000|  0%| F|  |TAMS 0x0000000701e00000, 0x0000000701e00000| Untracked 
|   7|0x0000000701f00000, 0x0000000701f00000, 0x0000000702000000|  0%| F|  |TAMS 0x0000000701f00000, 0x0000000701f00000| Untracked 
|   8|0x0000000702000000, 0x0000000702000000, 0x0000000702100000|  0%| F|  |TAMS 0x0000000702000000, 0x0000000702000000| Untracked 
|   9|0x0000000702100000, 0x0000000702100000, 0x0000000702200000|  0%| F|  |TAMS 0x0000000702100000, 0x0000000702100000| Untracked 
|  10|0x0000000702200000, 0x0000000702200000, 0x0000000702300000|  0%| F|  |TAMS 0x0000000702200000, 0x0000000702200000| Untracked 
|  11|0x0000000702300000, 0x0000000702300000, 0x0000000702400000|  0%| F|  |TAMS 0x0000000702300000, 0x0000000702300000| Untracked 
|  12|0x0000000702400000, 0x0000000702400000, 0x0000000702500000|  0%| F|  |TAMS 0x0000000702400000, 0x0000000702400000| Untracked 
|  13|0x0000000702500000, 0x0000000702500000, 0x0000000702600000|  0%| F|  |TAMS 0x0000000702500000, 0x0000000702500000| Untracked 
|  14|0x0000000702600000, 0x0000000702600000, 0x0000000702700000|  0%| F|  |TAMS 0x0000000702600000, 0x0000000702600000| Untracked 
|  15|0x0000000702700000, 0x0000000702700000, 0x0000000702800000|  0%| F|  |TAMS 0x0000000702700000, 0x0000000702700000| Untracked 
|  16|0x0000000702800000, 0x0000000702800000, 0x0000000702900000|  0%| F|  |TAMS 0x0000000702800000, 0x0000000702800000| Untracked 
|  17|0x0000000702900000, 0x0000000702900000, 0x0000000702a00000|  0%| F|  |TAMS 0x0000000702900000, 0x0000000702900000| Untracked 
|  18|0x0000000702a00000, 0x0000000702a00000, 0x0000000702b00000|  0%| F|  |TAMS 0x0000000702a00000, 0x0000000702a00000| Untracked 
|  19|0x0000000702b00000, 0x0000000702b00000, 0x0000000702c00000|  0%| F|  |TAMS 0x0000000702b00000, 0x0000000702b00000| Untracked 
|  20|0x0000000702c00000, 0x0000000702c00000, 0x0000000702d00000|  0%| F|  |TAMS 0x0000000702c00000, 0x0000000702c00000| Untracked 
|  21|0x0000000702d00000, 0x0000000702d00000, 0x0000000702e00000|  0%| F|  |TAMS 0x0000000702d00000, 0x0000000702d00000| Untracked 
|  22|0x0000000702e00000, 0x0000000702e00000, 0x0000000702f00000|  0%| F|  |TAMS 0x0000000702e00000, 0x0000000702e00000| Untracked 
|  23|0x0000000702f00000, 0x0000000702f00000, 0x0000000703000000|  0%| F|  |TAMS 0x0000000702f00000, 0x0000000702f00000| Untracked 
|  24|0x0000000703000000, 0x0000000703000000, 0x0000000703100000|  0%| F|  |TAMS 0x0000000703000000, 0x0000000703000000| Untracked 
|  25|0x0000000703100000, 0x0000000703100000, 0x0000000703200000|  0%| F|  |TAMS 0x0000000703100000, 0x0000000703100000| Untracked 
|  26|0x0000000703200000, 0x0000000703200000, 0x0000000703300000|  0%| F|  |TAMS 0x0000000703200000, 0x0000000703200000| Untracked 
|  27|0x0000000703300000, 0x0000000703300000, 0x0000000703400000|  0%| F|  |TAMS 0x0000000703300000, 0x0000000703300000| Untracked 
|  28|0x0000000703400000, 0x0000000703400000, 0x0000000703500000|  0%| F|  |TAMS 0x0000000703400000, 0x0000000703400000| Untracked 
|  29|0x0000000703500000, 0x0000000703500000, 0x0000000703600000|  0%| F|  |TAMS 0x0000000703500000, 0x0000000703500000| Untracked 
|  30|0x0000000703600000, 0x0000000703600000, 0x0000000703700000|  0%| F|  |TAMS 0x0000000703600000, 0x0000000703600000| Untracked 
|  31|0x0000000703700000, 0x0000000703700000, 0x0000000703800000|  0%| F|  |TAMS 0x0000000703700000, 0x0000000703700000| Untracked 
|  32|0x0000000703800000, 0x0000000703800000, 0x0000000703900000|  0%| F|  |TAMS 0x0000000703800000, 0x0000000703800000| Untracked 
|  33|0x0000000703900000, 0x0000000703900000, 0x0000000703a00000|  0%| F|  |TAMS 0x0000000703900000, 0x0000000703900000| Untracked 
|  34|0x0000000703a00000, 0x0000000703a00000, 0x0000000703b00000|  0%| F|  |TAMS 0x0000000703a00000, 0x0000000703a00000| Untracked 
|  35|0x0000000703b00000, 0x0000000703b00000, 0x0000000703c00000|  0%| F|  |TAMS 0x0000000703b00000, 0x0000000703b00000| Untracked 
|  36|0x0000000703c00000, 0x0000000703c00000, 0x0000000703d00000|  0%| F|  |TAMS 0x0000000703c00000, 0x0000000703c00000| Untracked 
|  37|0x0000000703d00000, 0x0000000703d00000, 0x0000000703e00000|  0%| F|  |TAMS 0x0000000703d00000, 0x0000000703d00000| Untracked 
|  38|0x0000000703e00000, 0x0000000703e00000, 0x0000000703f00000|  0%| F|  |TAMS 0x0000000703e00000, 0x0000000703e00000| Untracked 
|  39|0x0000000703f00000, 0x0000000703f00000, 0x0000000704000000|  0%| F|  |TAMS 0x0000000703f00000, 0x0000000703f00000| Untracked 
|  40|0x0000000704000000, 0x0000000704000000, 0x0000000704100000|  0%| F|  |TAMS 0x0000000704000000, 0x0000000704000000| Untracked 
|  41|0x0000000704100000, 0x0000000704100000, 0x0000000704200000|  0%| F|  |TAMS 0x0000000704100000, 0x0000000704100000| Untracked 
|  42|0x0000000704200000, 0x0000000704200000, 0x0000000704300000|  0%| F|  |TAMS 0x0000000704200000, 0x0000000704200000| Untracked 
|  43|0x0000000704300000, 0x0000000704300000, 0x0000000704400000|  0%| F|  |TAMS 0x0000000704300000, 0x0000000704300000| Untracked 
|  44|0x0000000704400000, 0x0000000704400000, 0x0000000704500000|  0%| F|  |TAMS 0x0000000704400000, 0x0000000704400000| Untracked 
|  45|0x0000000704500000, 0x0000000704500000, 0x0000000704600000|  0%| F|  |TAMS 0x0000000704500000, 0x0000000704500000| Untracked 
|  46|0x0000000704600000, 0x0000000704600000, 0x0000000704700000|  0%| F|  |TAMS 0x0000000704600000, 0x0000000704600000| Untracked 
|  47|0x0000000704700000, 0x0000000704700000, 0x0000000704800000|  0%| F|  |TAMS 0x0000000704700000, 0x0000000704700000| Untracked 
|  48|0x0000000704800000, 0x0000000704800000, 0x0000000704900000|  0%| F|  |TAMS 0x0000000704800000, 0x0000000704800000| Untracked 
|  49|0x0000000704900000, 0x0000000704900000, 0x0000000704a00000|  0%| F|  |TAMS 0x0000000704900000, 0x0000000704900000| Untracked 
|  50|0x0000000704a00000, 0x0000000704a00000, 0x0000000704b00000|  0%| F|  |TAMS 0x0000000704a00000, 0x0000000704a00000| Untracked 
|  51|0x0000000704b00000, 0x0000000704b00000, 0x0000000704c00000|  0%| F|  |TAMS 0x0000000704b00000, 0x0000000704b00000| Untracked 
|  52|0x0000000704c00000, 0x0000000704c00000, 0x0000000704d00000|  0%| F|  |TAMS 0x0000000704c00000, 0x0000000704c00000| Untracked 
|  53|0x0000000704d00000, 0x0000000704d00000, 0x0000000704e00000|  0%| F|  |TAMS 0x0000000704d00000, 0x0000000704d00000| Untracked 
|  54|0x0000000704e00000, 0x0000000704e00000, 0x0000000704f00000|  0%| F|  |TAMS 0x0000000704e00000, 0x0000000704e00000| Untracked 
|  55|0x0000000704f00000, 0x0000000704f00000, 0x0000000705000000|  0%| F|  |TAMS 0x0000000704f00000, 0x0000000704f00000| Untracked 
|  56|0x0000000705000000, 0x0000000705000000, 0x0000000705100000|  0%| F|  |TAMS 0x0000000705000000, 0x0000000705000000| Untracked 
|  57|0x0000000705100000, 0x0000000705100000, 0x0000000705200000|  0%| F|  |TAMS 0x0000000705100000, 0x0000000705100000| Untracked 
|  58|0x0000000705200000, 0x0000000705200000, 0x0000000705300000|  0%| F|  |TAMS 0x0000000705200000, 0x0000000705200000| Untracked 
|  59|0x0000000705300000, 0x0000000705300000, 0x0000000705400000|  0%| F|  |TAMS 0x0000000705300000, 0x0000000705300000| Untracked 
|  60|0x0000000705400000, 0x0000000705400000, 0x0000000705500000|  0%| F|  |TAMS 0x0000000705400000, 0x0000000705400000| Untracked 
|  61|0x0000000705500000, 0x0000000705500000, 0x0000000705600000|  0%| F|  |TAMS 0x0000000705500000, 0x0000000705500000| Untracked 
|  62|0x0000000705600000, 0x0000000705600000, 0x0000000705700000|  0%| F|  |TAMS 0x0000000705600000, 0x0000000705600000| Untracked 
|  63|0x0000000705700000, 0x0000000705700000, 0x0000000705800000|  0%| F|  |TAMS 0x0000000705700000, 0x0000000705700000| Untracked 
|  64|0x0000000705800000, 0x0000000705800000, 0x0000000705900000|  0%| F|  |TAMS 0x0000000705800000, 0x0000000705800000| Untracked 
|  65|0x0000000705900000, 0x0000000705900000, 0x0000000705a00000|  0%| F|  |TAMS 0x0000000705900000, 0x0000000705900000| Untracked 
|  66|0x0000000705a00000, 0x0000000705a00000, 0x0000000705b00000|  0%| F|  |TAMS 0x0000000705a00000, 0x0000000705a00000| Untracked 
|  67|0x0000000705b00000, 0x0000000705b00000, 0x0000000705c00000|  0%| F|  |TAMS 0x0000000705b00000, 0x0000000705b00000| Untracked 
|  68|0x0000000705c00000, 0x0000000705c00000, 0x0000000705d00000|  0%| F|  |TAMS 0x0000000705c00000, 0x0000000705c00000| Untracked 
|  69|0x0000000705d00000, 0x0000000705d00000, 0x0000000705e00000|  0%| F|  |TAMS 0x0000000705d00000, 0x0000000705d00000| Untracked 
|  70|0x0000000705e00000, 0x0000000705e00000, 0x0000000705f00000|  0%| F|  |TAMS 0x0000000705e00000, 0x0000000705e00000| Untracked 
|  71|0x0000000705f00000, 0x0000000705f00000, 0x0000000706000000|  0%| F|  |TAMS 0x0000000705f00000, 0x0000000705f00000| Untracked 
|  72|0x0000000706000000, 0x0000000706000000, 0x0000000706100000|  0%| F|  |TAMS 0x0000000706000000, 0x0000000706000000| Untracked 
|  73|0x0000000706100000, 0x0000000706100000, 0x0000000706200000|  0%| F|  |TAMS 0x0000000706100000, 0x0000000706100000| Untracked 
|  74|0x0000000706200000, 0x0000000706200000, 0x0000000706300000|  0%| F|  |TAMS 0x0000000706200000, 0x0000000706200000| Untracked 
|  75|0x0000000706300000, 0x0000000706300000, 0x0000000706400000|  0%| F|  |TAMS 0x0000000706300000, 0x0000000706300000| Untracked 
|  76|0x0000000706400000, 0x0000000706400000, 0x0000000706500000|  0%| F|  |TAMS 0x0000000706400000, 0x0000000706400000| Untracked 
|  77|0x0000000706500000, 0x0000000706500000, 0x0000000706600000|  0%| F|  |TAMS 0x0000000706500000, 0x0000000706500000| Untracked 
|  78|0x0000000706600000, 0x0000000706600000, 0x0000000706700000|  0%| F|  |TAMS 0x0000000706600000, 0x0000000706600000| Untracked 
|  79|0x0000000706700000, 0x0000000706700000, 0x0000000706800000|  0%| F|  |TAMS 0x0000000706700000, 0x0000000706700000| Untracked 
|  80|0x0000000706800000, 0x0000000706800000, 0x0000000706900000|  0%| F|  |TAMS 0x0000000706800000, 0x0000000706800000| Untracked 
|  81|0x0000000706900000, 0x0000000706900000, 0x0000000706a00000|  0%| F|  |TAMS 0x0000000706900000, 0x0000000706900000| Untracked 
|  82|0x0000000706a00000, 0x0000000706a00000, 0x0000000706b00000|  0%| F|  |TAMS 0x0000000706a00000, 0x0000000706a00000| Untracked 
|  83|0x0000000706b00000, 0x0000000706b00000, 0x0000000706c00000|  0%| F|  |TAMS 0x0000000706b00000, 0x0000000706b00000| Untracked 
|  84|0x0000000706c00000, 0x0000000706c00000, 0x0000000706d00000|  0%| F|  |TAMS 0x0000000706c00000, 0x0000000706c00000| Untracked 
|  85|0x0000000706d00000, 0x0000000706d00000, 0x0000000706e00000|  0%| F|  |TAMS 0x0000000706d00000, 0x0000000706d00000| Untracked 
|  86|0x0000000706e00000, 0x0000000706e00000, 0x0000000706f00000|  0%| F|  |TAMS 0x0000000706e00000, 0x0000000706e00000| Untracked 
|  87|0x0000000706f00000, 0x0000000706f00000, 0x0000000707000000|  0%| F|  |TAMS 0x0000000706f00000, 0x0000000706f00000| Untracked 
|  88|0x0000000707000000, 0x0000000707000000, 0x0000000707100000|  0%| F|  |TAMS 0x0000000707000000, 0x0000000707000000| Untracked 
|  89|0x0000000707100000, 0x0000000707100000, 0x0000000707200000|  0%| F|  |TAMS 0x0000000707100000, 0x0000000707100000| Untracked 
|  90|0x0000000707200000, 0x0000000707200000, 0x0000000707300000|  0%| F|  |TAMS 0x0000000707200000, 0x0000000707200000| Untracked 
|  91|0x0000000707300000, 0x0000000707300000, 0x0000000707400000|  0%| F|  |TAMS 0x0000000707300000, 0x0000000707300000| Untracked 
|  92|0x0000000707400000, 0x0000000707400000, 0x0000000707500000|  0%| F|  |TAMS 0x0000000707400000, 0x0000000707400000| Untracked 
|  93|0x0000000707500000, 0x0000000707500000, 0x0000000707600000|  0%| F|  |TAMS 0x0000000707500000, 0x0000000707500000| Untracked 
|  94|0x0000000707600000, 0x0000000707600000, 0x0000000707700000|  0%| F|  |TAMS 0x0000000707600000, 0x0000000707600000| Untracked 
|  95|0x0000000707700000, 0x0000000707700000, 0x0000000707800000|  0%| F|  |TAMS 0x0000000707700000, 0x0000000707700000| Untracked 
|  96|0x0000000707800000, 0x0000000707800000, 0x0000000707900000|  0%| F|  |TAMS 0x0000000707800000, 0x0000000707800000| Untracked 
|  97|0x0000000707900000, 0x0000000707900000, 0x0000000707a00000|  0%| F|  |TAMS 0x0000000707900000, 0x0000000707900000| Untracked 
|  98|0x0000000707a00000, 0x0000000707a00000, 0x0000000707b00000|  0%| F|  |TAMS 0x0000000707a00000, 0x0000000707a00000| Untracked 
|  99|0x0000000707b00000, 0x0000000707b00000, 0x0000000707c00000|  0%| F|  |TAMS 0x0000000707b00000, 0x0000000707b00000| Untracked 
| 100|0x0000000707c00000, 0x0000000707c00000, 0x0000000707d00000|  0%| F|  |TAMS 0x0000000707c00000, 0x0000000707c00000| Untracked 
| 101|0x0000000707d00000, 0x0000000707d00000, 0x0000000707e00000|  0%| F|  |TAMS 0x0000000707d00000, 0x0000000707d00000| Untracked 
| 102|0x0000000707e00000, 0x0000000707e00000, 0x0000000707f00000|  0%| F|  |TAMS 0x0000000707e00000, 0x0000000707e00000| Untracked 
| 103|0x0000000707f00000, 0x0000000707f00000, 0x0000000708000000|  0%| F|  |TAMS 0x0000000707f00000, 0x0000000707f00000| Untracked 
| 104|0x0000000708000000, 0x0000000708000000, 0x0000000708100000|  0%| F|  |TAMS 0x0000000708000000, 0x0000000708000000| Untracked 
| 105|0x0000000708100000, 0x0000000708100000, 0x0000000708200000|  0%| F|  |TAMS 0x0000000708100000, 0x0000000708100000| Untracked 
| 106|0x0000000708200000, 0x0000000708200000, 0x0000000708300000|  0%| F|  |TAMS 0x0000000708200000, 0x0000000708200000| Untracked 
| 107|0x0000000708300000, 0x0000000708300000, 0x0000000708400000|  0%| F|  |TAMS 0x0000000708300000, 0x0000000708300000| Untracked 
| 108|0x0000000708400000, 0x0000000708400000, 0x0000000708500000|  0%| F|  |TAMS 0x0000000708400000, 0x0000000708400000| Untracked 
| 109|0x0000000708500000, 0x0000000708500000, 0x0000000708600000|  0%| F|  |TAMS 0x0000000708500000, 0x0000000708500000| Untracked 
| 110|0x0000000708600000, 0x0000000708600000, 0x0000000708700000|  0%| F|  |TAMS 0x0000000708600000, 0x0000000708600000| Untracked 
| 111|0x0000000708700000, 0x0000000708700000, 0x0000000708800000|  0%| F|  |TAMS 0x0000000708700000, 0x0000000708700000| Untracked 
| 112|0x0000000708800000, 0x0000000708800000, 0x0000000708900000|  0%| F|  |TAMS 0x0000000708800000, 0x0000000708800000| Untracked 
| 113|0x0000000708900000, 0x0000000708900000, 0x0000000708a00000|  0%| F|  |TAMS 0x0000000708900000, 0x0000000708900000| Untracked 
| 114|0x0000000708a00000, 0x0000000708a00000, 0x0000000708b00000|  0%| F|  |TAMS 0x0000000708a00000, 0x0000000708a00000| Untracked 
| 115|0x0000000708b00000, 0x0000000708b00000, 0x0000000708c00000|  0%| F|  |TAMS 0x0000000708b00000, 0x0000000708b00000| Untracked 
| 116|0x0000000708c00000, 0x0000000708c00000, 0x0000000708d00000|  0%| F|  |TAMS 0x0000000708c00000, 0x0000000708c00000| Untracked 
| 117|0x0000000708d00000, 0x0000000708d00000, 0x0000000708e00000|  0%| F|  |TAMS 0x0000000708d00000, 0x0000000708d00000| Untracked 
| 118|0x0000000708e00000, 0x0000000708e00000, 0x0000000708f00000|  0%| F|  |TAMS 0x0000000708e00000, 0x0000000708e00000| Untracked 
| 119|0x0000000708f00000, 0x0000000708f00000, 0x0000000709000000|  0%| F|  |TAMS 0x0000000708f00000, 0x0000000708f00000| Untracked 
| 120|0x0000000709000000, 0x0000000709000000, 0x0000000709100000|  0%| F|  |TAMS 0x0000000709000000, 0x0000000709000000| Untracked 
| 121|0x0000000709100000, 0x0000000709100000, 0x0000000709200000|  0%| F|  |TAMS 0x0000000709100000, 0x0000000709100000| Untracked 
| 122|0x0000000709200000, 0x0000000709200000, 0x0000000709300000|  0%| F|  |TAMS 0x0000000709200000, 0x0000000709200000| Untracked 
| 123|0x0000000709300000, 0x0000000709300000, 0x0000000709400000|  0%| F|  |TAMS 0x0000000709300000, 0x0000000709300000| Untracked 
| 124|0x0000000709400000, 0x0000000709400000, 0x0000000709500000|  0%| F|  |TAMS 0x0000000709400000, 0x0000000709400000| Untracked 
| 125|0x0000000709500000, 0x0000000709500000, 0x0000000709600000|  0%| F|  |TAMS 0x0000000709500000, 0x0000000709500000| Untracked 
| 126|0x0000000709600000, 0x0000000709600000, 0x0000000709700000|  0%| F|  |TAMS 0x0000000709600000, 0x0000000709600000| Untracked 
| 127|0x0000000709700000, 0x0000000709700000, 0x0000000709800000|  0%| F|  |TAMS 0x0000000709700000, 0x0000000709700000| Untracked 
| 128|0x0000000709800000, 0x0000000709800000, 0x0000000709900000|  0%| F|  |TAMS 0x0000000709800000, 0x0000000709800000| Untracked 
| 129|0x0000000709900000, 0x0000000709900000, 0x0000000709a00000|  0%| F|  |TAMS 0x0000000709900000, 0x0000000709900000| Untracked 
| 130|0x0000000709a00000, 0x0000000709a00000, 0x0000000709b00000|  0%| F|  |TAMS 0x0000000709a00000, 0x0000000709a00000| Untracked 
| 131|0x0000000709b00000, 0x0000000709b00000, 0x0000000709c00000|  0%| F|  |TAMS 0x0000000709b00000, 0x0000000709b00000| Untracked 
| 132|0x0000000709c00000, 0x0000000709c00000, 0x0000000709d00000|  0%| F|  |TAMS 0x0000000709c00000, 0x0000000709c00000| Untracked 
| 133|0x0000000709d00000, 0x0000000709d00000, 0x0000000709e00000|  0%| F|  |TAMS 0x0000000709d00000, 0x0000000709d00000| Untracked 
| 134|0x0000000709e00000, 0x0000000709e00000, 0x0000000709f00000|  0%| F|  |TAMS 0x0000000709e00000, 0x0000000709e00000| Untracked 
| 135|0x0000000709f00000, 0x0000000709f00000, 0x000000070a000000|  0%| F|  |TAMS 0x0000000709f00000, 0x0000000709f00000| Untracked 
| 136|0x000000070a000000, 0x000000070a000000, 0x000000070a100000|  0%| F|  |TAMS 0x000000070a000000, 0x000000070a000000| Untracked 
| 137|0x000000070a100000, 0x000000070a100000, 0x000000070a200000|  0%| F|  |TAMS 0x000000070a100000, 0x000000070a100000| Untracked 
| 138|0x000000070a200000, 0x000000070a200000, 0x000000070a300000|  0%| F|  |TAMS 0x000000070a200000, 0x000000070a200000| Untracked 
| 139|0x000000070a300000, 0x000000070a300000, 0x000000070a400000|  0%| F|  |TAMS 0x000000070a300000, 0x000000070a300000| Untracked 
| 140|0x000000070a400000, 0x000000070a400000, 0x000000070a500000|  0%| F|  |TAMS 0x000000070a400000, 0x000000070a400000| Untracked 
| 141|0x000000070a500000, 0x000000070a500000, 0x000000070a600000|  0%| F|  |TAMS 0x000000070a500000, 0x000000070a500000| Untracked 
| 142|0x000000070a600000, 0x000000070a600000, 0x000000070a700000|  0%| F|  |TAMS 0x000000070a600000, 0x000000070a600000| Untracked 
| 143|0x000000070a700000, 0x000000070a700000, 0x000000070a800000|  0%| F|  |TAMS 0x000000070a700000, 0x000000070a700000| Untracked 
| 144|0x000000070a800000, 0x000000070a800000, 0x000000070a900000|  0%| F|  |TAMS 0x000000070a800000, 0x000000070a800000| Untracked 
| 145|0x000000070a900000, 0x000000070a900000, 0x000000070aa00000|  0%| F|  |TAMS 0x000000070a900000, 0x000000070a900000| Untracked 
| 146|0x000000070aa00000, 0x000000070aa00000, 0x000000070ab00000|  0%| F|  |TAMS 0x000000070aa00000, 0x000000070aa00000| Untracked 
| 147|0x000000070ab00000, 0x000000070ab00000, 0x000000070ac00000|  0%| F|  |TAMS 0x000000070ab00000, 0x000000070ab00000| Untracked 
| 148|0x000000070ac00000, 0x000000070ac00000, 0x000000070ad00000|  0%| F|  |TAMS 0x000000070ac00000, 0x000000070ac00000| Untracked 
| 149|0x000000070ad00000, 0x000000070ad00000, 0x000000070ae00000|  0%| F|  |TAMS 0x000000070ad00000, 0x000000070ad00000| Untracked 
| 150|0x000000070ae00000, 0x000000070ae00000, 0x000000070af00000|  0%| F|  |TAMS 0x000000070ae00000, 0x000000070ae00000| Untracked 
| 151|0x000000070af00000, 0x000000070af00000, 0x000000070b000000|  0%| F|  |TAMS 0x000000070af00000, 0x000000070af00000| Untracked 
| 152|0x000000070b000000, 0x000000070b000000, 0x000000070b100000|  0%| F|  |TAMS 0x000000070b000000, 0x000000070b000000| Untracked 
| 153|0x000000070b100000, 0x000000070b100000, 0x000000070b200000|  0%| F|  |TAMS 0x000000070b100000, 0x000000070b100000| Untracked 
| 154|0x000000070b200000, 0x000000070b200000, 0x000000070b300000|  0%| F|  |TAMS 0x000000070b200000, 0x000000070b200000| Untracked 
| 155|0x000000070b300000, 0x000000070b300000, 0x000000070b400000|  0%| F|  |TAMS 0x000000070b300000, 0x000000070b300000| Untracked 
| 156|0x000000070b400000, 0x000000070b400000, 0x000000070b500000|  0%| F|  |TAMS 0x000000070b400000, 0x000000070b400000| Untracked 
| 157|0x000000070b500000, 0x000000070b500000, 0x000000070b600000|  0%| F|  |TAMS 0x000000070b500000, 0x000000070b500000| Untracked 
| 158|0x000000070b600000, 0x000000070b600000, 0x000000070b700000|  0%| F|  |TAMS 0x000000070b600000, 0x000000070b600000| Untracked 
| 159|0x000000070b700000, 0x000000070b700000, 0x000000070b800000|  0%| F|  |TAMS 0x000000070b700000, 0x000000070b700000| Untracked 
| 160|0x000000070b800000, 0x000000070b800000, 0x000000070b900000|  0%| F|  |TAMS 0x000000070b800000, 0x000000070b800000| Untracked 
| 161|0x000000070b900000, 0x000000070b900000, 0x000000070ba00000|  0%| F|  |TAMS 0x000000070b900000, 0x000000070b900000| Untracked 
| 162|0x000000070ba00000, 0x000000070ba00000, 0x000000070bb00000|  0%| F|  |TAMS 0x000000070ba00000, 0x000000070ba00000| Untracked 
| 163|0x000000070bb00000, 0x000000070bb00000, 0x000000070bc00000|  0%| F|  |TAMS 0x000000070bb00000, 0x000000070bb00000| Untracked 
| 164|0x000000070bc00000, 0x000000070bc00000, 0x000000070bd00000|  0%| F|  |TAMS 0x000000070bc00000, 0x000000070bc00000| Untracked 
| 165|0x000000070bd00000, 0x000000070bd00000, 0x000000070be00000|  0%| F|  |TAMS 0x000000070bd00000, 0x000000070bd00000| Untracked 
| 166|0x000000070be00000, 0x000000070be00000, 0x000000070bf00000|  0%| F|  |TAMS 0x000000070be00000, 0x000000070be00000| Untracked 
| 167|0x000000070bf00000, 0x000000070bf00000, 0x000000070c000000|  0%| F|  |TAMS 0x000000070bf00000, 0x000000070bf00000| Untracked 
| 168|0x000000070c000000, 0x000000070c000000, 0x000000070c100000|  0%| F|  |TAMS 0x000000070c000000, 0x000000070c000000| Untracked 
| 169|0x000000070c100000, 0x000000070c100000, 0x000000070c200000|  0%| F|  |TAMS 0x000000070c100000, 0x000000070c100000| Untracked 
| 170|0x000000070c200000, 0x000000070c200000, 0x000000070c300000|  0%| F|  |TAMS 0x000000070c200000, 0x000000070c200000| Untracked 
| 171|0x000000070c300000, 0x000000070c300000, 0x000000070c400000|  0%| F|  |TAMS 0x000000070c300000, 0x000000070c300000| Untracked 
| 172|0x000000070c400000, 0x000000070c400000, 0x000000070c500000|  0%| F|  |TAMS 0x000000070c400000, 0x000000070c400000| Untracked 
| 173|0x000000070c500000, 0x000000070c500000, 0x000000070c600000|  0%| F|  |TAMS 0x000000070c500000, 0x000000070c500000| Untracked 
| 174|0x000000070c600000, 0x000000070c600000, 0x000000070c700000|  0%| F|  |TAMS 0x000000070c600000, 0x000000070c600000| Untracked 
| 175|0x000000070c700000, 0x000000070c700000, 0x000000070c800000|  0%| F|  |TAMS 0x000000070c700000, 0x000000070c700000| Untracked 
| 176|0x000000070c800000, 0x000000070c800000, 0x000000070c900000|  0%| F|  |TAMS 0x000000070c800000, 0x000000070c800000| Untracked 
| 177|0x000000070c900000, 0x000000070c900000, 0x000000070ca00000|  0%| F|  |TAMS 0x000000070c900000, 0x000000070c900000| Untracked 
| 178|0x000000070ca00000, 0x000000070ca00000, 0x000000070cb00000|  0%| F|  |TAMS 0x000000070ca00000, 0x000000070ca00000| Untracked 
| 179|0x000000070cb00000, 0x000000070cb00000, 0x000000070cc00000|  0%| F|  |TAMS 0x000000070cb00000, 0x000000070cb00000| Untracked 
| 180|0x000000070cc00000, 0x000000070cc00000, 0x000000070cd00000|  0%| F|  |TAMS 0x000000070cc00000, 0x000000070cc00000| Untracked 
| 181|0x000000070cd00000, 0x000000070cd00000, 0x000000070ce00000|  0%| F|  |TAMS 0x000000070cd00000, 0x000000070cd00000| Untracked 
| 182|0x000000070ce00000, 0x000000070ce00000, 0x000000070cf00000|  0%| F|  |TAMS 0x000000070ce00000, 0x000000070ce00000| Untracked 
| 183|0x000000070cf00000, 0x000000070cf00000, 0x000000070d000000|  0%| F|  |TAMS 0x000000070cf00000, 0x000000070cf00000| Untracked 
| 184|0x000000070d000000, 0x000000070d000000, 0x000000070d100000|  0%| F|  |TAMS 0x000000070d000000, 0x000000070d000000| Untracked 
| 185|0x000000070d100000, 0x000000070d100000, 0x000000070d200000|  0%| F|  |TAMS 0x000000070d100000, 0x000000070d100000| Untracked 
| 186|0x000000070d200000, 0x000000070d200000, 0x000000070d300000|  0%| F|  |TAMS 0x000000070d200000, 0x000000070d200000| Untracked 
| 187|0x000000070d300000, 0x000000070d300000, 0x000000070d400000|  0%| F|  |TAMS 0x000000070d300000, 0x000000070d300000| Untracked 
| 188|0x000000070d400000, 0x000000070d400000, 0x000000070d500000|  0%| F|  |TAMS 0x000000070d400000, 0x000000070d400000| Untracked 
| 189|0x000000070d500000, 0x000000070d500000, 0x000000070d600000|  0%| F|  |TAMS 0x000000070d500000, 0x000000070d500000| Untracked 
| 190|0x000000070d600000, 0x000000070d600000, 0x000000070d700000|  0%| F|  |TAMS 0x000000070d600000, 0x000000070d600000| Untracked 
| 191|0x000000070d700000, 0x000000070d700000, 0x000000070d800000|  0%| F|  |TAMS 0x000000070d700000, 0x000000070d700000| Untracked 
| 192|0x000000070d800000, 0x000000070d800000, 0x000000070d900000|  0%| F|  |TAMS 0x000000070d800000, 0x000000070d800000| Untracked 
| 193|0x000000070d900000, 0x000000070d900000, 0x000000070da00000|  0%| F|  |TAMS 0x000000070d900000, 0x000000070d900000| Untracked 
| 194|0x000000070da00000, 0x000000070da00000, 0x000000070db00000|  0%| F|  |TAMS 0x000000070da00000, 0x000000070da00000| Untracked 
| 195|0x000000070db00000, 0x000000070db00000, 0x000000070dc00000|  0%| F|  |TAMS 0x000000070db00000, 0x000000070db00000| Untracked 
| 196|0x000000070dc00000, 0x000000070dc00000, 0x000000070dd00000|  0%| F|  |TAMS 0x000000070dc00000, 0x000000070dc00000| Untracked 
| 197|0x000000070dd00000, 0x000000070dd00000, 0x000000070de00000|  0%| F|  |TAMS 0x000000070dd00000, 0x000000070dd00000| Untracked 
| 198|0x000000070de00000, 0x000000070de00000, 0x000000070df00000|  0%| F|  |TAMS 0x000000070de00000, 0x000000070de00000| Untracked 
| 199|0x000000070df00000, 0x000000070df00000, 0x000000070e000000|  0%| F|  |TAMS 0x000000070df00000, 0x000000070df00000| Untracked 
| 200|0x000000070e000000, 0x000000070e000000, 0x000000070e100000|  0%| F|  |TAMS 0x000000070e000000, 0x000000070e000000| Untracked 
| 201|0x000000070e100000, 0x000000070e100000, 0x000000070e200000|  0%| F|  |TAMS 0x000000070e100000, 0x000000070e100000| Untracked 
| 202|0x000000070e200000, 0x000000070e200000, 0x000000070e300000|  0%| F|  |TAMS 0x000000070e200000, 0x000000070e200000| Untracked 
| 203|0x000000070e300000, 0x000000070e300000, 0x000000070e400000|  0%| F|  |TAMS 0x000000070e300000, 0x000000070e300000| Untracked 
| 204|0x000000070e400000, 0x000000070e400000, 0x000000070e500000|  0%| F|  |TAMS 0x000000070e400000, 0x000000070e400000| Untracked 
| 205|0x000000070e500000, 0x000000070e500000, 0x000000070e600000|  0%| F|  |TAMS 0x000000070e500000, 0x000000070e500000| Untracked 
| 206|0x000000070e600000, 0x000000070e6a70c0, 0x000000070e700000| 65%| S|CS|TAMS 0x000000070e600000, 0x000000070e600000| Complete 
| 207|0x000000070e700000, 0x000000070e800000, 0x000000070e800000|100%| S|CS|TAMS 0x000000070e700000, 0x000000070e700000| Complete 
| 208|0x000000070e800000, 0x000000070e800000, 0x000000070e900000|  0%| F|  |TAMS 0x000000070e800000, 0x000000070e800000| Untracked 
| 209|0x000000070e900000, 0x000000070e900000, 0x000000070ea00000|  0%| F|  |TAMS 0x000000070e900000, 0x000000070e900000| Untracked 
| 210|0x000000070ea00000, 0x000000070ea00000, 0x000000070eb00000|  0%| F|  |TAMS 0x000000070ea00000, 0x000000070ea00000| Untracked 
| 211|0x000000070eb00000, 0x000000070eb00000, 0x000000070ec00000|  0%| F|  |TAMS 0x000000070eb00000, 0x000000070eb00000| Untracked 
| 212|0x000000070ec00000, 0x000000070ed00000, 0x000000070ed00000|100%| S|CS|TAMS 0x000000070ec00000, 0x000000070ec00000| Complete 
| 213|0x000000070ed00000, 0x000000070ee00000, 0x000000070ee00000|100%| S|CS|TAMS 0x000000070ed00000, 0x000000070ed00000| Complete 
| 214|0x000000070ee00000, 0x000000070ef00000, 0x000000070ef00000|100%| S|CS|TAMS 0x000000070ee00000, 0x000000070ee00000| Complete 
| 215|0x000000070ef00000, 0x000000070f000000, 0x000000070f000000|100%| S|CS|TAMS 0x000000070ef00000, 0x000000070ef00000| Complete 
| 216|0x000000070f000000, 0x000000070f100000, 0x000000070f100000|100%| S|CS|TAMS 0x000000070f000000, 0x000000070f000000| Complete 
| 217|0x000000070f100000, 0x000000070f100000, 0x000000070f200000|  0%| F|  |TAMS 0x000000070f100000, 0x000000070f100000| Untracked 
| 218|0x000000070f200000, 0x000000070f200000, 0x000000070f300000|  0%| F|  |TAMS 0x000000070f200000, 0x000000070f200000| Untracked 
| 219|0x000000070f300000, 0x000000070f300000, 0x000000070f400000|  0%| F|  |TAMS 0x000000070f300000, 0x000000070f300000| Untracked 
| 220|0x000000070f400000, 0x000000070f400000, 0x000000070f500000|  0%| F|  |TAMS 0x000000070f400000, 0x000000070f400000| Untracked 
| 221|0x000000070f500000, 0x000000070f500000, 0x000000070f600000|  0%| F|  |TAMS 0x000000070f500000, 0x000000070f500000| Untracked 
| 222|0x000000070f600000, 0x000000070f600000, 0x000000070f700000|  0%| F|  |TAMS 0x000000070f600000, 0x000000070f600000| Untracked 
| 223|0x000000070f700000, 0x000000070f700000, 0x000000070f800000|  0%| F|  |TAMS 0x000000070f700000, 0x000000070f700000| Untracked 
| 224|0x000000070f800000, 0x000000070f800000, 0x000000070f900000|  0%| F|  |TAMS 0x000000070f800000, 0x000000070f800000| Untracked 
| 225|0x000000070f900000, 0x000000070f900000, 0x000000070fa00000|  0%| F|  |TAMS 0x000000070f900000, 0x000000070f900000| Untracked 
| 226|0x000000070fa00000, 0x000000070fa00000, 0x000000070fb00000|  0%| F|  |TAMS 0x000000070fa00000, 0x000000070fa00000| Untracked 
| 227|0x000000070fb00000, 0x000000070fb00000, 0x000000070fc00000|  0%| F|  |TAMS 0x000000070fb00000, 0x000000070fb00000| Untracked 
| 228|0x000000070fc00000, 0x000000070fc00000, 0x000000070fd00000|  0%| F|  |TAMS 0x000000070fc00000, 0x000000070fc00000| Untracked 
| 229|0x000000070fd00000, 0x000000070fd00000, 0x000000070fe00000|  0%| F|  |TAMS 0x000000070fd00000, 0x000000070fd00000| Untracked 
| 230|0x000000070fe00000, 0x000000070fe80800, 0x000000070ff00000| 50%| E|  |TAMS 0x000000070fe00000, 0x000000070fe00000| Complete 
| 231|0x000000070ff00000, 0x0000000710000000, 0x0000000710000000|100%| E|CS|TAMS 0x000000070ff00000, 0x000000070ff00000| Complete 
| 232|0x0000000710000000, 0x0000000710100000, 0x0000000710100000|100%| E|CS|TAMS 0x0000000710000000, 0x0000000710000000| Complete 
| 233|0x0000000710100000, 0x0000000710200000, 0x0000000710200000|100%| E|CS|TAMS 0x0000000710100000, 0x0000000710100000| Complete 
| 234|0x0000000710200000, 0x0000000710300000, 0x0000000710300000|100%| E|CS|TAMS 0x0000000710200000, 0x0000000710200000| Complete 
| 235|0x0000000710300000, 0x0000000710400000, 0x0000000710400000|100%| E|CS|TAMS 0x0000000710300000, 0x0000000710300000| Complete 
| 236|0x0000000710400000, 0x0000000710500000, 0x0000000710500000|100%| E|CS|TAMS 0x0000000710400000, 0x0000000710400000| Complete 
| 237|0x0000000710500000, 0x0000000710600000, 0x0000000710600000|100%| E|CS|TAMS 0x0000000710500000, 0x0000000710500000| Complete 
| 238|0x0000000710600000, 0x0000000710700000, 0x0000000710700000|100%| E|CS|TAMS 0x0000000710600000, 0x0000000710600000| Complete 
| 239|0x0000000710700000, 0x0000000710800000, 0x0000000710800000|100%| E|CS|TAMS 0x0000000710700000, 0x0000000710700000| Complete 
| 240|0x0000000710800000, 0x0000000710900000, 0x0000000710900000|100%| E|CS|TAMS 0x0000000710800000, 0x0000000710800000| Complete 
| 241|0x0000000710900000, 0x0000000710a00000, 0x0000000710a00000|100%| E|CS|TAMS 0x0000000710900000, 0x0000000710900000| Complete 
| 242|0x0000000710a00000, 0x0000000710b00000, 0x0000000710b00000|100%| E|CS|TAMS 0x0000000710a00000, 0x0000000710a00000| Complete 
| 243|0x0000000710b00000, 0x0000000710c00000, 0x0000000710c00000|100%| E|CS|TAMS 0x0000000710b00000, 0x0000000710b00000| Complete 
| 244|0x0000000710c00000, 0x0000000710d00000, 0x0000000710d00000|100%| E|CS|TAMS 0x0000000710c00000, 0x0000000710c00000| Complete 
| 245|0x0000000710d00000, 0x0000000710e00000, 0x0000000710e00000|100%| E|CS|TAMS 0x0000000710d00000, 0x0000000710d00000| Complete 
| 246|0x0000000710e00000, 0x0000000710f00000, 0x0000000710f00000|100%| E|CS|TAMS 0x0000000710e00000, 0x0000000710e00000| Complete 
| 247|0x0000000710f00000, 0x0000000711000000, 0x0000000711000000|100%| E|CS|TAMS 0x0000000710f00000, 0x0000000710f00000| Complete 
| 248|0x0000000711000000, 0x0000000711100000, 0x0000000711100000|100%| E|CS|TAMS 0x0000000711000000, 0x0000000711000000| Complete 
| 249|0x0000000711100000, 0x0000000711200000, 0x0000000711200000|100%| E|CS|TAMS 0x0000000711100000, 0x0000000711100000| Complete 
| 250|0x0000000711200000, 0x0000000711300000, 0x0000000711300000|100%| E|CS|TAMS 0x0000000711200000, 0x0000000711200000| Complete 
| 251|0x0000000711300000, 0x0000000711400000, 0x0000000711400000|100%| E|CS|TAMS 0x0000000711300000, 0x0000000711300000| Complete 
| 252|0x0000000711400000, 0x0000000711500000, 0x0000000711500000|100%| E|CS|TAMS 0x0000000711400000, 0x0000000711400000| Complete 
| 253|0x0000000711500000, 0x0000000711600000, 0x0000000711600000|100%| E|CS|TAMS 0x0000000711500000, 0x0000000711500000| Complete 
| 254|0x0000000711600000, 0x0000000711700000, 0x0000000711700000|100%| E|CS|TAMS 0x0000000711600000, 0x0000000711600000| Complete 
| 255|0x0000000711700000, 0x0000000711800000, 0x0000000711800000|100%| E|CS|TAMS 0x0000000711700000, 0x0000000711700000| Complete 

Card table byte_map: [0x00000186ce630000,0x00000186cee30000] _byte_map_base: 0x00000186cae24000

Marking Bits (Prev, Next): (CMBitMap*) 0x00000186b6b53d68, (CMBitMap*) 0x00000186b6b53da0
 Prev Bits: [0x00000186cf630000, 0x00000186d35d0000)
 Next Bits: [0x00000186d35d0000, 0x00000186d7570000)

Polling page: 0x00000186b62c0000

Metaspace:

Usage:
  Non-class:     36.39 MB capacity,    35.78 MB ( 98%) used,   502.98 KB (  1%) free+waste,   120.50 KB ( <1%) overhead. 
      Class:      5.14 MB capacity,     4.77 MB ( 93%) used,   320.83 KB (  6%) free+waste,    56.00 KB (  1%) overhead. 
       Both:     41.52 MB capacity,    40.54 MB ( 98%) used,   823.81 KB (  2%) free+waste,   176.50 KB ( <1%) overhead. 

Virtual space:
  Non-class space:       38.00 MB reserved,      36.42 MB ( 96%) committed 
      Class space:        1.00 GB reserved,       5.25 MB ( <1%) committed 
             Both:        1.04 GB reserved,      41.67 MB (  4%) committed 

Chunk freelists:
   Non-Class:  4.13 KB
       Class:  2.63 KB
        Both:  6.75 KB

CodeHeap 'non-profiled nmethods': size=120064Kb used=1893Kb max_used=1893Kb free=118170Kb
 bounds [0x00000186c68f0000, 0x00000186c6b60000, 0x00000186cde30000]
CodeHeap 'profiled nmethods': size=120000Kb used=8253Kb max_used=8253Kb free=111747Kb
 bounds [0x00000186bf3c0000, 0x00000186bfbd0000, 0x00000186c68f0000]
CodeHeap 'non-nmethods': size=5696Kb used=1182Kb max_used=1219Kb free=4513Kb
 bounds [0x00000186bee30000, 0x00000186bf0a0000, 0x00000186bf3c0000]
 total_blobs=4914 nmethods=3535 adapters=424
 compilation: enabled
              stopped_count=0, restarted_count=0
 full_count=0

Compilation events (10 events):
Event: 7.485 Thread 0x00000186dc2de800 3571       4       sun.security.provider.MD5::GG (33 bytes)
Event: 7.485 Thread 0x00000186dc2de800 nmethod 3571 0x00000186c6abe890 code [0x00000186c6abea20, 0x00000186c6abea98]
Event: 7.485 Thread 0x00000186dc2de800 3572       4       sun.security.provider.MD5::HH (29 bytes)
Event: 7.486 Thread 0x00000186dc2de800 nmethod 3572 0x00000186c6abeb10 code [0x00000186c6abeca0, 0x00000186c6abed18]
Event: 7.486 Thread 0x00000186dc2de800 3573       4       sun.security.provider.MD5::II (31 bytes)
Event: 7.486 Thread 0x00000186dc2de800 nmethod 3573 0x00000186c6abed90 code [0x00000186c6abef20, 0x00000186c6abef98]
Event: 7.489 Thread 0x00000186da390000 3574       3       com.sun.crypto.provider.AESCrypt::mul4 (181 bytes)
Event: 7.490 Thread 0x00000186da390000 nmethod 3574 0x00000186bfbcde90 code [0x00000186bfbce100, 0x00000186bfbcecf8]
Event: 7.501 Thread 0x00000186da390000 3575       3       sun.security.provider.ByteArrayAccess::i2bBig4 (111 bytes)
Event: 7.501 Thread 0x00000186da390000 nmethod 3575 0x00000186bfbcf290 code [0x00000186bfbcf460, 0x00000186bfbcf7b0]

GC Heap History (10 events):
Event: 1.122 GC heap before
{Heap before GC invocations=0 (full 0):
 garbage-first heap   total 262144K, used 13312K [0x0000000701800000, 0x0000000800000000)
  region size 1024K, 14 young (14336K), 0 survivors (0K)
 Metaspace       used 10553K, capacity 10732K, committed 10752K, reserved 1058816K
  class space    used 992K, capacity 1021K, committed 1024K, reserved 1048576K
}
Event: 1.132 GC heap after
{Heap after GC invocations=1 (full 0):
 garbage-first heap   total 262144K, used 3918K [0x0000000701800000, 0x0000000800000000)
  region size 1024K, 2 young (2048K), 2 survivors (2048K)
 Metaspace       used 10553K, capacity 10732K, committed 10752K, reserved 1058816K
  class space    used 992K, capacity 1021K, committed 1024K, reserved 1048576K
}
Event: 1.498 GC heap before
{Heap before GC invocations=1 (full 0):
 garbage-first heap   total 262144K, used 15182K [0x0000000701800000, 0x0000000800000000)
  region size 1024K, 13 young (13312K), 2 survivors (2048K)
 Metaspace       used 14784K, capacity 15068K, committed 15232K, reserved 1062912K
  class space    used 1461K, capacity 1537K, committed 1664K, reserved 1048576K
}
Event: 1.503 GC heap after
{Heap after GC invocations=2 (full 0):
 garbage-first heap   total 262144K, used 5026K [0x0000000701800000, 0x0000000800000000)
  region size 1024K, 1 young (1024K), 1 survivors (1024K)
 Metaspace       used 14784K, capacity 15068K, committed 15232K, reserved 1062912K
  class space    used 1461K, capacity 1537K, committed 1664K, reserved 1048576K
}
Event: 2.149 GC heap before
{Heap before GC invocations=2 (full 0):
 garbage-first heap   total 262144K, used 32674K [0x0000000701800000, 0x0000000800000000)
  region size 1024K, 30 young (30720K), 1 survivors (1024K)
 Metaspace       used 20635K, capacity 21153K, committed 21248K, reserved 1069056K
  class space    used 2367K, capacity 2548K, committed 2560K, reserved 1048576K
}
Event: 2.155 GC heap after
{Heap after GC invocations=3 (full 0):
 garbage-first heap   total 262144K, used 6362K [0x0000000701800000, 0x0000000800000000)
  region size 1024K, 3 young (3072K), 3 survivors (3072K)
 Metaspace       used 20635K, capacity 21153K, committed 21248K, reserved 1069056K
  class space    used 2367K, capacity 2548K, committed 2560K, reserved 1048576K
}
Event: 3.491 GC heap before
{Heap before GC invocations=4 (full 0):
 garbage-first heap   total 262144K, used 48346K [0x0000000701800000, 0x0000000800000000)
  region size 1024K, 44 young (45056K), 3 survivors (3072K)
 Metaspace       used 27451K, capacity 28091K, committed 28416K, reserved 1075200K
  class space    used 3179K, capacity 3471K, committed 3584K, reserved 1048576K
}
Event: 3.500 GC heap after
{Heap after GC invocations=5 (full 0):
 garbage-first heap   total 262144K, used 8048K [0x0000000701800000, 0x0000000800000000)
  region size 1024K, 4 young (4096K), 4 survivors (4096K)
 Metaspace       used 27451K, capacity 28091K, committed 28416K, reserved 1075200K
  class space    used 3179K, capacity 3471K, committed 3584K, reserved 1048576K
}
Event: 6.322 GC heap before
{Heap before GC invocations=5 (full 0):
 garbage-first heap   total 262144K, used 46960K [0x0000000701800000, 0x0000000800000000)
  region size 1024K, 43 young (44032K), 4 survivors (4096K)
 Metaspace       used 34707K, capacity 35511K, committed 35628K, reserved 1081344K
  class space    used 4075K, capacity 4422K, committed 4480K, reserved 1048576K
}
Event: 6.334 GC heap after
{Heap after GC invocations=6 (full 0):
 garbage-first heap   total 262144K, used 10821K [0x0000000701800000, 0x0000000800000000)
  region size 1024K, 7 young (7168K), 7 survivors (7168K)
 Metaspace       used 34707K, capacity 35511K, committed 35628K, reserved 1081344K
  class space    used 4075K, capacity 4422K, committed 4480K, reserved 1048576K
}

Deoptimization events (10 events):
Event: 6.923 Thread 0x00000186b6af2000 Uncommon trap: reason=class_check action=maybe_recompile pc=0x00000186c6a105e8 method=org.springframework.beans.factory.support.AbstractAutowireCapableBeanFactory.predictBeanType(Ljava/lang/String;Lorg/springframework/beans/factory/support/RootBeanDefinit
Event: 6.976 Thread 0x00000186b6af2000 Uncommon trap: reason=unstable_if action=reinterpret pc=0x00000186c6a759fc method=org.springframework.util.ConcurrentReferenceHashMap$Segment.clear()V @ 7 c2
Event: 7.113 Thread 0x00000186b6af2000 Uncommon trap: reason=unstable_if action=reinterpret pc=0x00000186c69a5fcc method=java.util.jar.JarFile.maybeInstantiateVerifier()V @ 91 c2
Event: 7.150 Thread 0x00000186b6af2000 Uncommon trap: reason=unstable_if action=reinterpret pc=0x00000186c6a5bfe0 method=java.net.URI.match(CJJ)Z @ 45 c2
Event: 7.162 Thread 0x00000186b6af2000 Uncommon trap: reason=unstable_if action=reinterpret pc=0x00000186c6946620 method=java.lang.CharacterDataLatin1.isWhitespace(I)Z @ 14 c2
Event: 7.201 Thread 0x00000186b6af2000 Uncommon trap: reason=null_assert_or_unreached0 action=make_not_entrant pc=0x00000186c6a0dcfc method=java.security.CodeSource.getCertificates()[Ljava/security/cert/Certificate; @ 22 c2
Event: 7.217 Thread 0x00000186b6af2000 Uncommon trap: reason=unstable_if action=reinterpret pc=0x00000186c6a537ec method=java.lang.String.valueOf(Ljava/lang/Object;)Ljava/lang/String; @ 1 c2
Event: 7.357 Thread 0x00000186b6af2000 Uncommon trap: reason=unstable_if action=reinterpret pc=0x00000186c699b270 method=sun.net.util.IPAddressUtil.scan(Ljava/lang/String;JJ[C)I @ 14 c2
Event: 7.420 Thread 0x00000186b6af2000 Uncommon trap: reason=unstable_if action=reinterpret pc=0x00000186c69a7cc4 method=java.util.HashMap.putVal(ILjava/lang/Object;Ljava/lang/Object;ZZ)Ljava/lang/Object; @ 162 c2
Event: 7.421 Thread 0x00000186b6af2000 Uncommon trap: reason=unstable_if action=reinterpret pc=0x00000186c6abafb0 method=java.util.regex.Pattern$SliceI.match(Ljava/util/regex/Matcher;ILjava/lang/CharSequence;)Z @ 29 c2

Classes redefined (0 events):
No events

Internal exceptions (10 events):
Event: 6.455 Thread 0x00000186b6af2000 Exception <a 'java/lang/ClassNotFoundException'{0x00000007115447c8}: org/springframework/context/ApplicationContextAwareCustomizer> (0x00000007115447c8) thrown at [t:/workspace/open/src/hotspot/share/classfile/systemDictionary.cpp, line 231]
Event: 6.456 Thread 0x00000186b6af2000 Exception <a 'java/lang/ClassNotFoundException'{0x000000071154c398}: org/springframework/beans/factory/AwareCustomizer> (0x000000071154c398) thrown at [t:/workspace/open/src/hotspot/share/classfile/systemDictionary.cpp, line 231]
Event: 6.456 Thread 0x00000186b6af2000 Exception <a 'java/lang/ClassNotFoundException'{0x0000000711553388}: org/springframework/web/context/ServletContextAwareCustomizer> (0x0000000711553388) thrown at [t:/workspace/open/src/hotspot/share/classfile/systemDictionary.cpp, line 231]
Event: 6.466 Thread 0x00000186b6af2000 Exception <a 'java/lang/ClassNotFoundException'{0x000000071155aa30}: org/springframework/beans/factory/AwareCustomizer> (0x000000071155aa30) thrown at [t:/workspace/open/src/hotspot/share/classfile/systemDictionary.cpp, line 231]
Event: 6.636 Thread 0x00000186b6af2000 Exception <a 'java/lang/NoSuchMethodError'{0x00000007111075f0}: java.lang.invoke.DirectMethodHandle$Holder.invokeVirtual(Ljava/lang/Object;Ljava/lang/Object;I)V> (0x00000007111075f0) thrown at [t:/workspace/open/src/hotspot/share/interpreter/linkResolver.
Event: 6.814 Thread 0x00000186b6af2000 Exception <a 'java/lang/NoSuchMethodError'{0x0000000710dde258}: java.lang.invoke.DirectMethodHandle$Holder.invokeInterface(Ljava/lang/Object;Ljava/lang/Object;Ljava/lang/Object;)Ljava/lang/Object;> (0x0000000710dde258) thrown at [t:/workspace/open/src/hot
Event: 6.814 Thread 0x00000186b6af2000 Exception <a 'java/lang/IncompatibleClassChangeError'{0x0000000710de11e0}: Found class java.lang.Object, but interface was expected> (0x0000000710de11e0) thrown at [t:/workspace/open/src/hotspot/share/interpreter/linkResolver.cpp, line 838]
Event: 6.906 Thread 0x00000186b6af2000 Exception <a 'java/lang/NoSuchMethodError'{0x0000000710cfd350}: java.lang.invoke.DirectMethodHandle$Holder.invokeStaticInit(Ljava/lang/Object;Ljava/lang/Object;Ljava/lang/Object;Ljava/lang/Object;)I> (0x0000000710cfd350) thrown at [t:/workspace/open/src/h
Event: 7.217 Thread 0x00000186b6af2000 Implicit null exception at 0x00000186c6a537ac to 0x00000186c6a537de
Event: 7.348 Thread 0x00000186b6af2000 Exception <a 'sun/nio/fs/WindowsException'{0x00000007101dab88}> (0x00000007101dab88) thrown at [t:/workspace/open/src/hotspot/share/prims/jni.cpp, line 615]

Events (10 events):
Event: 7.495 loading class com/sun/crypto/provider/CipherBlockChaining
Event: 7.495 loading class com/sun/crypto/provider/CipherBlockChaining done
Event: 7.495 loading class sun/security/util/ArrayUtil
Event: 7.495 loading class sun/security/util/ArrayUtil done
Event: 7.499 loading class sun/security/ssl/SSLCipher$T10BlockReadCipherGenerator$BlockReadCipher
Event: 7.500 loading class sun/security/ssl/SSLCipher$T10BlockReadCipherGenerator$BlockReadCipher done
Event: 7.500 loading class java/lang/StrictMath
Event: 7.500 loading class java/lang/StrictMath done
Event: 7.502 loading class com/microsoft/sqlserver/jdbc/AuthenticationJNI
Event: 7.502 loading class com/microsoft/sqlserver/jdbc/AuthenticationJNI done


Dynamic libraries:
0x00007ff694760000 - 0x00007ff6947a7000 	C:\Program Files\Java\jdk-11.0.4\bin\java.exe
0x00007ffa60a00000 - 0x00007ffa60be1000 	C:\WINDOWS\SYSTEM32\ntdll.dll
0x00007ffa60840000 - 0x00007ffa608f1000 	C:\WINDOWS\System32\KERNEL32.DLL
0x00007ffa5dc00000 - 0x00007ffa5de73000 	C:\WINDOWS\System32\KERNELBASE.dll
0x00007ffa5fc30000 - 0x00007ffa5fcd1000 	C:\WINDOWS\System32\ADVAPI32.dll
0x00007ffa5fb90000 - 0x00007ffa5fc2e000 	C:\WINDOWS\System32\msvcrt.dll
0x00007ffa5f720000 - 0x00007ffa5f77b000 	C:\WINDOWS\System32\sechost.dll
0x00007ffa605e0000 - 0x00007ffa60704000 	C:\WINDOWS\System32\RPCRT4.dll
0x00007ffa5f790000 - 0x00007ffa5f920000 	C:\WINDOWS\System32\USER32.dll
0x00007ffa5d1a0000 - 0x00007ffa5d1c0000 	C:\WINDOWS\System32\win32u.dll
0x00007ffa60100000 - 0x00007ffa60128000 	C:\WINDOWS\System32\GDI32.dll
0x00007ffa5d220000 - 0x00007ffa5d3b1000 	C:\WINDOWS\System32\gdi32full.dll
0x00007ffa5d100000 - 0x00007ffa5d19f000 	C:\WINDOWS\System32\msvcp_win.dll
0x00007ffa5d000000 - 0x00007ffa5d0f8000 	C:\WINDOWS\System32\ucrtbase.dll
0x00007ffa51750000 - 0x00007ffa519b9000 	C:\WINDOWS\WinSxS\amd64_microsoft.windows.common-controls_6595b64144ccf1df_6.0.17134.1246_none_d3ffb9d77c90723d\COMCTL32.dll
0x00007ffa55340000 - 0x00007ffa5534a000 	C:\WINDOWS\SYSTEM32\VERSION.dll
0x00007ffa602b0000 - 0x00007ffa605d1000 	C:\WINDOWS\System32\combase.dll
0x00007ffa5d470000 - 0x00007ffa5d4e9000 	C:\WINDOWS\System32\bcryptPrimitives.dll
0x00007ffa5fb60000 - 0x00007ffa5fb8d000 	C:\WINDOWS\System32\IMM32.DLL
0x00007ffa51080000 - 0x00007ffa51096000 	C:\Program Files\Java\jdk-11.0.4\bin\vcruntime140.dll
0x00007ffa45880000 - 0x00007ffa4592a000 	C:\Program Files\Java\jdk-11.0.4\bin\msvcp140.dll
0x00007ffa0b5f0000 - 0x00007ffa0c117000 	C:\Program Files\Java\jdk-11.0.4\bin\server\jvm.dll
0x00007ffa5f780000 - 0x00007ffa5f788000 	C:\WINDOWS\System32\PSAPI.DLL
0x00007ffa48080000 - 0x00007ffa48089000 	C:\WINDOWS\SYSTEM32\WSOCK32.dll
0x00007ffa60770000 - 0x00007ffa607dc000 	C:\WINDOWS\System32\WS2_32.dll
0x00007ffa4f930000 - 0x00007ffa4f953000 	C:\WINDOWS\SYSTEM32\WINMM.dll
0x00007ffa4f900000 - 0x00007ffa4f92a000 	C:\WINDOWS\SYSTEM32\WINMMBASE.dll
0x00007ffa5cdc0000 - 0x00007ffa5ce09000 	C:\WINDOWS\System32\cfgmgr32.dll
0x00007ffa5cd30000 - 0x00007ffa5cd41000 	C:\WINDOWS\System32\kernel.appcore.dll
0x00007ffa46130000 - 0x00007ffa46141000 	C:\Program Files\Java\jdk-11.0.4\bin\verify.dll
0x00007ffa5b6a0000 - 0x00007ffa5b869000 	C:\WINDOWS\SYSTEM32\DBGHELP.DLL
0x00007ffa56b30000 - 0x00007ffa56b59000 	C:\WINDOWS\SYSTEM32\dbgcore.DLL
0x00007ffa46100000 - 0x00007ffa46129000 	C:\Program Files\Java\jdk-11.0.4\bin\java.dll
0x00007ffa45030000 - 0x00007ffa4505f000 	C:\Program Files\Java\jdk-11.0.4\bin\instrument.dll
0x00007ffa46020000 - 0x00007ffa46036000 	C:\Program Files\Java\jdk-11.0.4\bin\zip.dll
0x00007ffa51070000 - 0x00007ffa5107a000 	C:\Program Files\Java\jdk-11.0.4\bin\jimage.dll
0x00007ffa5de80000 - 0x00007ffa5f2c5000 	C:\WINDOWS\System32\SHELL32.dll
0x00007ffa5f930000 - 0x00007ffa5f9d9000 	C:\WINDOWS\System32\shcore.dll
0x00007ffa5d4f0000 - 0x00007ffa5dc00000 	C:\WINDOWS\System32\windows.storage.dll
0x00007ffa607e0000 - 0x00007ffa60831000 	C:\WINDOWS\System32\shlwapi.dll
0x00007ffa5cda0000 - 0x00007ffa5cdbf000 	C:\WINDOWS\System32\profapi.dll
0x00007ffa5cd50000 - 0x00007ffa5cd9c000 	C:\WINDOWS\System32\powrprof.dll
0x00007ffa5cd00000 - 0x00007ffa5cd0a000 	C:\WINDOWS\System32\FLTLIB.DLL
0x00007ffa45dc0000 - 0x00007ffa45dd9000 	C:\Program Files\Java\jdk-11.0.4\bin\net.dll
0x00007ffa58440000 - 0x00007ffa5851d000 	C:\WINDOWS\SYSTEM32\WINHTTP.dll
0x00007ffa50a40000 - 0x00007ffa50c0a000 	C:\WINDOWS\SYSTEM32\urlmon.dll
0x00007ffa50700000 - 0x00007ffa509a7000 	C:\WINDOWS\SYSTEM32\iertutil.dll
0x00007ffa5c690000 - 0x00007ffa5c69b000 	C:\WINDOWS\SYSTEM32\CRYPTBASE.DLL
0x00007ffa5c4d0000 - 0x00007ffa5c536000 	C:\WINDOWS\system32\mswsock.dll
0x00007ffa45da0000 - 0x00007ffa45db3000 	C:\Program Files\Java\jdk-11.0.4\bin\nio.dll
0x00007ffa45ca0000 - 0x00007ffa45cba000 	D:\IntelliJ\IntelliJ IDEA Community Edition 2019.3.3\bin\breakgen64.dll
0x00007ffa51040000 - 0x00007ffa51049000 	C:\Program Files\Java\jdk-11.0.4\bin\management.dll
0x00007ffa50520000 - 0x00007ffa5052c000 	C:\Program Files\Java\jdk-11.0.4\bin\management_ext.dll
0x00007ffa53fb0000 - 0x00007ffa53fc6000 	C:\WINDOWS\system32\napinsp.dll
0x00007ffa54060000 - 0x00007ffa5407a000 	C:\WINDOWS\system32\pnrpnsp.dll
0x00007ffa56d00000 - 0x00007ffa56d19000 	C:\WINDOWS\system32\NLAapi.dll
0x00007ffa5c270000 - 0x00007ffa5c32e000 	C:\WINDOWS\SYSTEM32\DNSAPI.dll
0x00007ffa600f0000 - 0x00007ffa600f8000 	C:\WINDOWS\System32\NSI.dll
0x00007ffa5c230000 - 0x00007ffa5c268000 	C:\WINDOWS\SYSTEM32\IPHLPAPI.DLL
0x00007ffa54420000 - 0x00007ffa5442e000 	C:\WINDOWS\System32\winrnr.dll
0x00007ffa57fd0000 - 0x00007ffa57fe5000 	C:\WINDOWS\System32\wshbth.dll
0x00007ffa55400000 - 0x00007ffa5540a000 	C:\Windows\System32\rasadhlp.dll
0x00007ffa55360000 - 0x00007ffa553d2000 	C:\WINDOWS\System32\fwpuclnt.dll
0x00007ffa5c860000 - 0x00007ffa5c885000 	C:\WINDOWS\SYSTEM32\bcrypt.dll
0x0000000180000000 - 0x0000000180282000 	D:\apache-tomcat-9.0.22\bin\tcnative-1.dll
0x00007ffa5ce10000 - 0x00007ffa5cff2000 	C:\WINDOWS\System32\CRYPT32.dll
0x00007ffa5cd10000 - 0x00007ffa5cd22000 	C:\WINDOWS\System32\MSASN1.dll
0x00007ffa5c740000 - 0x00007ffa5c757000 	C:\WINDOWS\SYSTEM32\CRYPTSP.dll
0x00007ffa5c090000 - 0x00007ffa5c0c3000 	C:\WINDOWS\system32\rsaenh.dll
0x00007ffa5cc00000 - 0x00007ffa5cc28000 	C:\WINDOWS\SYSTEM32\USERENV.dll
0x00007ffa59210000 - 0x00007ffa59226000 	C:\WINDOWS\SYSTEM32\dhcpcsvc6.DLL
0x00007ffa591f0000 - 0x00007ffa5920a000 	C:\WINDOWS\SYSTEM32\dhcpcsvc.DLL
0x00007ffa59230000 - 0x00007ffa5923b000 	C:\WINDOWS\SYSTEM32\WINNSI.DLL
0x00007ffa45de0000 - 0x00007ffa45e07000 	C:\Program Files\Java\jdk-11.0.4\bin\sunec.dll
0x00007ffa444e0000 - 0x00007ffa4452b000 	C:\Program Files\Java\jdk-11.0.4\bin\sqljdbc_auth.dll
0x00007ffa60150000 - 0x00007ffa602a1000 	C:\WINDOWS\System32\ole32.dll
0x00007ffa4f8f0000 - 0x00007ffa4f8fc000 	C:\WINDOWS\system32\secur32.dll
0x00007ffa5cc30000 - 0x00007ffa5cc60000 	C:\WINDOWS\SYSTEM32\SSPICLI.DLL
0x00007ffa5c5a0000 - 0x00007ffa5c68a000 	C:\WINDOWS\system32\kerberos.DLL
0x00007ffa5c460000 - 0x00007ffa5c4d0000 	C:\WINDOWS\system32\msv1_0.DLL
0x00007ffa5c790000 - 0x00007ffa5c79d000 	C:\WINDOWS\SYSTEM32\NtlmShared.dll
0x00007ffa5c760000 - 0x00007ffa5c774000 	C:\WINDOWS\SYSTEM32\cryptdll.dll
0x00007ffa4c120000 - 0x00007ffa4c148000 	C:\WINDOWS\system32\ntdsapi.dll

dbghelp: loaded successfully - version: 4.0.5 - missing functions: none
symbol engine: initialized successfully - sym options: 0x614 - pdb path: .;C:\Program Files\Java\jdk-11.0.4\bin;C:\WINDOWS\SYSTEM32;C:\WINDOWS\WinSxS\amd64_microsoft.windows.common-controls_6595b64144ccf1df_6.0.17134.1246_none_d3ffb9d77c90723d;C:\Program Files\Java\jdk-11.0.4\bin\server;D:\IntelliJ\IntelliJ IDEA Community Edition 2019.3.3\bin;D:\apache-tomcat-9.0.22\bin

VM Arguments:
jvm_args: -javaagent:D:\IntelliJ\IntelliJ IDEA Community Edition 2019.3.3\lib\idea_rt.jar=52384:D:\IntelliJ\IntelliJ IDEA Community Edition 2019.3.3\bin -Dfile.encoding=UTF-8 
java_command: com.example.filedemo.FileDemoApplication
java_class_path (initial): D:\MyProjects\files\oryginal\spring-boot-file-upload-download-rest-api-example\target\classes;C:\Users\k.formela\.m2\repository\org\springframework\boot\spring-boot-starter-web\2.2.1.RELEASE\spring-boot-starter-web-2.2.1.RELEASE.jar;C:\Users\k.formela\.m2\repository\org\springframework\boot\spring-boot-starter\2.2.1.RELEASE\spring-boot-starter-2.2.1.RELEASE.jar;C:\Users\k.formela\.m2\repository\org\springframework\boot\spring-boot\2.2.1.RELEASE\spring-boot-2.2.1.RELEASE.jar;C:\Users\k.formela\.m2\repository\org\springframework\boot\spring-boot-autoconfigure\2.2.1.RELEASE\spring-boot-autoconfigure-2.2.1.RELEASE.jar;C:\Users\k.formela\.m2\repository\org\springframework\boot\spring-boot-starter-logging\2.2.1.RELEASE\spring-boot-starter-logging-2.2.1.RELEASE.jar;C:\Users\k.formela\.m2\repository\ch\qos\logback\logback-classic\1.2.3\logback-classic-1.2.3.jar;C:\Users\k.formela\Downloads\sqljdbc4-2.0.jar;C:\Users\k.formela\.m2\repository\ch\qos\logback\logback-core\1.2.3\logback-core-1.2.3.jar;C:\Users\k.formela\.m2\repository\org\apache\logging\log4j\log4j-to-slf4j\2.12.1\log4j-to-slf4j-2.12.1.jar;C:\Users\k.formela\.m2\repository\org\apache\logging\log4j\log4j-api\2.12.1\log4j-api-2.12.1.jar;C:\Users\k.formela\.m2\repository\org\slf4j\jul-to-slf4j\1.7.29\jul-to-slf4j-1.7.29.jar;C:\Users\k.formela\.m2\repository\jakarta\annotation\jakarta.annotation-api\1.3.5\jakarta.annotation-api-1.3.5.jar;C:\Users\k.formela\.m2\repository\org\yaml\snakeyaml\1.25\snakeyaml-1.25.jar;C:\Users\k.formela\.m2\repository\org\springframework\boot\spring-boot-starter-json\2.2.1.RELEASE\spring-boot-starter-json-2.2.1.RELEASE.jar;C:\Users\k.formela\.m2\repository\com\fasterxml\jackson\core\jackson-databind\2.10.0\jackson-databind-2.10.0.jar;C:\Users\k.formela\.m2\repository\com\fasterxml\jackson\core\jackson-annotations\2.10.0\jackson-annotations-2.10.0.jar;C:\Users\k.formela\.m2\repository\com\fasterxml\jackson\core\jackson-core\2.10.0\jackson-core-2.10.0.jar;C:\Use
Launcher Type: SUN_STANDARD

[Global flags]
     intx CICompilerCount                          = 3                                         {product} {ergonomic}
     uint ConcGCThreads                            = 1                                         {product} {ergonomic}
     uint G1ConcRefinementThreads                  = 4                                         {product} {ergonomic}
   size_t G1HeapRegionSize                         = 1048576                                   {product} {ergonomic}
    uintx GCDrainStackTargetSize                   = 64                                        {product} {ergonomic}
   size_t InitialHeapSize                          = 268435456                                 {product} {ergonomic}
   size_t MarkStackSize                            = 4194304                                   {product} {ergonomic}
   size_t MaxHeapSize                              = 4269801472                                {product} {ergonomic}
   size_t MaxNewSize                               = 2561671168                                {product} {ergonomic}
   size_t MinHeapDeltaBytes                        = 1048576                                   {product} {ergonomic}
    uintx NonNMethodCodeHeapSize                   = 5830092                                {pd product} {ergonomic}
    uintx NonProfiledCodeHeapSize                  = 122914074                              {pd product} {ergonomic}
    uintx ProfiledCodeHeapSize                     = 122914074                              {pd product} {ergonomic}
    uintx ReservedCodeCacheSize                    = 251658240                              {pd product} {ergonomic}
     bool SegmentedCodeCache                       = true                                      {product} {ergonomic}
     bool UseCompressedClassPointers               = true                                 {lp64_product} {ergonomic}
     bool UseCompressedOops                        = true                                 {lp64_product} {ergonomic}
     bool UseG1GC                                  = true                                      {product} {ergonomic}
     bool UseLargePagesIndividualAllocation        = false                                  {pd product} {ergonomic}

Logging:
Log output configuration:
 #0: stdout all=warning uptime,level,tags
 #1: stderr all=off uptime,level,tags

Environment Variables:
JAVA_HOME=C:\Program Files\Java\jdk1.8.0_144
PATH=C:\Program Files (x86)\Common Files\Oracle\Java\javapath;C:\Program Files\Java\jdk1.8.0_144\bin;C:\Program Files\Microsoft MPI\Bin\;C:\PROGRA~2\COMMON~1\Oracle\Java\javapath;C:\PROGRA~3\Oracle\Java\javapath;C:\PROGRA~2\Intel\ICLSCL~1\;C:\PROGRA~1\Intel\ICLSCL~1\;C:\WINDOWS\system32;C:\WINDOWS;C:\WINDOWS\System32\Wbem;C:\WINDOWS\System32\WindowsPowerShell\v1.0\;C:\PROGRA~2\Intel\INTEL(~2\DAL;C:\PROGRA~1\Intel\INTEL(~3\DAL;C:\PROGRA~2\Intel\INTEL(~2\IPT;C:\PROGRA~1\Intel\INTEL(~3\IPT;C:\PROGRA~1\TORTOI~1\bin;C:\PROGRA~1\SlikSvn\bin;c:\PROGRA~2\MICROS~2.0\Common7\IDE\PRIVAT~1\;C:\PROGRA~2\SQLANY~1\bin64;C:\PROGRA~2\SQLANY~1\bin32;C:\PROGRA~2\Sybase\Shared\POWERB~1;C:\PROGRA~2\Sybase\POWERB~1.0;C:\PROGRA~1\TORTOI~2\bin;C:\PROGRA~2\WI3CF2~1\8.1\WINDOW~1\;C:\PROGRA~1\Git\cmd;C:\WINDOWS\System32\OpenSSH\;C:\PROGRA~1\Intel\WiFi\bin\;C:\PROGRA~1\COMMON~1\Intel\WIRELE~1\;C:\MongoDB\Server\3.6\bin;C:\Program Files\SlikSvn\bin;C:\protbuf\bin;C:\protweb;C:\Program Files\TortoiseGit\bin;C:\Program Files\Intel\WiFi\bin\;C:\Program Files\Common Files\Intel\WirelessCommon\;C:\Program Files\TortoiseSVN\bin;C:\apache-maven-3.6.2\bin;D:\apache-tomcat-9.0.22\bin;D:\node\;C:\Go\bin;C:\curl\curl-7.68.0-win64-mingw\bin;C:\Users\k.formela\AppData\Local\Programs\Python\Python37-32\Scripts\;C:\Users\k.formela\AppData\Local\Programs\Python\Python37-32\;C:\Users\k.formela\.windows-build-tools\python27\;C:\PROGRA~1\nodejs\node_modules\npm\node_modules\npm-lifecycle\node-gyp-bin;C:\Users\k.formela\AppData\Roaming\npm\node_modules\windows-build-tools\node_modules\.bin;C:\Users\k.formela\AppData\Roaming\npm\node_modules\.bin;C:\ProgramData\DockerDesktop\version-bin;C:\Program Files\Docker\Docker\Resources\bin;C:\PROGRA~2\COMMON~1\Oracle\Java\javapath;C:\PROGRA~3\Oracle\Java\javapath;C:\PROGRA~2\Intel\ICLSCL~1\;C:\PROGRA~1\Intel\ICLSCL~1\;C:\WINDOWS\system32;C:\WINDOWS;C:\WINDOWS\System32\Wbem;C:\WINDOWS\System32\WindowsPowerShell\v1.0\;C:\PROGRA~2\Intel\INTEL(~2\DAL;C:\PROGRA~1\Intel\INTEL(~3\DAL
USERNAME=k.formela
OS=Windows_NT
PROCESSOR_IDENTIFIER=Intel64 Family 6 Model 142 Stepping 9, GenuineIntel



---------------  S Y S T E M  ---------------

OS: Windows 10 , 64 bit Build 17134 (10.0.17134.753)

CPU:total 4 (initial active 4) (2 cores per cpu, 2 threads per core) family 6 model 142 stepping 9, cmov, cx8, fxsr, mmx, sse, sse2, sse3, ssse3, sse4.1, sse4.2, popcnt, avx, avx2, aes, clmul, erms, 3dnowpref, lzcnt, ht, tsc, tscinvbit, bmi1, bmi2, adx, fma

Memory: 4k page, system-wide physical 16282M (7390M free)
TotalPageFile size 19314M (AvailPageFile size 6668M)
current process WorkingSet (physical memory assigned to process): 174M, peak: 184M
current process commit charge ("private bytes"): 406M, peak: 417M

vm_info: Java HotSpot(TM) 64-Bit Server VM (11.0.4+10-LTS) for windows-amd64 JRE (11.0.4+10-LTS), built on Jul  4 2019 16:28:13 by "mach5one" with MS VC++ 15.5 (VS2017)

END.
