#
# A fatal error has been detected by the Java Runtime Environment:
#
#  EXCEPTION_ACCESS_VIOLATION (0xc0000005) at pc=0x00007ffad55615ab, pid=18008, tid=22732
#
# JRE version: Java(TM) SE Runtime Environment (11.0.4+10) (build 11.0.4+10-LTS)
# Java VM: Java HotSpot(TM) 64-Bit Server VM (11.0.4+10-LTS, mixed mode, tiered, compressed oops, g1 gc, windows-amd64)
# Problematic frame:
# V  [jvm.dll+0x3d15ab]
#
# No core dump will be written. Minidumps are not enabled by default on client versions of Windows
#
# If you would like to submit a bug report, please visit:
#   http://bugreport.java.com/bugreport/crash.jsp
#

---------------  S U M M A R Y ------------

Command Line: -javaagent:D:\IntelliJ\IntelliJ IDEA 2019.2\lib\idea_rt.jar=61302:D:\IntelliJ\IntelliJ IDEA 2019.2\bin -Dfile.encoding=UTF-8 com.example.filedemo.FileDemoApplication

Host: Intel(R) Core(TM) i5-7200U CPU @ 2.50GHz, 4 cores, 15G,  Windows 10 , 64 bit Build 17134 (10.0.17134.753)
Time: Mon Feb 17 09:02:46 2020 ?rodkowoeuropejski czas stand. elapsed time: 6 seconds (0d 0h 0m 6s)

---------------  T H R E A D  ---------------

Current thread (0x000001b573562000):  JavaThread "main" [_thread_in_vm, id=22732, stack(0x0000001563700000,0x0000001563800000)]

Stack: [0x0000001563700000,0x0000001563800000],  sp=0x00000015637fe660,  free space=1017k
Native frames: (J=compiled Java code, j=interpreted, Vv=VM code, C=native code)
V  [jvm.dll+0x3d15ab]
C  [sqljdbc_auth.dll+0x66e7]

Java frames: (J=compiled Java code, j=interpreted, Vv=VM code)
j  com.microsoft.sqlserver.jdbc.AuthenticationJNI.SNISecGenClientContext([B[I[BI[B[I[ZLjava/lang/String;Ljava/lang/String;Ljava/lang/String;Ljava/util/logging/Logger;)I+0
j  com.microsoft.sqlserver.jdbc.AuthenticationJNI.GenerateClientContext([BI[B[I[Z)I+24
j  com.microsoft.sqlserver.jdbc.SQLServerConnection.SSPIData([B[B[I[ZLcom/microsoft/sqlserver/jdbc/AuthenticationJNI;)V+13
j  com.microsoft.sqlserver.jdbc.SQLServerConnection.sendLogon(Lcom/microsoft/sqlserver/jdbc/SQLServerConnection$LogonCommand;Lcom/microsoft/sqlserver/jdbc/AuthenticationJNI;)V+155
j  com.microsoft.sqlserver.jdbc.SQLServerConnection.logon(Lcom/microsoft/sqlserver/jdbc/SQLServerConnection$LogonCommand;)V+20
j  com.microsoft.sqlserver.jdbc.SQLServerConnection.access$000(Lcom/microsoft/sqlserver/jdbc/SQLServerConnection;Lcom/microsoft/sqlserver/jdbc/SQLServerConnection$LogonCommand;)V+2
j  com.microsoft.sqlserver.jdbc.SQLServerConnection$LogonCommand.doExecute()Z+5
j  com.microsoft.sqlserver.jdbc.TDSCommand.execute(Lcom/microsoft/sqlserver/jdbc/TDSWriter;Lcom/microsoft/sqlserver/jdbc/TDSReader;)Z+30
j  com.microsoft.sqlserver.jdbc.SQLServerConnection.executeCommand(Lcom/microsoft/sqlserver/jdbc/TDSCommand;)Z+45
j  com.microsoft.sqlserver.jdbc.SQLServerConnection.connectHelper(Lcom/microsoft/sqlserver/jdbc/ServerPortPlaceHolder;II)V+284
j  com.microsoft.sqlserver.jdbc.SQLServerConnection.login(Ljava/lang/String;Ljava/lang/String;ILjava/lang/String;Lcom/microsoft/sqlserver/jdbc/FailoverInfo;IJ)V+399
j  com.microsoft.sqlserver.jdbc.SQLServerConnection.connect(Ljava/util/Properties;Lcom/microsoft/sqlserver/jdbc/SQLServerPooledConnection;)Ljava/sql/Connection;+1929
j  com.microsoft.sqlserver.jdbc.SQLServerDriver.connect(Ljava/lang/String;Ljava/util/Properties;)Ljava/sql/Connection;+45
j  java.sql.DriverManager.getConnection(Ljava/lang/String;Ljava/util/Properties;Ljava/lang/Class;)Ljava/sql/Connection;+130 java.sql@11.0.4
j  java.sql.DriverManager.getConnection(Ljava/lang/String;)Ljava/sql/Connection;+13 java.sql@11.0.4
j  com.example.filedemo.FileDemoApplication.main([Ljava/lang/String;)V+19
v  ~StubRoutines::call_stub

siginfo: EXCEPTION_ACCESS_VIOLATION (0xc0000005), reading address 0x000001bfc88b4907


Register to memory mapping:

RIP=0x00007ffad55615ab jvm.dll
RAX=0x000001bfc88b48ff is an unknown value
RBX=0x000001b573562000 is a thread
RCX=0x000001bfc88b48ff is an unknown value
RDX=0x0000000000000006 is an unknown value
RSP=0x00000015637fe660 is pointing into the stack for thread: 0x000001b573562000
RBP=0x00000015637fe700 is pointing into the stack for thread: 0x000001b573562000
RSI=0x000001b573562000 is a thread
RDI=0x00007ffad577dbcf jvm.dll
R8 =0x0000000000000004 is an unknown value
R9 =0x0 is NULL
R10=0x00007ffafec8e200 sqljdbc_auth.dll
R11=0x00000007102a81f8 is pointing into object: [B 
{0x00000007102a81e8} - klass: {type array byte}
 - length: 47
R12=0x00000015637fe9f8 is pointing into the stack for thread: 0x000001b573562000
R13=0x0 is NULL
R14=0x000001b573562340 points into unknown readable memory: b0 3d b8 d5 fa 7f 00 00
R15=0x0 is NULL


Registers:
RAX=0x000001bfc88b48ff, RBX=0x000001b573562000, RCX=0x000001bfc88b48ff, RDX=0x0000000000000006
RSP=0x00000015637fe660, RBP=0x00000015637fe700, RSI=0x000001b573562000, RDI=0x00007ffad577dbcf
R8 =0x0000000000000004, R9 =0x0000000000000000, R10=0x00007ffafec8e200, R11=0x00000007102a81f8
R12=0x00000015637fe9f8, R13=0x0000000000000000, R14=0x000001b573562340, R15=0x0000000000000000
RIP=0x00007ffad55615ab, EFLAGS=0x0000000000010202

Top of Stack: (sp=0x00000015637fe660)
0x00000015637fe660:   000001b573562000 000001b573562340
0x00000015637fe670:   000001b573562000 0000000000000000
0x00000015637fe680:   000001b573562000 0000000000000000
0x00000015637fe690:   0000000000000000 00000015637fe9f0
0x00000015637fe6a0:   00000015637fe9f0 00007ffafec666e7
0x00000015637fe6b0:   000001b573562340 00000015637fe7b0
0x00000015637fe6c0:   00007ffad577dbcf 000001b516fdbcb0
0x00000015637fe6d0:   0000000000000000 0000000000000000
0x00000015637fe6e0:   0000000000000000 0000000002000000
0x00000015637fe6f0:   00000015637fe600 0000000000000000
0x00000015637fe700:   0000000000000000 000001b500053180
0x00000015637fe710:   0000000000000000 0000000000000000
0x00000015637fe720:   000001b500000000 00007ffad593b488
0x00000015637fe730:   0000000000000000 0000000000000000
0x00000015637fe740:   00000015637fe9c0 0000000000000000
0x00000015637fe750:   00000015637fe9d8 00000015637fe9d0 

Instructions: (pc=0x00007ffad55615ab)
0x00007ffad556158b:   00 48 8b cf 40 f6 c7 01 74 07 e8 86 af 03 00 eb
0x00007ffad556159b:   06 ff 15 fe e8 61 00 80 3d 28 4c 68 00 00 74 15
0x00007ffad55615ab:   8b 40 08 8b 0d e4 c4 63 00 48 d3 e0 48 03 05 d2
0x00007ffad55615bb:   c4 63 00 eb 04 48 8b 40 08 48 8b c8 e8 74 4d 14 


Stack slot to memory mapping:
stack at sp + 0 slots: 0x000001b573562000 is a thread
stack at sp + 1 slots: 0x000001b573562340 points into unknown readable memory: b0 3d b8 d5 fa 7f 00 00
stack at sp + 2 slots: 0x000001b573562000 is a thread
stack at sp + 3 slots: 0x0 is NULL
stack at sp + 4 slots: 0x000001b573562000 is a thread
stack at sp + 5 slots: 0x0 is NULL
stack at sp + 6 slots: 0x0 is NULL
stack at sp + 7 slots: 0x00000015637fe9f0 is pointing into the stack for thread: 0x000001b573562000


---------------  P R O C E S S  ---------------

Threads class SMR info:
_java_thread_list=0x000001b51a659880, length=28, elements={
0x000001b573562000, 0x000001b516fdf800, 0x000001b517003000, 0x000001b51705f800,
0x000001b517061000, 0x000001b517063000, 0x000001b51706a800, 0x000001b5170c2000,
0x000001b5171d9800, 0x000001b5174c9000, 0x000001b5174ca000, 0x000001b51a02c800,
0x000001b518082800, 0x000001b518a6e800, 0x000001b51a4f7800, 0x000001b517b2a000,
0x000001b518806800, 0x000001b51a52a800, 0x000001b51b66a000, 0x000001b51b667000,
0x000001b51b66c000, 0x000001b51b66c800, 0x000001b51b66b000, 0x000001b51b66d800,
0x000001b51b667800, 0x000001b51b668800, 0x000001b51b669800, 0x000001b518ce9800
}

Java Threads: ( => current thread )
=>0x000001b573562000 JavaThread "main" [_thread_in_vm, id=22732, stack(0x0000001563700000,0x0000001563800000)]
  0x000001b516fdf800 JavaThread "Reference Handler" daemon [_thread_blocked, id=14368, stack(0x0000001563e00000,0x0000001563f00000)]
  0x000001b517003000 JavaThread "Finalizer" daemon [_thread_blocked, id=20692, stack(0x0000001563f00000,0x0000001564000000)]
  0x000001b51705f800 JavaThread "Signal Dispatcher" daemon [_thread_blocked, id=23488, stack(0x0000001564000000,0x0000001564100000)]
  0x000001b517061000 JavaThread "Attach Listener" daemon [_thread_blocked, id=22584, stack(0x0000001564100000,0x0000001564200000)]
  0x000001b517063000 JavaThread "C2 CompilerThread0" daemon [_thread_blocked, id=17276, stack(0x0000001564200000,0x0000001564300000)]
  0x000001b51706a800 JavaThread "C1 CompilerThread0" daemon [_thread_blocked, id=5876, stack(0x0000001564300000,0x0000001564400000)]
  0x000001b5170c2000 JavaThread "Sweeper thread" daemon [_thread_blocked, id=8676, stack(0x0000001564400000,0x0000001564500000)]
  0x000001b5171d9800 JavaThread "Common-Cleaner" daemon [_thread_blocked, id=15848, stack(0x0000001564500000,0x0000001564600000)]
  0x000001b5174c9000 JavaThread "Monitor Ctrl-Break" daemon [_thread_in_native, id=12556, stack(0x0000001564700000,0x0000001564800000)]
  0x000001b5174ca000 JavaThread "Service Thread" daemon [_thread_blocked, id=4444, stack(0x0000001564800000,0x0000001564900000)]
  0x000001b51a02c800 JavaThread "C2 CompilerThread1" daemon [_thread_blocked, id=12268, stack(0x0000001564600000,0x0000001564700000)]
  0x000001b518082800 JavaThread "Catalina-utility-1" [_thread_blocked, id=15636, stack(0x0000001564d00000,0x0000001564e00000)]
  0x000001b518a6e800 JavaThread "Catalina-utility-2" [_thread_blocked, id=8860, stack(0x0000001564e00000,0x0000001564f00000)]
  0x000001b51a4f7800 JavaThread "container-0" [_thread_blocked, id=17216, stack(0x0000001564f00000,0x0000001565000000)]
  0x000001b517b2a000 JavaThread "http-nio-8080-BlockPoller" daemon [_thread_in_native, id=19244, stack(0x0000001565000000,0x0000001565100000)]
  0x000001b518806800 JavaThread "http-nio-8080-exec-1" daemon [_thread_blocked, id=19680, stack(0x0000001565100000,0x0000001565200000)]
  0x000001b51a52a800 JavaThread "http-nio-8080-exec-2" daemon [_thread_blocked, id=21204, stack(0x0000001565200000,0x0000001565300000)]
  0x000001b51b66a000 JavaThread "http-nio-8080-exec-3" daemon [_thread_blocked, id=4420, stack(0x0000001565300000,0x0000001565400000)]
  0x000001b51b667000 JavaThread "http-nio-8080-exec-4" daemon [_thread_blocked, id=21220, stack(0x0000001565400000,0x0000001565500000)]
  0x000001b51b66c000 JavaThread "http-nio-8080-exec-5" daemon [_thread_blocked, id=19400, stack(0x0000001565500000,0x0000001565600000)]
  0x000001b51b66c800 JavaThread "http-nio-8080-exec-6" daemon [_thread_blocked, id=7952, stack(0x0000001565600000,0x0000001565700000)]
  0x000001b51b66b000 JavaThread "http-nio-8080-exec-7" daemon [_thread_blocked, id=9064, stack(0x0000001565700000,0x0000001565800000)]
  0x000001b51b66d800 JavaThread "http-nio-8080-exec-8" daemon [_thread_blocked, id=23244, stack(0x0000001565800000,0x0000001565900000)]
  0x000001b51b667800 JavaThread "http-nio-8080-exec-9" daemon [_thread_blocked, id=10740, stack(0x0000001565900000,0x0000001565a00000)]
  0x000001b51b668800 JavaThread "http-nio-8080-exec-10" daemon [_thread_blocked, id=17380, stack(0x0000001565a00000,0x0000001565b00000)]
  0x000001b51b669800 JavaThread "http-nio-8080-ClientPoller" daemon [_thread_in_native, id=6672, stack(0x0000001565b00000,0x0000001565c00000)]
  0x000001b518ce9800 JavaThread "http-nio-8080-Acceptor" daemon [_thread_in_native, id=9468, stack(0x0000001565c00000,0x0000001565d00000)]

Other Threads:
  0x000001b516fdb000 VMThread "VM Thread" [stack: 0x0000001563d00000,0x0000001563e00000] [id=20580]
  0x000001b5174d3000 WatcherThread [stack: 0x0000001564900000,0x0000001564a00000] [id=18504]
  0x000001b573579800 GCTaskThread "GC Thread#0" [stack: 0x0000001563800000,0x0000001563900000] [id=21476]
  0x000001b5178a0000 GCTaskThread "GC Thread#1" [stack: 0x0000001564a00000,0x0000001564b00000] [id=17512]
  0x000001b517999800 GCTaskThread "GC Thread#2" [stack: 0x0000001564b00000,0x0000001564c00000] [id=14868]
  0x000001b517a38800 GCTaskThread "GC Thread#3" [stack: 0x0000001564c00000,0x0000001564d00000] [id=10312]
  0x000001b5735d6800 ConcurrentGCThread "G1 Main Marker" [stack: 0x0000001563900000,0x0000001563a00000] [id=16648]
  0x000001b5735d8000 ConcurrentGCThread "G1 Conc#0" [stack: 0x0000001563a00000,0x0000001563b00000] [id=16656]
  0x000001b57f4d3800 ConcurrentGCThread "G1 Refine#0" [stack: 0x0000001563b00000,0x0000001563c00000] [id=12144]
  0x000001b57f4d4800 ConcurrentGCThread "G1 Young RemSet Sampling" [stack: 0x0000001563c00000,0x0000001563d00000] [id=13996]

Threads with active compile tasks:

VM state:not at safepoint (normal execution)

VM Mutex/Monitor currently owned by a thread: None

Heap address: 0x0000000701800000, size: 4072 MB, Compressed Oops mode: Zero based, Oop shift amount: 3
Narrow klass base: 0x0000000800000000, Narrow klass shift: 0
Compressed class space size: 1073741824 Address: 0x0000000800000000

Heap:
 garbage-first heap   total 262144K, used 32425K [0x0000000701800000, 0x0000000800000000)
  region size 1024K, 29 young (29696K), 7 survivors (7168K)
 Metaspace       used 41552K, capacity 42548K, committed 42752K, reserved 1087488K
  class space    used 4889K, capacity 5291K, committed 5376K, reserved 1048576K
Heap Regions: E=young(eden), S=young(survivor), O=old, HS=humongous(starts), HC=humongous(continues), CS=collection set, F=free, A=archive, TAMS=top-at-mark-start (previous, next)
|   0|0x0000000701800000, 0x0000000701900000, 0x0000000701900000|100%| O|  |TAMS 0x0000000701900000, 0x0000000701800000| Untracked 
|   1|0x0000000701900000, 0x0000000701a00000, 0x0000000701a00000|100%| O|  |TAMS 0x0000000701a00000, 0x0000000701900000| Untracked 
|   2|0x0000000701a00000, 0x0000000701b00000, 0x0000000701b00000|100%| O|  |TAMS 0x0000000701b00000, 0x0000000701a00000| Untracked 
|   3|0x0000000701b00000, 0x0000000701bbc600, 0x0000000701c00000| 73%| O|  |TAMS 0x0000000701bbc600, 0x0000000701b00000| Untracked 
|   4|0x0000000701c00000, 0x0000000701c00000, 0x0000000701d00000|  0%| F|  |TAMS 0x0000000701c00000, 0x0000000701c00000| Untracked 
|   5|0x0000000701d00000, 0x0000000701d00000, 0x0000000701e00000|  0%| F|  |TAMS 0x0000000701d00000, 0x0000000701d00000| Untracked 
|   6|0x0000000701e00000, 0x0000000701e00000, 0x0000000701f00000|  0%| F|  |TAMS 0x0000000701e00000, 0x0000000701e00000| Untracked 
|   7|0x0000000701f00000, 0x0000000701f00000, 0x0000000702000000|  0%| F|  |TAMS 0x0000000701f00000, 0x0000000701f00000| Untracked 
|   8|0x0000000702000000, 0x0000000702000000, 0x0000000702100000|  0%| F|  |TAMS 0x0000000702000000, 0x0000000702000000| Untracked 
|   9|0x0000000702100000, 0x0000000702100000, 0x0000000702200000|  0%| F|  |TAMS 0x0000000702100000, 0x0000000702100000| Untracked 
|  10|0x0000000702200000, 0x0000000702200000, 0x0000000702300000|  0%| F|  |TAMS 0x0000000702200000, 0x0000000702200000| Untracked 
|  11|0x0000000702300000, 0x0000000702300000, 0x0000000702400000|  0%| F|  |TAMS 0x0000000702300000, 0x0000000702300000| Untracked 
|  12|0x0000000702400000, 0x0000000702400000, 0x0000000702500000|  0%| F|  |TAMS 0x0000000702400000, 0x0000000702400000| Untracked 
|  13|0x0000000702500000, 0x0000000702500000, 0x0000000702600000|  0%| F|  |TAMS 0x0000000702500000, 0x0000000702500000| Untracked 
|  14|0x0000000702600000, 0x0000000702600000, 0x0000000702700000|  0%| F|  |TAMS 0x0000000702600000, 0x0000000702600000| Untracked 
|  15|0x0000000702700000, 0x0000000702700000, 0x0000000702800000|  0%| F|  |TAMS 0x0000000702700000, 0x0000000702700000| Untracked 
|  16|0x0000000702800000, 0x0000000702800000, 0x0000000702900000|  0%| F|  |TAMS 0x0000000702800000, 0x0000000702800000| Untracked 
|  17|0x0000000702900000, 0x0000000702900000, 0x0000000702a00000|  0%| F|  |TAMS 0x0000000702900000, 0x0000000702900000| Untracked 
|  18|0x0000000702a00000, 0x0000000702a00000, 0x0000000702b00000|  0%| F|  |TAMS 0x0000000702a00000, 0x0000000702a00000| Untracked 
|  19|0x0000000702b00000, 0x0000000702b00000, 0x0000000702c00000|  0%| F|  |TAMS 0x0000000702b00000, 0x0000000702b00000| Untracked 
|  20|0x0000000702c00000, 0x0000000702c00000, 0x0000000702d00000|  0%| F|  |TAMS 0x0000000702c00000, 0x0000000702c00000| Untracked 
|  21|0x0000000702d00000, 0x0000000702d00000, 0x0000000702e00000|  0%| F|  |TAMS 0x0000000702d00000, 0x0000000702d00000| Untracked 
|  22|0x0000000702e00000, 0x0000000702e00000, 0x0000000702f00000|  0%| F|  |TAMS 0x0000000702e00000, 0x0000000702e00000| Untracked 
|  23|0x0000000702f00000, 0x0000000702f00000, 0x0000000703000000|  0%| F|  |TAMS 0x0000000702f00000, 0x0000000702f00000| Untracked 
|  24|0x0000000703000000, 0x0000000703000000, 0x0000000703100000|  0%| F|  |TAMS 0x0000000703000000, 0x0000000703000000| Untracked 
|  25|0x0000000703100000, 0x0000000703100000, 0x0000000703200000|  0%| F|  |TAMS 0x0000000703100000, 0x0000000703100000| Untracked 
|  26|0x0000000703200000, 0x0000000703200000, 0x0000000703300000|  0%| F|  |TAMS 0x0000000703200000, 0x0000000703200000| Untracked 
|  27|0x0000000703300000, 0x0000000703300000, 0x0000000703400000|  0%| F|  |TAMS 0x0000000703300000, 0x0000000703300000| Untracked 
|  28|0x0000000703400000, 0x0000000703400000, 0x0000000703500000|  0%| F|  |TAMS 0x0000000703400000, 0x0000000703400000| Untracked 
|  29|0x0000000703500000, 0x0000000703500000, 0x0000000703600000|  0%| F|  |TAMS 0x0000000703500000, 0x0000000703500000| Untracked 
|  30|0x0000000703600000, 0x0000000703600000, 0x0000000703700000|  0%| F|  |TAMS 0x0000000703600000, 0x0000000703600000| Untracked 
|  31|0x0000000703700000, 0x0000000703700000, 0x0000000703800000|  0%| F|  |TAMS 0x0000000703700000, 0x0000000703700000| Untracked 
|  32|0x0000000703800000, 0x0000000703800000, 0x0000000703900000|  0%| F|  |TAMS 0x0000000703800000, 0x0000000703800000| Untracked 
|  33|0x0000000703900000, 0x0000000703900000, 0x0000000703a00000|  0%| F|  |TAMS 0x0000000703900000, 0x0000000703900000| Untracked 
|  34|0x0000000703a00000, 0x0000000703a00000, 0x0000000703b00000|  0%| F|  |TAMS 0x0000000703a00000, 0x0000000703a00000| Untracked 
|  35|0x0000000703b00000, 0x0000000703b00000, 0x0000000703c00000|  0%| F|  |TAMS 0x0000000703b00000, 0x0000000703b00000| Untracked 
|  36|0x0000000703c00000, 0x0000000703c00000, 0x0000000703d00000|  0%| F|  |TAMS 0x0000000703c00000, 0x0000000703c00000| Untracked 
|  37|0x0000000703d00000, 0x0000000703d00000, 0x0000000703e00000|  0%| F|  |TAMS 0x0000000703d00000, 0x0000000703d00000| Untracked 
|  38|0x0000000703e00000, 0x0000000703e00000, 0x0000000703f00000|  0%| F|  |TAMS 0x0000000703e00000, 0x0000000703e00000| Untracked 
|  39|0x0000000703f00000, 0x0000000703f00000, 0x0000000704000000|  0%| F|  |TAMS 0x0000000703f00000, 0x0000000703f00000| Untracked 
|  40|0x0000000704000000, 0x0000000704000000, 0x0000000704100000|  0%| F|  |TAMS 0x0000000704000000, 0x0000000704000000| Untracked 
|  41|0x0000000704100000, 0x0000000704100000, 0x0000000704200000|  0%| F|  |TAMS 0x0000000704100000, 0x0000000704100000| Untracked 
|  42|0x0000000704200000, 0x0000000704200000, 0x0000000704300000|  0%| F|  |TAMS 0x0000000704200000, 0x0000000704200000| Untracked 
|  43|0x0000000704300000, 0x0000000704300000, 0x0000000704400000|  0%| F|  |TAMS 0x0000000704300000, 0x0000000704300000| Untracked 
|  44|0x0000000704400000, 0x0000000704400000, 0x0000000704500000|  0%| F|  |TAMS 0x0000000704400000, 0x0000000704400000| Untracked 
|  45|0x0000000704500000, 0x0000000704500000, 0x0000000704600000|  0%| F|  |TAMS 0x0000000704500000, 0x0000000704500000| Untracked 
|  46|0x0000000704600000, 0x0000000704600000, 0x0000000704700000|  0%| F|  |TAMS 0x0000000704600000, 0x0000000704600000| Untracked 
|  47|0x0000000704700000, 0x0000000704700000, 0x0000000704800000|  0%| F|  |TAMS 0x0000000704700000, 0x0000000704700000| Untracked 
|  48|0x0000000704800000, 0x0000000704800000, 0x0000000704900000|  0%| F|  |TAMS 0x0000000704800000, 0x0000000704800000| Untracked 
|  49|0x0000000704900000, 0x0000000704900000, 0x0000000704a00000|  0%| F|  |TAMS 0x0000000704900000, 0x0000000704900000| Untracked 
|  50|0x0000000704a00000, 0x0000000704a00000, 0x0000000704b00000|  0%| F|  |TAMS 0x0000000704a00000, 0x0000000704a00000| Untracked 
|  51|0x0000000704b00000, 0x0000000704b00000, 0x0000000704c00000|  0%| F|  |TAMS 0x0000000704b00000, 0x0000000704b00000| Untracked 
|  52|0x0000000704c00000, 0x0000000704c00000, 0x0000000704d00000|  0%| F|  |TAMS 0x0000000704c00000, 0x0000000704c00000| Untracked 
|  53|0x0000000704d00000, 0x0000000704d00000, 0x0000000704e00000|  0%| F|  |TAMS 0x0000000704d00000, 0x0000000704d00000| Untracked 
|  54|0x0000000704e00000, 0x0000000704e00000, 0x0000000704f00000|  0%| F|  |TAMS 0x0000000704e00000, 0x0000000704e00000| Untracked 
|  55|0x0000000704f00000, 0x0000000704f00000, 0x0000000705000000|  0%| F|  |TAMS 0x0000000704f00000, 0x0000000704f00000| Untracked 
|  56|0x0000000705000000, 0x0000000705000000, 0x0000000705100000|  0%| F|  |TAMS 0x0000000705000000, 0x0000000705000000| Untracked 
|  57|0x0000000705100000, 0x0000000705100000, 0x0000000705200000|  0%| F|  |TAMS 0x0000000705100000, 0x0000000705100000| Untracked 
|  58|0x0000000705200000, 0x0000000705200000, 0x0000000705300000|  0%| F|  |TAMS 0x0000000705200000, 0x0000000705200000| Untracked 
|  59|0x0000000705300000, 0x0000000705300000, 0x0000000705400000|  0%| F|  |TAMS 0x0000000705300000, 0x0000000705300000| Untracked 
|  60|0x0000000705400000, 0x0000000705400000, 0x0000000705500000|  0%| F|  |TAMS 0x0000000705400000, 0x0000000705400000| Untracked 
|  61|0x0000000705500000, 0x0000000705500000, 0x0000000705600000|  0%| F|  |TAMS 0x0000000705500000, 0x0000000705500000| Untracked 
|  62|0x0000000705600000, 0x0000000705600000, 0x0000000705700000|  0%| F|  |TAMS 0x0000000705600000, 0x0000000705600000| Untracked 
|  63|0x0000000705700000, 0x0000000705700000, 0x0000000705800000|  0%| F|  |TAMS 0x0000000705700000, 0x0000000705700000| Untracked 
|  64|0x0000000705800000, 0x0000000705800000, 0x0000000705900000|  0%| F|  |TAMS 0x0000000705800000, 0x0000000705800000| Untracked 
|  65|0x0000000705900000, 0x0000000705900000, 0x0000000705a00000|  0%| F|  |TAMS 0x0000000705900000, 0x0000000705900000| Untracked 
|  66|0x0000000705a00000, 0x0000000705a00000, 0x0000000705b00000|  0%| F|  |TAMS 0x0000000705a00000, 0x0000000705a00000| Untracked 
|  67|0x0000000705b00000, 0x0000000705b00000, 0x0000000705c00000|  0%| F|  |TAMS 0x0000000705b00000, 0x0000000705b00000| Untracked 
|  68|0x0000000705c00000, 0x0000000705c00000, 0x0000000705d00000|  0%| F|  |TAMS 0x0000000705c00000, 0x0000000705c00000| Untracked 
|  69|0x0000000705d00000, 0x0000000705d00000, 0x0000000705e00000|  0%| F|  |TAMS 0x0000000705d00000, 0x0000000705d00000| Untracked 
|  70|0x0000000705e00000, 0x0000000705e00000, 0x0000000705f00000|  0%| F|  |TAMS 0x0000000705e00000, 0x0000000705e00000| Untracked 
|  71|0x0000000705f00000, 0x0000000705f00000, 0x0000000706000000|  0%| F|  |TAMS 0x0000000705f00000, 0x0000000705f00000| Untracked 
|  72|0x0000000706000000, 0x0000000706000000, 0x0000000706100000|  0%| F|  |TAMS 0x0000000706000000, 0x0000000706000000| Untracked 
|  73|0x0000000706100000, 0x0000000706100000, 0x0000000706200000|  0%| F|  |TAMS 0x0000000706100000, 0x0000000706100000| Untracked 
|  74|0x0000000706200000, 0x0000000706200000, 0x0000000706300000|  0%| F|  |TAMS 0x0000000706200000, 0x0000000706200000| Untracked 
|  75|0x0000000706300000, 0x0000000706300000, 0x0000000706400000|  0%| F|  |TAMS 0x0000000706300000, 0x0000000706300000| Untracked 
|  76|0x0000000706400000, 0x0000000706400000, 0x0000000706500000|  0%| F|  |TAMS 0x0000000706400000, 0x0000000706400000| Untracked 
|  77|0x0000000706500000, 0x0000000706500000, 0x0000000706600000|  0%| F|  |TAMS 0x0000000706500000, 0x0000000706500000| Untracked 
|  78|0x0000000706600000, 0x0000000706600000, 0x0000000706700000|  0%| F|  |TAMS 0x0000000706600000, 0x0000000706600000| Untracked 
|  79|0x0000000706700000, 0x0000000706700000, 0x0000000706800000|  0%| F|  |TAMS 0x0000000706700000, 0x0000000706700000| Untracked 
|  80|0x0000000706800000, 0x0000000706800000, 0x0000000706900000|  0%| F|  |TAMS 0x0000000706800000, 0x0000000706800000| Untracked 
|  81|0x0000000706900000, 0x0000000706900000, 0x0000000706a00000|  0%| F|  |TAMS 0x0000000706900000, 0x0000000706900000| Untracked 
|  82|0x0000000706a00000, 0x0000000706a00000, 0x0000000706b00000|  0%| F|  |TAMS 0x0000000706a00000, 0x0000000706a00000| Untracked 
|  83|0x0000000706b00000, 0x0000000706b00000, 0x0000000706c00000|  0%| F|  |TAMS 0x0000000706b00000, 0x0000000706b00000| Untracked 
|  84|0x0000000706c00000, 0x0000000706c00000, 0x0000000706d00000|  0%| F|  |TAMS 0x0000000706c00000, 0x0000000706c00000| Untracked 
|  85|0x0000000706d00000, 0x0000000706d00000, 0x0000000706e00000|  0%| F|  |TAMS 0x0000000706d00000, 0x0000000706d00000| Untracked 
|  86|0x0000000706e00000, 0x0000000706e00000, 0x0000000706f00000|  0%| F|  |TAMS 0x0000000706e00000, 0x0000000706e00000| Untracked 
|  87|0x0000000706f00000, 0x0000000706f00000, 0x0000000707000000|  0%| F|  |TAMS 0x0000000706f00000, 0x0000000706f00000| Untracked 
|  88|0x0000000707000000, 0x0000000707000000, 0x0000000707100000|  0%| F|  |TAMS 0x0000000707000000, 0x0000000707000000| Untracked 
|  89|0x0000000707100000, 0x0000000707100000, 0x0000000707200000|  0%| F|  |TAMS 0x0000000707100000, 0x0000000707100000| Untracked 
|  90|0x0000000707200000, 0x0000000707200000, 0x0000000707300000|  0%| F|  |TAMS 0x0000000707200000, 0x0000000707200000| Untracked 
|  91|0x0000000707300000, 0x0000000707300000, 0x0000000707400000|  0%| F|  |TAMS 0x0000000707300000, 0x0000000707300000| Untracked 
|  92|0x0000000707400000, 0x0000000707400000, 0x0000000707500000|  0%| F|  |TAMS 0x0000000707400000, 0x0000000707400000| Untracked 
|  93|0x0000000707500000, 0x0000000707500000, 0x0000000707600000|  0%| F|  |TAMS 0x0000000707500000, 0x0000000707500000| Untracked 
|  94|0x0000000707600000, 0x0000000707600000, 0x0000000707700000|  0%| F|  |TAMS 0x0000000707600000, 0x0000000707600000| Untracked 
|  95|0x0000000707700000, 0x0000000707700000, 0x0000000707800000|  0%| F|  |TAMS 0x0000000707700000, 0x0000000707700000| Untracked 
|  96|0x0000000707800000, 0x0000000707800000, 0x0000000707900000|  0%| F|  |TAMS 0x0000000707800000, 0x0000000707800000| Untracked 
|  97|0x0000000707900000, 0x0000000707900000, 0x0000000707a00000|  0%| F|  |TAMS 0x0000000707900000, 0x0000000707900000| Untracked 
|  98|0x0000000707a00000, 0x0000000707a00000, 0x0000000707b00000|  0%| F|  |TAMS 0x0000000707a00000, 0x0000000707a00000| Untracked 
|  99|0x0000000707b00000, 0x0000000707b00000, 0x0000000707c00000|  0%| F|  |TAMS 0x0000000707b00000, 0x0000000707b00000| Untracked 
| 100|0x0000000707c00000, 0x0000000707c00000, 0x0000000707d00000|  0%| F|  |TAMS 0x0000000707c00000, 0x0000000707c00000| Untracked 
| 101|0x0000000707d00000, 0x0000000707d00000, 0x0000000707e00000|  0%| F|  |TAMS 0x0000000707d00000, 0x0000000707d00000| Untracked 
| 102|0x0000000707e00000, 0x0000000707e00000, 0x0000000707f00000|  0%| F|  |TAMS 0x0000000707e00000, 0x0000000707e00000| Untracked 
| 103|0x0000000707f00000, 0x0000000707f00000, 0x0000000708000000|  0%| F|  |TAMS 0x0000000707f00000, 0x0000000707f00000| Untracked 
| 104|0x0000000708000000, 0x0000000708000000, 0x0000000708100000|  0%| F|  |TAMS 0x0000000708000000, 0x0000000708000000| Untracked 
| 105|0x0000000708100000, 0x0000000708100000, 0x0000000708200000|  0%| F|  |TAMS 0x0000000708100000, 0x0000000708100000| Untracked 
| 106|0x0000000708200000, 0x0000000708200000, 0x0000000708300000|  0%| F|  |TAMS 0x0000000708200000, 0x0000000708200000| Untracked 
| 107|0x0000000708300000, 0x0000000708300000, 0x0000000708400000|  0%| F|  |TAMS 0x0000000708300000, 0x0000000708300000| Untracked 
| 108|0x0000000708400000, 0x0000000708400000, 0x0000000708500000|  0%| F|  |TAMS 0x0000000708400000, 0x0000000708400000| Untracked 
| 109|0x0000000708500000, 0x0000000708500000, 0x0000000708600000|  0%| F|  |TAMS 0x0000000708500000, 0x0000000708500000| Untracked 
| 110|0x0000000708600000, 0x0000000708600000, 0x0000000708700000|  0%| F|  |TAMS 0x0000000708600000, 0x0000000708600000| Untracked 
| 111|0x0000000708700000, 0x0000000708700000, 0x0000000708800000|  0%| F|  |TAMS 0x0000000708700000, 0x0000000708700000| Untracked 
| 112|0x0000000708800000, 0x0000000708800000, 0x0000000708900000|  0%| F|  |TAMS 0x0000000708800000, 0x0000000708800000| Untracked 
| 113|0x0000000708900000, 0x0000000708900000, 0x0000000708a00000|  0%| F|  |TAMS 0x0000000708900000, 0x0000000708900000| Untracked 
| 114|0x0000000708a00000, 0x0000000708a00000, 0x0000000708b00000|  0%| F|  |TAMS 0x0000000708a00000, 0x0000000708a00000| Untracked 
| 115|0x0000000708b00000, 0x0000000708b00000, 0x0000000708c00000|  0%| F|  |TAMS 0x0000000708b00000, 0x0000000708b00000| Untracked 
| 116|0x0000000708c00000, 0x0000000708c00000, 0x0000000708d00000|  0%| F|  |TAMS 0x0000000708c00000, 0x0000000708c00000| Untracked 
| 117|0x0000000708d00000, 0x0000000708d00000, 0x0000000708e00000|  0%| F|  |TAMS 0x0000000708d00000, 0x0000000708d00000| Untracked 
| 118|0x0000000708e00000, 0x0000000708e00000, 0x0000000708f00000|  0%| F|  |TAMS 0x0000000708e00000, 0x0000000708e00000| Untracked 
| 119|0x0000000708f00000, 0x0000000708f00000, 0x0000000709000000|  0%| F|  |TAMS 0x0000000708f00000, 0x0000000708f00000| Untracked 
| 120|0x0000000709000000, 0x0000000709000000, 0x0000000709100000|  0%| F|  |TAMS 0x0000000709000000, 0x0000000709000000| Untracked 
| 121|0x0000000709100000, 0x0000000709100000, 0x0000000709200000|  0%| F|  |TAMS 0x0000000709100000, 0x0000000709100000| Untracked 
| 122|0x0000000709200000, 0x0000000709200000, 0x0000000709300000|  0%| F|  |TAMS 0x0000000709200000, 0x0000000709200000| Untracked 
| 123|0x0000000709300000, 0x0000000709300000, 0x0000000709400000|  0%| F|  |TAMS 0x0000000709300000, 0x0000000709300000| Untracked 
| 124|0x0000000709400000, 0x0000000709400000, 0x0000000709500000|  0%| F|  |TAMS 0x0000000709400000, 0x0000000709400000| Untracked 
| 125|0x0000000709500000, 0x0000000709500000, 0x0000000709600000|  0%| F|  |TAMS 0x0000000709500000, 0x0000000709500000| Untracked 
| 126|0x0000000709600000, 0x0000000709600000, 0x0000000709700000|  0%| F|  |TAMS 0x0000000709600000, 0x0000000709600000| Untracked 
| 127|0x0000000709700000, 0x0000000709700000, 0x0000000709800000|  0%| F|  |TAMS 0x0000000709700000, 0x0000000709700000| Untracked 
| 128|0x0000000709800000, 0x0000000709800000, 0x0000000709900000|  0%| F|  |TAMS 0x0000000709800000, 0x0000000709800000| Untracked 
| 129|0x0000000709900000, 0x0000000709900000, 0x0000000709a00000|  0%| F|  |TAMS 0x0000000709900000, 0x0000000709900000| Untracked 
| 130|0x0000000709a00000, 0x0000000709a00000, 0x0000000709b00000|  0%| F|  |TAMS 0x0000000709a00000, 0x0000000709a00000| Untracked 
| 131|0x0000000709b00000, 0x0000000709b00000, 0x0000000709c00000|  0%| F|  |TAMS 0x0000000709b00000, 0x0000000709b00000| Untracked 
| 132|0x0000000709c00000, 0x0000000709c00000, 0x0000000709d00000|  0%| F|  |TAMS 0x0000000709c00000, 0x0000000709c00000| Untracked 
| 133|0x0000000709d00000, 0x0000000709d00000, 0x0000000709e00000|  0%| F|  |TAMS 0x0000000709d00000, 0x0000000709d00000| Untracked 
| 134|0x0000000709e00000, 0x0000000709e00000, 0x0000000709f00000|  0%| F|  |TAMS 0x0000000709e00000, 0x0000000709e00000| Untracked 
| 135|0x0000000709f00000, 0x0000000709f00000, 0x000000070a000000|  0%| F|  |TAMS 0x0000000709f00000, 0x0000000709f00000| Untracked 
| 136|0x000000070a000000, 0x000000070a000000, 0x000000070a100000|  0%| F|  |TAMS 0x000000070a000000, 0x000000070a000000| Untracked 
| 137|0x000000070a100000, 0x000000070a100000, 0x000000070a200000|  0%| F|  |TAMS 0x000000070a100000, 0x000000070a100000| Untracked 
| 138|0x000000070a200000, 0x000000070a200000, 0x000000070a300000|  0%| F|  |TAMS 0x000000070a200000, 0x000000070a200000| Untracked 
| 139|0x000000070a300000, 0x000000070a300000, 0x000000070a400000|  0%| F|  |TAMS 0x000000070a300000, 0x000000070a300000| Untracked 
| 140|0x000000070a400000, 0x000000070a400000, 0x000000070a500000|  0%| F|  |TAMS 0x000000070a400000, 0x000000070a400000| Untracked 
| 141|0x000000070a500000, 0x000000070a500000, 0x000000070a600000|  0%| F|  |TAMS 0x000000070a500000, 0x000000070a500000| Untracked 
| 142|0x000000070a600000, 0x000000070a600000, 0x000000070a700000|  0%| F|  |TAMS 0x000000070a600000, 0x000000070a600000| Untracked 
| 143|0x000000070a700000, 0x000000070a700000, 0x000000070a800000|  0%| F|  |TAMS 0x000000070a700000, 0x000000070a700000| Untracked 
| 144|0x000000070a800000, 0x000000070a800000, 0x000000070a900000|  0%| F|  |TAMS 0x000000070a800000, 0x000000070a800000| Untracked 
| 145|0x000000070a900000, 0x000000070a900000, 0x000000070aa00000|  0%| F|  |TAMS 0x000000070a900000, 0x000000070a900000| Untracked 
| 146|0x000000070aa00000, 0x000000070aa00000, 0x000000070ab00000|  0%| F|  |TAMS 0x000000070aa00000, 0x000000070aa00000| Untracked 
| 147|0x000000070ab00000, 0x000000070ab00000, 0x000000070ac00000|  0%| F|  |TAMS 0x000000070ab00000, 0x000000070ab00000| Untracked 
| 148|0x000000070ac00000, 0x000000070ac00000, 0x000000070ad00000|  0%| F|  |TAMS 0x000000070ac00000, 0x000000070ac00000| Untracked 
| 149|0x000000070ad00000, 0x000000070ad00000, 0x000000070ae00000|  0%| F|  |TAMS 0x000000070ad00000, 0x000000070ad00000| Untracked 
| 150|0x000000070ae00000, 0x000000070ae00000, 0x000000070af00000|  0%| F|  |TAMS 0x000000070ae00000, 0x000000070ae00000| Untracked 
| 151|0x000000070af00000, 0x000000070af00000, 0x000000070b000000|  0%| F|  |TAMS 0x000000070af00000, 0x000000070af00000| Untracked 
| 152|0x000000070b000000, 0x000000070b000000, 0x000000070b100000|  0%| F|  |TAMS 0x000000070b000000, 0x000000070b000000| Untracked 
| 153|0x000000070b100000, 0x000000070b100000, 0x000000070b200000|  0%| F|  |TAMS 0x000000070b100000, 0x000000070b100000| Untracked 
| 154|0x000000070b200000, 0x000000070b200000, 0x000000070b300000|  0%| F|  |TAMS 0x000000070b200000, 0x000000070b200000| Untracked 
| 155|0x000000070b300000, 0x000000070b300000, 0x000000070b400000|  0%| F|  |TAMS 0x000000070b300000, 0x000000070b300000| Untracked 
| 156|0x000000070b400000, 0x000000070b400000, 0x000000070b500000|  0%| F|  |TAMS 0x000000070b400000, 0x000000070b400000| Untracked 
| 157|0x000000070b500000, 0x000000070b500000, 0x000000070b600000|  0%| F|  |TAMS 0x000000070b500000, 0x000000070b500000| Untracked 
| 158|0x000000070b600000, 0x000000070b600000, 0x000000070b700000|  0%| F|  |TAMS 0x000000070b600000, 0x000000070b600000| Untracked 
| 159|0x000000070b700000, 0x000000070b700000, 0x000000070b800000|  0%| F|  |TAMS 0x000000070b700000, 0x000000070b700000| Untracked 
| 160|0x000000070b800000, 0x000000070b800000, 0x000000070b900000|  0%| F|  |TAMS 0x000000070b800000, 0x000000070b800000| Untracked 
| 161|0x000000070b900000, 0x000000070b900000, 0x000000070ba00000|  0%| F|  |TAMS 0x000000070b900000, 0x000000070b900000| Untracked 
| 162|0x000000070ba00000, 0x000000070ba00000, 0x000000070bb00000|  0%| F|  |TAMS 0x000000070ba00000, 0x000000070ba00000| Untracked 
| 163|0x000000070bb00000, 0x000000070bb00000, 0x000000070bc00000|  0%| F|  |TAMS 0x000000070bb00000, 0x000000070bb00000| Untracked 
| 164|0x000000070bc00000, 0x000000070bcede40, 0x000000070bd00000| 92%| S|CS|TAMS 0x000000070bc00000, 0x000000070bc00000| Complete 
| 165|0x000000070bd00000, 0x000000070be00000, 0x000000070be00000|100%| S|CS|TAMS 0x000000070bd00000, 0x000000070bd00000| Complete 
| 166|0x000000070be00000, 0x000000070bf00000, 0x000000070bf00000|100%| S|CS|TAMS 0x000000070be00000, 0x000000070be00000| Complete 
| 167|0x000000070bf00000, 0x000000070c000000, 0x000000070c000000|100%| S|CS|TAMS 0x000000070bf00000, 0x000000070bf00000| Complete 
| 168|0x000000070c000000, 0x000000070c100000, 0x000000070c100000|100%| S|CS|TAMS 0x000000070c000000, 0x000000070c000000| Complete 
| 169|0x000000070c100000, 0x000000070c200000, 0x000000070c200000|100%| S|CS|TAMS 0x000000070c100000, 0x000000070c100000| Complete 
| 170|0x000000070c200000, 0x000000070c300000, 0x000000070c300000|100%| S|CS|TAMS 0x000000070c200000, 0x000000070c200000| Complete 
| 171|0x000000070c300000, 0x000000070c300000, 0x000000070c400000|  0%| F|  |TAMS 0x000000070c300000, 0x000000070c300000| Untracked 
| 172|0x000000070c400000, 0x000000070c400000, 0x000000070c500000|  0%| F|  |TAMS 0x000000070c400000, 0x000000070c400000| Untracked 
| 173|0x000000070c500000, 0x000000070c500000, 0x000000070c600000|  0%| F|  |TAMS 0x000000070c500000, 0x000000070c500000| Untracked 
| 174|0x000000070c600000, 0x000000070c600000, 0x000000070c700000|  0%| F|  |TAMS 0x000000070c600000, 0x000000070c600000| Untracked 
| 175|0x000000070c700000, 0x000000070c700000, 0x000000070c800000|  0%| F|  |TAMS 0x000000070c700000, 0x000000070c700000| Untracked 
| 176|0x000000070c800000, 0x000000070c800000, 0x000000070c900000|  0%| F|  |TAMS 0x000000070c800000, 0x000000070c800000| Untracked 
| 177|0x000000070c900000, 0x000000070c900000, 0x000000070ca00000|  0%| F|  |TAMS 0x000000070c900000, 0x000000070c900000| Untracked 
| 178|0x000000070ca00000, 0x000000070ca00000, 0x000000070cb00000|  0%| F|  |TAMS 0x000000070ca00000, 0x000000070ca00000| Untracked 
| 179|0x000000070cb00000, 0x000000070cb00000, 0x000000070cc00000|  0%| F|  |TAMS 0x000000070cb00000, 0x000000070cb00000| Untracked 
| 180|0x000000070cc00000, 0x000000070cc00000, 0x000000070cd00000|  0%| F|  |TAMS 0x000000070cc00000, 0x000000070cc00000| Untracked 
| 181|0x000000070cd00000, 0x000000070cd00000, 0x000000070ce00000|  0%| F|  |TAMS 0x000000070cd00000, 0x000000070cd00000| Untracked 
| 182|0x000000070ce00000, 0x000000070ce00000, 0x000000070cf00000|  0%| F|  |TAMS 0x000000070ce00000, 0x000000070ce00000| Untracked 
| 183|0x000000070cf00000, 0x000000070cf00000, 0x000000070d000000|  0%| F|  |TAMS 0x000000070cf00000, 0x000000070cf00000| Untracked 
| 184|0x000000070d000000, 0x000000070d000000, 0x000000070d100000|  0%| F|  |TAMS 0x000000070d000000, 0x000000070d000000| Untracked 
| 185|0x000000070d100000, 0x000000070d100000, 0x000000070d200000|  0%| F|  |TAMS 0x000000070d100000, 0x000000070d100000| Untracked 
| 186|0x000000070d200000, 0x000000070d200000, 0x000000070d300000|  0%| F|  |TAMS 0x000000070d200000, 0x000000070d200000| Untracked 
| 187|0x000000070d300000, 0x000000070d300000, 0x000000070d400000|  0%| F|  |TAMS 0x000000070d300000, 0x000000070d300000| Untracked 
| 188|0x000000070d400000, 0x000000070d400000, 0x000000070d500000|  0%| F|  |TAMS 0x000000070d400000, 0x000000070d400000| Untracked 
| 189|0x000000070d500000, 0x000000070d500000, 0x000000070d600000|  0%| F|  |TAMS 0x000000070d500000, 0x000000070d500000| Untracked 
| 190|0x000000070d600000, 0x000000070d600000, 0x000000070d700000|  0%| F|  |TAMS 0x000000070d600000, 0x000000070d600000| Untracked 
| 191|0x000000070d700000, 0x000000070d700000, 0x000000070d800000|  0%| F|  |TAMS 0x000000070d700000, 0x000000070d700000| Untracked 
| 192|0x000000070d800000, 0x000000070d800000, 0x000000070d900000|  0%| F|  |TAMS 0x000000070d800000, 0x000000070d800000| Untracked 
| 193|0x000000070d900000, 0x000000070d900000, 0x000000070da00000|  0%| F|  |TAMS 0x000000070d900000, 0x000000070d900000| Untracked 
| 194|0x000000070da00000, 0x000000070da00000, 0x000000070db00000|  0%| F|  |TAMS 0x000000070da00000, 0x000000070da00000| Untracked 
| 195|0x000000070db00000, 0x000000070db00000, 0x000000070dc00000|  0%| F|  |TAMS 0x000000070db00000, 0x000000070db00000| Untracked 
| 196|0x000000070dc00000, 0x000000070dc00000, 0x000000070dd00000|  0%| F|  |TAMS 0x000000070dc00000, 0x000000070dc00000| Untracked 
| 197|0x000000070dd00000, 0x000000070dd00000, 0x000000070de00000|  0%| F|  |TAMS 0x000000070dd00000, 0x000000070dd00000| Untracked 
| 198|0x000000070de00000, 0x000000070de00000, 0x000000070df00000|  0%| F|  |TAMS 0x000000070de00000, 0x000000070de00000| Untracked 
| 199|0x000000070df00000, 0x000000070df00000, 0x000000070e000000|  0%| F|  |TAMS 0x000000070df00000, 0x000000070df00000| Untracked 
| 200|0x000000070e000000, 0x000000070e000000, 0x000000070e100000|  0%| F|  |TAMS 0x000000070e000000, 0x000000070e000000| Untracked 
| 201|0x000000070e100000, 0x000000070e100000, 0x000000070e200000|  0%| F|  |TAMS 0x000000070e100000, 0x000000070e100000| Untracked 
| 202|0x000000070e200000, 0x000000070e200000, 0x000000070e300000|  0%| F|  |TAMS 0x000000070e200000, 0x000000070e200000| Untracked 
| 203|0x000000070e300000, 0x000000070e300000, 0x000000070e400000|  0%| F|  |TAMS 0x000000070e300000, 0x000000070e300000| Untracked 
| 204|0x000000070e400000, 0x000000070e400000, 0x000000070e500000|  0%| F|  |TAMS 0x000000070e400000, 0x000000070e400000| Untracked 
| 205|0x000000070e500000, 0x000000070e500000, 0x000000070e600000|  0%| F|  |TAMS 0x000000070e500000, 0x000000070e500000| Untracked 
| 206|0x000000070e600000, 0x000000070e600000, 0x000000070e700000|  0%| F|  |TAMS 0x000000070e600000, 0x000000070e600000| Untracked 
| 207|0x000000070e700000, 0x000000070e700000, 0x000000070e800000|  0%| F|  |TAMS 0x000000070e700000, 0x000000070e700000| Untracked 
| 208|0x000000070e800000, 0x000000070e800000, 0x000000070e900000|  0%| F|  |TAMS 0x000000070e800000, 0x000000070e800000| Untracked 
| 209|0x000000070e900000, 0x000000070e900000, 0x000000070ea00000|  0%| F|  |TAMS 0x000000070e900000, 0x000000070e900000| Untracked 
| 210|0x000000070ea00000, 0x000000070ea00000, 0x000000070eb00000|  0%| F|  |TAMS 0x000000070ea00000, 0x000000070ea00000| Untracked 
| 211|0x000000070eb00000, 0x000000070eb00000, 0x000000070ec00000|  0%| F|  |TAMS 0x000000070eb00000, 0x000000070eb00000| Untracked 
| 212|0x000000070ec00000, 0x000000070ec00000, 0x000000070ed00000|  0%| F|  |TAMS 0x000000070ec00000, 0x000000070ec00000| Untracked 
| 213|0x000000070ed00000, 0x000000070ed00000, 0x000000070ee00000|  0%| F|  |TAMS 0x000000070ed00000, 0x000000070ed00000| Untracked 
| 214|0x000000070ee00000, 0x000000070ee00000, 0x000000070ef00000|  0%| F|  |TAMS 0x000000070ee00000, 0x000000070ee00000| Untracked 
| 215|0x000000070ef00000, 0x000000070ef00000, 0x000000070f000000|  0%| F|  |TAMS 0x000000070ef00000, 0x000000070ef00000| Untracked 
| 216|0x000000070f000000, 0x000000070f000000, 0x000000070f100000|  0%| F|  |TAMS 0x000000070f000000, 0x000000070f000000| Untracked 
| 217|0x000000070f100000, 0x000000070f100000, 0x000000070f200000|  0%| F|  |TAMS 0x000000070f100000, 0x000000070f100000| Untracked 
| 218|0x000000070f200000, 0x000000070f200000, 0x000000070f300000|  0%| F|  |TAMS 0x000000070f200000, 0x000000070f200000| Untracked 
| 219|0x000000070f300000, 0x000000070f300000, 0x000000070f400000|  0%| F|  |TAMS 0x000000070f300000, 0x000000070f300000| Untracked 
| 220|0x000000070f400000, 0x000000070f400000, 0x000000070f500000|  0%| F|  |TAMS 0x000000070f400000, 0x000000070f400000| Untracked 
| 221|0x000000070f500000, 0x000000070f500000, 0x000000070f600000|  0%| F|  |TAMS 0x000000070f500000, 0x000000070f500000| Untracked 
| 222|0x000000070f600000, 0x000000070f600000, 0x000000070f700000|  0%| F|  |TAMS 0x000000070f600000, 0x000000070f600000| Untracked 
| 223|0x000000070f700000, 0x000000070f700000, 0x000000070f800000|  0%| F|  |TAMS 0x000000070f700000, 0x000000070f700000| Untracked 
| 224|0x000000070f800000, 0x000000070f800000, 0x000000070f900000|  0%| F|  |TAMS 0x000000070f800000, 0x000000070f800000| Untracked 
| 225|0x000000070f900000, 0x000000070f900000, 0x000000070fa00000|  0%| F|  |TAMS 0x000000070f900000, 0x000000070f900000| Untracked 
| 226|0x000000070fa00000, 0x000000070fa00000, 0x000000070fb00000|  0%| F|  |TAMS 0x000000070fa00000, 0x000000070fa00000| Untracked 
| 227|0x000000070fb00000, 0x000000070fb00000, 0x000000070fc00000|  0%| F|  |TAMS 0x000000070fb00000, 0x000000070fb00000| Untracked 
| 228|0x000000070fc00000, 0x000000070fc00000, 0x000000070fd00000|  0%| F|  |TAMS 0x000000070fc00000, 0x000000070fc00000| Untracked 
| 229|0x000000070fd00000, 0x000000070fd00000, 0x000000070fe00000|  0%| F|  |TAMS 0x000000070fd00000, 0x000000070fd00000| Untracked 
| 230|0x000000070fe00000, 0x000000070fe00000, 0x000000070ff00000|  0%| F|  |TAMS 0x000000070fe00000, 0x000000070fe00000| Untracked 
| 231|0x000000070ff00000, 0x000000070ff00000, 0x0000000710000000|  0%| F|  |TAMS 0x000000070ff00000, 0x000000070ff00000| Untracked 
| 232|0x0000000710000000, 0x0000000710000000, 0x0000000710100000|  0%| F|  |TAMS 0x0000000710000000, 0x0000000710000000| Untracked 
| 233|0x0000000710100000, 0x0000000710100000, 0x0000000710200000|  0%| F|  |TAMS 0x0000000710100000, 0x0000000710100000| Untracked 
| 234|0x0000000710200000, 0x0000000710300000, 0x0000000710300000|100%| E|  |TAMS 0x0000000710200000, 0x0000000710200000| Complete 
| 235|0x0000000710300000, 0x0000000710400000, 0x0000000710400000|100%| E|CS|TAMS 0x0000000710300000, 0x0000000710300000| Complete 
| 236|0x0000000710400000, 0x0000000710500000, 0x0000000710500000|100%| E|CS|TAMS 0x0000000710400000, 0x0000000710400000| Complete 
| 237|0x0000000710500000, 0x0000000710600000, 0x0000000710600000|100%| E|CS|TAMS 0x0000000710500000, 0x0000000710500000| Complete 
| 238|0x0000000710600000, 0x0000000710700000, 0x0000000710700000|100%| E|CS|TAMS 0x0000000710600000, 0x0000000710600000| Complete 
| 239|0x0000000710700000, 0x0000000710800000, 0x0000000710800000|100%| E|CS|TAMS 0x0000000710700000, 0x0000000710700000| Complete 
| 240|0x0000000710800000, 0x0000000710900000, 0x0000000710900000|100%| E|CS|TAMS 0x0000000710800000, 0x0000000710800000| Complete 
| 241|0x0000000710900000, 0x0000000710a00000, 0x0000000710a00000|100%| E|CS|TAMS 0x0000000710900000, 0x0000000710900000| Complete 
| 242|0x0000000710a00000, 0x0000000710b00000, 0x0000000710b00000|100%| E|CS|TAMS 0x0000000710a00000, 0x0000000710a00000| Complete 
| 243|0x0000000710b00000, 0x0000000710c00000, 0x0000000710c00000|100%| E|CS|TAMS 0x0000000710b00000, 0x0000000710b00000| Complete 
| 244|0x0000000710c00000, 0x0000000710d00000, 0x0000000710d00000|100%| E|CS|TAMS 0x0000000710c00000, 0x0000000710c00000| Complete 
| 245|0x0000000710d00000, 0x0000000710e00000, 0x0000000710e00000|100%| E|CS|TAMS 0x0000000710d00000, 0x0000000710d00000| Complete 
| 246|0x0000000710e00000, 0x0000000710f00000, 0x0000000710f00000|100%| E|CS|TAMS 0x0000000710e00000, 0x0000000710e00000| Complete 
| 247|0x0000000710f00000, 0x0000000711000000, 0x0000000711000000|100%| E|CS|TAMS 0x0000000710f00000, 0x0000000710f00000| Complete 
| 248|0x0000000711000000, 0x0000000711100000, 0x0000000711100000|100%| E|CS|TAMS 0x0000000711000000, 0x0000000711000000| Complete 
| 249|0x0000000711100000, 0x0000000711200000, 0x0000000711200000|100%| E|CS|TAMS 0x0000000711100000, 0x0000000711100000| Complete 
| 250|0x0000000711200000, 0x0000000711300000, 0x0000000711300000|100%| E|CS|TAMS 0x0000000711200000, 0x0000000711200000| Complete 
| 251|0x0000000711300000, 0x0000000711400000, 0x0000000711400000|100%| E|CS|TAMS 0x0000000711300000, 0x0000000711300000| Complete 
| 252|0x0000000711400000, 0x0000000711500000, 0x0000000711500000|100%| E|CS|TAMS 0x0000000711400000, 0x0000000711400000| Complete 
| 253|0x0000000711500000, 0x0000000711600000, 0x0000000711600000|100%| E|CS|TAMS 0x0000000711500000, 0x0000000711500000| Complete 
| 254|0x0000000711600000, 0x0000000711700000, 0x0000000711700000|100%| E|CS|TAMS 0x0000000711600000, 0x0000000711600000| Complete 
| 255|0x0000000711700000, 0x0000000711800000, 0x0000000711800000|100%| E|CS|TAMS 0x0000000711700000, 0x0000000711700000| Complete 

Card table byte_map: [0x000001b57c0a0000,0x000001b57c8a0000] _byte_map_base: 0x000001b578894000

Marking Bits (Prev, Next): (CMBitMap*) 0x000001b5735c5e78, (CMBitMap*) 0x000001b5735c5eb0
 Prev Bits: [0x000001b50f000000, 0x000001b512fa0000)
 Next Bits: [0x000001b512fa0000, 0x000001b516f40000)

Polling page: 0x000001b5713f0000

Metaspace:

Usage:
  Non-class:     36.38 MB capacity,    35.80 MB ( 98%) used,   473.40 KB (  1%) free+waste,   120.38 KB ( <1%) overhead. 
      Class:      5.17 MB capacity,     4.77 MB ( 92%) used,   345.71 KB (  7%) free+waste,    56.06 KB (  1%) overhead. 
       Both:     41.55 MB capacity,    40.58 MB ( 98%) used,   819.11 KB (  2%) free+waste,   176.44 KB ( <1%) overhead. 

Virtual space:
  Non-class space:       38.00 MB reserved,      36.50 MB ( 96%) committed 
      Class space:        1.00 GB reserved,       5.25 MB ( <1%) committed 
             Both:        1.04 GB reserved,      41.75 MB (  4%) committed 

Chunk freelists:
   Non-Class:  6.88 KB
       Class:  2.63 KB
        Both:  9.50 KB

CodeHeap 'non-profiled nmethods': size=120064Kb used=1832Kb max_used=1832Kb free=118231Kb
 bounds [0x000001b507ac0000, 0x000001b507d30000, 0x000001b50f000000]
CodeHeap 'profiled nmethods': size=120000Kb used=7744Kb max_used=7744Kb free=112255Kb
 bounds [0x000001b500590000, 0x000001b500d30000, 0x000001b507ac0000]
CodeHeap 'non-nmethods': size=5696Kb used=1183Kb max_used=1203Kb free=4512Kb
 bounds [0x000001b500000000, 0x000001b500270000, 0x000001b500590000]
 total_blobs=4874 nmethods=3391 adapters=424
 compilation: enabled
              stopped_count=0, restarted_count=0
 full_count=0

Compilation events (10 events):
Event: 6.129 Thread 0x000001b51706a800 3515       3       com.sun.crypto.provider.AESCrypt::mul4 (181 bytes)
Event: 6.130 Thread 0x000001b51706a800 nmethod 3515 0x000001b500d1e510 code [0x000001b500d1e780, 0x000001b500d1f378]
Event: 6.138 Thread 0x000001b51706a800 3516       3       sun.security.provider.ByteArrayAccess::i2bBig4 (111 bytes)
Event: 6.139 Thread 0x000001b51706a800 nmethod 3516 0x000001b500d1f910 code [0x000001b500d1fae0, 0x000001b500d1fe30]
Event: 6.139 Thread 0x000001b51706a800 3517       3       java.util.LinkedHashMap::entrySet (27 bytes)
Event: 6.140 Thread 0x000001b51706a800 nmethod 3517 0x000001b500d1ff90 code [0x000001b500d20180, 0x000001b500d205d8]
Event: 6.140 Thread 0x000001b51706a800 3518       3       java.util.LinkedHashMap$LinkedEntrySet::iterator (12 bytes)
Event: 6.140 Thread 0x000001b51706a800 nmethod 3518 0x000001b500d20710 code [0x000001b500d208e0, 0x000001b500d20d18]
Event: 6.140 Thread 0x000001b51706a800 3519       3       java.util.LinkedHashMap$LinkedEntryIterator::<init> (11 bytes)
Event: 6.140 Thread 0x000001b51706a800 nmethod 3519 0x000001b500d20e90 code [0x000001b500d21060, 0x000001b500d213f8]

GC Heap History (10 events):
Event: 1.321 GC heap before
{Heap before GC invocations=0 (full 0):
 garbage-first heap   total 262144K, used 13312K [0x0000000701800000, 0x0000000800000000)
  region size 1024K, 14 young (14336K), 0 survivors (0K)
 Metaspace       used 10644K, capacity 10899K, committed 11136K, reserved 1058816K
  class space    used 1008K, capacity 1056K, committed 1152K, reserved 1048576K
}
Event: 1.326 GC heap after
{Heap after GC invocations=1 (full 0):
 garbage-first heap   total 262144K, used 3732K [0x0000000701800000, 0x0000000800000000)
  region size 1024K, 2 young (2048K), 2 survivors (2048K)
 Metaspace       used 10644K, capacity 10899K, committed 11136K, reserved 1058816K
  class space    used 1008K, capacity 1056K, committed 1152K, reserved 1048576K
}
Event: 1.671 GC heap before
{Heap before GC invocations=1 (full 0):
 garbage-first heap   total 262144K, used 13972K [0x0000000701800000, 0x0000000800000000)
  region size 1024K, 12 young (12288K), 2 survivors (2048K)
 Metaspace       used 14467K, capacity 14758K, committed 14848K, reserved 1062912K
  class space    used 1415K, capacity 1497K, committed 1536K, reserved 1048576K
}
Event: 1.676 GC heap after
{Heap after GC invocations=2 (full 0):
 garbage-first heap   total 262144K, used 4898K [0x0000000701800000, 0x0000000800000000)
  region size 1024K, 2 young (2048K), 2 survivors (2048K)
 Metaspace       used 14467K, capacity 14758K, committed 14848K, reserved 1062912K
  class space    used 1415K, capacity 1497K, committed 1536K, reserved 1048576K
}
Event: 2.429 GC heap before
{Heap before GC invocations=2 (full 0):
 garbage-first heap   total 262144K, used 35618K [0x0000000701800000, 0x0000000800000000)
  region size 1024K, 33 young (33792K), 2 survivors (2048K)
 Metaspace       used 20755K, capacity 21219K, committed 21248K, reserved 1069056K
  class space    used 2375K, capacity 2549K, committed 2560K, reserved 1048576K
}
Event: 2.434 GC heap after
{Heap after GC invocations=3 (full 0):
 garbage-first heap   total 262144K, used 6386K [0x0000000701800000, 0x0000000800000000)
  region size 1024K, 3 young (3072K), 3 survivors (3072K)
 Metaspace       used 20755K, capacity 21219K, committed 21248K, reserved 1069056K
  class space    used 2375K, capacity 2549K, committed 2560K, reserved 1048576K
}
Event: 2.452 GC heap before
{Heap before GC invocations=3 (full 0):
 garbage-first heap   total 262144K, used 6386K [0x0000000701800000, 0x0000000800000000)
  region size 1024K, 4 young (4096K), 3 survivors (3072K)
 Metaspace       used 20792K, capacity 21222K, committed 21248K, reserved 1069056K
  class space    used 2378K, capacity 2550K, committed 2560K, reserved 1048576K
}
Event: 2.456 GC heap after
{Heap after GC invocations=4 (full 0):
 garbage-first heap   total 262144K, used 6397K [0x0000000701800000, 0x0000000800000000)
  region size 1024K, 3 young (3072K), 3 survivors (3072K)
 Metaspace       used 20792K, capacity 21222K, committed 21248K, reserved 1069056K
  class space    used 2378K, capacity 2550K, committed 2560K, reserved 1048576K
}
Event: 5.361 GC heap before
{Heap before GC invocations=5 (full 0):
 garbage-first heap   total 262144K, used 89341K [0x0000000701800000, 0x0000000800000000)
  region size 1024K, 85 young (87040K), 3 survivors (3072K)
 Metaspace       used 34969K, capacity 35743K, committed 35840K, reserved 1081344K
  class space    used 4106K, capacity 4433K, committed 4480K, reserved 1048576K
}
Event: 5.374 GC heap after
{Heap after GC invocations=6 (full 0):
 garbage-first heap   total 262144K, used 10921K [0x0000000701800000, 0x0000000800000000)
  region size 1024K, 7 young (7168K), 7 survivors (7168K)
 Metaspace       used 34969K, capacity 35743K, committed 35840K, reserved 1081344K
  class space    used 4106K, capacity 4433K, committed 4480K, reserved 1048576K
}

Deoptimization events (10 events):
Event: 5.734 Thread 0x000001b573562000 Uncommon trap: reason=unstable_if action=reinterpret pc=0x000001b507b8534c method=java.util.jar.JarFile.maybeInstantiateVerifier()V @ 91 c2
Event: 5.787 Thread 0x000001b573562000 Uncommon trap: reason=unstable_if action=reinterpret pc=0x000001b507bc6120 method=java.lang.CharacterDataLatin1.isWhitespace(I)Z @ 14 c2
Event: 5.787 Thread 0x000001b573562000 Uncommon trap: reason=unstable_if action=reinterpret pc=0x000001b507b1d3a0 method=java.lang.CharacterDataLatin1.isWhitespace(I)Z @ 14 c2
Event: 5.822 Thread 0x000001b573562000 Uncommon trap: reason=null_assert_or_unreached0 action=make_not_entrant pc=0x000001b507bd99fc method=java.security.CodeSource.getCertificates()[Ljava/security/cert/Certificate; @ 22 c2
Event: 5.898 Thread 0x000001b573562000 Uncommon trap: reason=unstable_if action=reinterpret pc=0x000001b507b6e7bc method=java.util.HashMap.putVal(ILjava/lang/Object;Ljava/lang/Object;ZZ)Ljava/lang/Object; @ 162 c2
Event: 5.958 Thread 0x000001b573562000 Uncommon trap: reason=bimorphic_or_optimized_type_check action=maybe_recompile pc=0x000001b507b7987c method=java.net.URL.<init>(Ljava/net/URL;Ljava/lang/String;Ljava/net/URLStreamHandler;)V @ 504 c2
Event: 5.958 Thread 0x000001b573562000 Uncommon trap: reason=unstable_if action=reinterpret pc=0x000001b507c2a8f8 method=java.net.URLStreamHandler.parseURL(Ljava/net/URL;Ljava/lang/String;II)V @ 155 c2
Event: 5.958 Thread 0x000001b573562000 Uncommon trap: reason=unstable_if action=reinterpret pc=0x000001b507b6a1f0 method=sun.net.util.IPAddressUtil.scan(Ljava/lang/String;JJ[C)I @ 14 c2
Event: 6.041 Thread 0x000001b573562000 Uncommon trap: reason=unstable_if action=reinterpret pc=0x000001b507c22bc8 method=java.util.HashMap.putVal(ILjava/lang/Object;Ljava/lang/Object;ZZ)Ljava/lang/Object; @ 162 c2
Event: 6.042 Thread 0x000001b573562000 Uncommon trap: reason=unstable_if action=reinterpret pc=0x000001b507c7aea0 method=java.util.regex.Pattern$SliceI.match(Ljava/util/regex/Matcher;ILjava/lang/CharSequence;)Z @ 29 c2

Classes redefined (0 events):
No events

Internal exceptions (10 events):
Event: 5.327 Thread 0x000001b573562000 Exception <a 'java/lang/ClassNotFoundException'{0x000000070c5efc70}: org/springframework/beans/factory/AwareCustomizer> (0x000000070c5efc70) thrown at [t:/workspace/open/src/hotspot/share/classfile/systemDictionary.cpp, line 231]
Event: 5.327 Thread 0x000001b573562000 Exception <a 'java/lang/ClassNotFoundException'{0x000000070c5f6c88}: org/springframework/context/ApplicationContextAwareCustomizer> (0x000000070c5f6c88) thrown at [t:/workspace/open/src/hotspot/share/classfile/systemDictionary.cpp, line 231]
Event: 5.328 Thread 0x000001b573562000 Exception <a 'java/lang/ClassNotFoundException'{0x000000070c5fe858}: org/springframework/beans/factory/AwareCustomizer> (0x000000070c5fe858) thrown at [t:/workspace/open/src/hotspot/share/classfile/systemDictionary.cpp, line 231]
Event: 5.328 Thread 0x000001b573562000 Exception <a 'java/lang/ClassNotFoundException'{0x000000070c405d28}: org/springframework/web/context/ServletContextAwareCustomizer> (0x000000070c405d28) thrown at [t:/workspace/open/src/hotspot/share/classfile/systemDictionary.cpp, line 231]
Event: 5.329 Thread 0x000001b573562000 Exception <a 'java/lang/ClassNotFoundException'{0x000000070c40d3d0}: org/springframework/beans/factory/AwareCustomizer> (0x000000070c40d3d0) thrown at [t:/workspace/open/src/hotspot/share/classfile/systemDictionary.cpp, line 231]
Event: 5.451 Thread 0x000001b573562000 Exception <a 'java/lang/NoSuchMethodError'{0x00000007115cc948}: java.lang.invoke.DirectMethodHandle$Holder.invokeVirtual(Ljava/lang/Object;Ljava/lang/Object;I)V> (0x00000007115cc948) thrown at [t:/workspace/open/src/hotspot/share/interpreter/linkResolver.
Event: 5.571 Thread 0x000001b573562000 Exception <a 'java/lang/NoSuchMethodError'{0x0000000711087070}: java.lang.invoke.DirectMethodHandle$Holder.invokeInterface(Ljava/lang/Object;Ljava/lang/Object;Ljava/lang/Object;)Ljava/lang/Object;> (0x0000000711087070) thrown at [t:/workspace/open/src/hot
Event: 5.571 Thread 0x000001b573562000 Exception <a 'java/lang/IncompatibleClassChangeError'{0x0000000711089ff8}: Found class java.lang.Object, but interface was expected> (0x0000000711089ff8) thrown at [t:/workspace/open/src/hotspot/share/interpreter/linkResolver.cpp, line 838]
Event: 5.606 Thread 0x000001b573562000 Exception <a 'java/lang/NoSuchMethodError'{0x0000000710fa1180}: java.lang.invoke.DirectMethodHandle$Holder.invokeStaticInit(Ljava/lang/Object;Ljava/lang/Object;Ljava/lang/Object;Ljava/lang/Object;)I> (0x0000000710fa1180) thrown at [t:/workspace/open/src/h
Event: 5.949 Thread 0x000001b573562000 Exception <a 'sun/nio/fs/WindowsException'{0x0000000710463d30}> (0x0000000710463d30) thrown at [t:/workspace/open/src/hotspot/share/prims/jni.cpp, line 615]

Events (10 events):
Event: 6.133 loading class com/sun/crypto/provider/CipherBlockChaining
Event: 6.133 loading class com/sun/crypto/provider/CipherBlockChaining done
Event: 6.134 loading class sun/security/util/ArrayUtil
Event: 6.134 loading class sun/security/util/ArrayUtil done
Event: 6.137 loading class sun/security/ssl/SSLCipher$T10BlockReadCipherGenerator$BlockReadCipher
Event: 6.137 loading class sun/security/ssl/SSLCipher$T10BlockReadCipherGenerator$BlockReadCipher done
Event: 6.138 loading class java/lang/StrictMath
Event: 6.138 loading class java/lang/StrictMath done
Event: 6.139 loading class com/microsoft/sqlserver/jdbc/AuthenticationJNI
Event: 6.139 loading class com/microsoft/sqlserver/jdbc/AuthenticationJNI done


Dynamic libraries:
0x00007ff737730000 - 0x00007ff737777000 	C:\Program Files\Java\jdk-11.0.4\bin\java.exe
0x00007ffb352f0000 - 0x00007ffb354d1000 	C:\WINDOWS\SYSTEM32\ntdll.dll
0x00007ffb33380000 - 0x00007ffb33431000 	C:\WINDOWS\System32\KERNEL32.DLL
0x00007ffb32220000 - 0x00007ffb32493000 	C:\WINDOWS\System32\KERNELBASE.dll
0x00007ffb328c0000 - 0x00007ffb32961000 	C:\WINDOWS\System32\ADVAPI32.dll
0x00007ffb32b10000 - 0x00007ffb32bae000 	C:\WINDOWS\System32\msvcrt.dll
0x00007ffb33790000 - 0x00007ffb337eb000 	C:\WINDOWS\System32\sechost.dll
0x00007ffb33500000 - 0x00007ffb33624000 	C:\WINDOWS\System32\RPCRT4.dll
0x00007ffb35130000 - 0x00007ffb352c0000 	C:\WINDOWS\System32\USER32.dll
0x00007ffb319a0000 - 0x00007ffb319c0000 	C:\WINDOWS\System32\win32u.dll
0x00007ffb34c50000 - 0x00007ffb34c78000 	C:\WINDOWS\System32\GDI32.dll
0x00007ffb324a0000 - 0x00007ffb32631000 	C:\WINDOWS\System32\gdi32full.dll
0x00007ffb31900000 - 0x00007ffb3199f000 	C:\WINDOWS\System32\msvcp_win.dll
0x00007ffb319c0000 - 0x00007ffb31ab8000 	C:\WINDOWS\System32\ucrtbase.dll
0x00007ffb267b0000 - 0x00007ffb26a19000 	C:\WINDOWS\WinSxS\amd64_microsoft.windows.common-controls_6595b64144ccf1df_6.0.17134.1246_none_d3ffb9d77c90723d\COMCTL32.dll
0x00007ffb29da0000 - 0x00007ffb29daa000 	C:\WINDOWS\SYSTEM32\VERSION.dll
0x00007ffb32f60000 - 0x00007ffb33281000 	C:\WINDOWS\System32\combase.dll
0x00007ffb326f0000 - 0x00007ffb32769000 	C:\WINDOWS\System32\bcryptPrimitives.dll
0x00007ffb33760000 - 0x00007ffb3378d000 	C:\WINDOWS\System32\IMM32.DLL
0x00007ffb2dac0000 - 0x00007ffb2dad6000 	C:\Program Files\Java\jdk-11.0.4\bin\vcruntime140.dll
0x00007ffafe6e0000 - 0x00007ffafe78a000 	C:\Program Files\Java\jdk-11.0.4\bin\msvcp140.dll
0x00007ffad5190000 - 0x00007ffad5cb7000 	C:\Program Files\Java\jdk-11.0.4\bin\server\jvm.dll
0x00007ffb32bb0000 - 0x00007ffb32bb8000 	C:\WINDOWS\System32\PSAPI.DLL
0x00007ffb24ce0000 - 0x00007ffb24ce9000 	C:\WINDOWS\SYSTEM32\WSOCK32.dll
0x00007ffb25160000 - 0x00007ffb25183000 	C:\WINDOWS\SYSTEM32\WINMM.dll
0x00007ffb336e0000 - 0x00007ffb3374c000 	C:\WINDOWS\System32\WS2_32.dll
0x00007ffb24fc0000 - 0x00007ffb24fea000 	C:\WINDOWS\SYSTEM32\winmmbase.dll
0x00007ffb31ac0000 - 0x00007ffb31b09000 	C:\WINDOWS\System32\cfgmgr32.dll
0x00007ffb31690000 - 0x00007ffb316a1000 	C:\WINDOWS\System32\kernel.appcore.dll
0x00007ffb14660000 - 0x00007ffb14671000 	C:\Program Files\Java\jdk-11.0.4\bin\verify.dll
0x00007ffb2ff90000 - 0x00007ffb30159000 	C:\WINDOWS\SYSTEM32\DBGHELP.DLL
0x00007ffb22ef0000 - 0x00007ffb22f19000 	C:\WINDOWS\SYSTEM32\dbgcore.DLL
0x00007ffb09570000 - 0x00007ffb09599000 	C:\Program Files\Java\jdk-11.0.4\bin\java.dll
0x00007ffb09110000 - 0x00007ffb0913f000 	C:\Program Files\Java\jdk-11.0.4\bin\instrument.dll
0x00007ffb12960000 - 0x00007ffb12976000 	C:\Program Files\Java\jdk-11.0.4\bin\zip.dll
0x00007ffb2ccc0000 - 0x00007ffb2ccca000 	C:\Program Files\Java\jdk-11.0.4\bin\jimage.dll
0x00007ffb337f0000 - 0x00007ffb34c35000 	C:\WINDOWS\System32\SHELL32.dll
0x00007ffb33630000 - 0x00007ffb336d9000 	C:\WINDOWS\System32\shcore.dll
0x00007ffb31b10000 - 0x00007ffb32220000 	C:\WINDOWS\System32\windows.storage.dll
0x00007ffb33440000 - 0x00007ffb33491000 	C:\WINDOWS\System32\shlwapi.dll
0x00007ffb31670000 - 0x00007ffb3168f000 	C:\WINDOWS\System32\profapi.dll
0x00007ffb31620000 - 0x00007ffb3166c000 	C:\WINDOWS\System32\powrprof.dll
0x00007ffb315f0000 - 0x00007ffb315fa000 	C:\WINDOWS\System32\FLTLIB.DLL
0x00007ffb094e0000 - 0x00007ffb094f9000 	C:\Program Files\Java\jdk-11.0.4\bin\net.dll
0x00007ffb2d000000 - 0x00007ffb2d0dd000 	C:\WINDOWS\SYSTEM32\WINHTTP.dll
0x00007ffb261a0000 - 0x00007ffb2636a000 	C:\WINDOWS\SYSTEM32\urlmon.dll
0x00007ffb25dd0000 - 0x00007ffb26077000 	C:\WINDOWS\SYSTEM32\iertutil.dll
0x00007ffb30f80000 - 0x00007ffb30f8b000 	C:\WINDOWS\SYSTEM32\CRYPTBASE.DLL
0x00007ffb30dc0000 - 0x00007ffb30e26000 	C:\WINDOWS\system32\mswsock.dll
0x00007ffb08080000 - 0x00007ffb08093000 	C:\Program Files\Java\jdk-11.0.4\bin\nio.dll
0x00007ffb01250000 - 0x00007ffb0126a000 	D:\IntelliJ\IntelliJ IDEA 2019.2\bin\breakgen64.dll
0x00007ffb14ce0000 - 0x00007ffb14ce9000 	C:\Program Files\Java\jdk-11.0.4\bin\management.dll
0x00007ffb14aa0000 - 0x00007ffb14aac000 	C:\Program Files\Java\jdk-11.0.4\bin\management_ext.dll
0x00007ffb29c20000 - 0x00007ffb29c36000 	C:\WINDOWS\system32\napinsp.dll
0x00007ffb29c40000 - 0x00007ffb29c5a000 	C:\WINDOWS\system32\pnrpnsp.dll
0x00007ffb2b500000 - 0x00007ffb2b519000 	C:\WINDOWS\system32\NLAapi.dll
0x00007ffb30b60000 - 0x00007ffb30c1e000 	C:\WINDOWS\SYSTEM32\DNSAPI.dll
0x00007ffb34c40000 - 0x00007ffb34c48000 	C:\WINDOWS\System32\NSI.dll
0x00007ffb30b20000 - 0x00007ffb30b58000 	C:\WINDOWS\SYSTEM32\IPHLPAPI.DLL
0x00007ffb29b10000 - 0x00007ffb29b1e000 	C:\WINDOWS\System32\winrnr.dll
0x00007ffb2bb30000 - 0x00007ffb2bb45000 	C:\WINDOWS\System32\wshbth.dll
0x00007ffb2a8b0000 - 0x00007ffb2a8ba000 	C:\Windows\System32\rasadhlp.dll
0x00007ffb2a6c0000 - 0x00007ffb2a732000 	C:\WINDOWS\System32\fwpuclnt.dll
0x00007ffb31150000 - 0x00007ffb31175000 	C:\WINDOWS\SYSTEM32\bcrypt.dll
0x0000000180000000 - 0x0000000180282000 	D:\apache-tomcat-9.0.22\bin\tcnative-1.dll
0x00007ffb316b0000 - 0x00007ffb31892000 	C:\WINDOWS\System32\CRYPT32.dll
0x00007ffb31600000 - 0x00007ffb31612000 	C:\WINDOWS\System32\MSASN1.dll
0x00007ffb31030000 - 0x00007ffb31047000 	C:\WINDOWS\SYSTEM32\CRYPTSP.dll
0x00007ffb30980000 - 0x00007ffb309b3000 	C:\WINDOWS\system32\rsaenh.dll
0x00007ffb31520000 - 0x00007ffb31548000 	C:\WINDOWS\SYSTEM32\USERENV.dll
0x00007ffb2cc80000 - 0x00007ffb2cc96000 	C:\WINDOWS\SYSTEM32\dhcpcsvc6.DLL
0x00007ffb2cc60000 - 0x00007ffb2cc7a000 	C:\WINDOWS\SYSTEM32\dhcpcsvc.DLL
0x00007ffb2d950000 - 0x00007ffb2d95b000 	C:\WINDOWS\SYSTEM32\WINNSI.DLL
0x00007ffb14960000 - 0x00007ffb1496d000 	C:\Program Files\Java\jdk-11.0.4\bin\sunmscapi.dll
0x00007ffb31120000 - 0x00007ffb31146000 	C:\WINDOWS\SYSTEM32\ncrypt.dll
0x00007ffb310e0000 - 0x00007ffb31116000 	C:\WINDOWS\SYSTEM32\NTASN1.dll
0x00007ffb00fb0000 - 0x00007ffb00fd7000 	C:\Program Files\Java\jdk-11.0.4\bin\sunec.dll
0x00007ffafec60000 - 0x00007ffafecae000 	C:\Program Files\Java\jdk-11.0.4\bin\sqljdbc_auth.dll
0x00007ffb32d60000 - 0x00007ffb32eb1000 	C:\WINDOWS\System32\ole32.dll
0x00007ffb259b0000 - 0x00007ffb259bc000 	C:\WINDOWS\system32\secur32.dll
0x00007ffb314f0000 - 0x00007ffb31520000 	C:\WINDOWS\SYSTEM32\SSPICLI.DLL
0x00007ffb30e30000 - 0x00007ffb30f1a000 	C:\WINDOWS\system32\kerberos.DLL
0x00007ffb30d50000 - 0x00007ffb30dc0000 	C:\WINDOWS\system32\msv1_0.DLL
0x00007ffb31080000 - 0x00007ffb3108d000 	C:\WINDOWS\SYSTEM32\NtlmShared.dll
0x00007ffb31050000 - 0x00007ffb31064000 	C:\WINDOWS\SYSTEM32\cryptdll.dll
0x00007ffb22fa0000 - 0x00007ffb22fc8000 	C:\WINDOWS\system32\ntdsapi.dll

dbghelp: loaded successfully - version: 4.0.5 - missing functions: none
symbol engine: initialized successfully - sym options: 0x614 - pdb path: .;C:\Program Files\Java\jdk-11.0.4\bin;C:\WINDOWS\SYSTEM32;C:\WINDOWS\WinSxS\amd64_microsoft.windows.common-controls_6595b64144ccf1df_6.0.17134.1246_none_d3ffb9d77c90723d;C:\Program Files\Java\jdk-11.0.4\bin\server;D:\IntelliJ\IntelliJ IDEA 2019.2\bin;D:\apache-tomcat-9.0.22\bin

VM Arguments:
jvm_args: -javaagent:D:\IntelliJ\IntelliJ IDEA 2019.2\lib\idea_rt.jar=61302:D:\IntelliJ\IntelliJ IDEA 2019.2\bin -Dfile.encoding=UTF-8 
java_command: com.example.filedemo.FileDemoApplication
java_class_path (initial): D:\MyProjects\files\oryginal\spring-boot-file-upload-download-rest-api-example\target\classes;C:\Users\k.formela\.m2\repository\org\springframework\boot\spring-boot-starter-web\2.2.1.RELEASE\spring-boot-starter-web-2.2.1.RELEASE.jar;C:\Users\k.formela\.m2\repository\org\springframework\boot\spring-boot-starter\2.2.1.RELEASE\spring-boot-starter-2.2.1.RELEASE.jar;C:\Users\k.formela\.m2\repository\org\springframework\boot\spring-boot\2.2.1.RELEASE\spring-boot-2.2.1.RELEASE.jar;C:\Users\k.formela\.m2\repository\org\springframework\boot\spring-boot-autoconfigure\2.2.1.RELEASE\spring-boot-autoconfigure-2.2.1.RELEASE.jar;C:\Users\k.formela\.m2\repository\org\springframework\boot\spring-boot-starter-logging\2.2.1.RELEASE\spring-boot-starter-logging-2.2.1.RELEASE.jar;C:\Users\k.formela\.m2\repository\ch\qos\logback\logback-classic\1.2.3\logback-classic-1.2.3.jar;C:\Users\k.formela\Downloads\sqljdbc4-2.0.jar;C:\Users\k.formela\.m2\repository\ch\qos\logback\logback-core\1.2.3\logback-core-1.2.3.jar;C:\Users\k.formela\.m2\repository\org\apache\logging\log4j\log4j-to-slf4j\2.12.1\log4j-to-slf4j-2.12.1.jar;C:\Users\k.formela\.m2\repository\org\apache\logging\log4j\log4j-api\2.12.1\log4j-api-2.12.1.jar;C:\Users\k.formela\.m2\repository\org\slf4j\jul-to-slf4j\1.7.29\jul-to-slf4j-1.7.29.jar;C:\Users\k.formela\.m2\repository\jakarta\annotation\jakarta.annotation-api\1.3.5\jakarta.annotation-api-1.3.5.jar;C:\Users\k.formela\.m2\repository\org\yaml\snakeyaml\1.25\snakeyaml-1.25.jar;C:\Users\k.formela\.m2\repository\org\springframework\boot\spring-boot-starter-json\2.2.1.RELEASE\spring-boot-starter-json-2.2.1.RELEASE.jar;C:\Users\k.formela\.m2\repository\com\fasterxml\jackson\core\jackson-databind\2.10.0\jackson-databind-2.10.0.jar;C:\Users\k.formela\.m2\repository\com\fasterxml\jackson\core\jackson-annotations\2.10.0\jackson-annotations-2.10.0.jar;C:\Users\k.formela\.m2\repository\com\fasterxml\jackson\core\jackson-core\2.10.0\jackson-core-2.10.0.jar;C:\Use
Launcher Type: SUN_STANDARD

[Global flags]
     intx CICompilerCount                          = 3                                         {product} {ergonomic}
     uint ConcGCThreads                            = 1                                         {product} {ergonomic}
     uint G1ConcRefinementThreads                  = 4                                         {product} {ergonomic}
   size_t G1HeapRegionSize                         = 1048576                                   {product} {ergonomic}
    uintx GCDrainStackTargetSize                   = 64                                        {product} {ergonomic}
   size_t InitialHeapSize                          = 268435456                                 {product} {ergonomic}
   size_t MarkStackSize                            = 4194304                                   {product} {ergonomic}
   size_t MaxHeapSize                              = 4269801472                                {product} {ergonomic}
   size_t MaxNewSize                               = 2561671168                                {product} {ergonomic}
   size_t MinHeapDeltaBytes                        = 1048576                                   {product} {ergonomic}
    uintx NonNMethodCodeHeapSize                   = 5830092                                {pd product} {ergonomic}
    uintx NonProfiledCodeHeapSize                  = 122914074                              {pd product} {ergonomic}
    uintx ProfiledCodeHeapSize                     = 122914074                              {pd product} {ergonomic}
    uintx ReservedCodeCacheSize                    = 251658240                              {pd product} {ergonomic}
     bool SegmentedCodeCache                       = true                                      {product} {ergonomic}
     bool UseCompressedClassPointers               = true                                 {lp64_product} {ergonomic}
     bool UseCompressedOops                        = true                                 {lp64_product} {ergonomic}
     bool UseG1GC                                  = true                                      {product} {ergonomic}
     bool UseLargePagesIndividualAllocation        = false                                  {pd product} {ergonomic}

Logging:
Log output configuration:
 #0: stdout all=warning uptime,level,tags
 #1: stderr all=off uptime,level,tags

Environment Variables:
JAVA_HOME=C:\Program Files\Java\jdk1.8.0_144
PATH=C:\Program Files (x86)\Common Files\Oracle\Java\javapath;C:\Program Files\Java\jdk1.8.0_144\bin;C:\Program Files\Microsoft MPI\Bin\;C:\PROGRA~2\COMMON~1\Oracle\Java\javapath;C:\PROGRA~3\Oracle\Java\javapath;C:\PROGRA~2\Intel\ICLSCL~1\;C:\PROGRA~1\Intel\ICLSCL~1\;C:\WINDOWS\system32;C:\WINDOWS;C:\WINDOWS\System32\Wbem;C:\WINDOWS\System32\WindowsPowerShell\v1.0\;C:\PROGRA~2\Intel\INTEL(~2\DAL;C:\PROGRA~1\Intel\INTEL(~3\DAL;C:\PROGRA~2\Intel\INTEL(~2\IPT;C:\PROGRA~1\Intel\INTEL(~3\IPT;C:\PROGRA~1\TORTOI~1\bin;C:\PROGRA~1\SlikSvn\bin;c:\PROGRA~2\MICROS~2.0\Common7\IDE\PRIVAT~1\;C:\PROGRA~2\SQLANY~1\bin64;C:\PROGRA~2\SQLANY~1\bin32;C:\PROGRA~2\Sybase\Shared\POWERB~1;C:\PROGRA~2\Sybase\POWERB~1.0;C:\PROGRA~1\TORTOI~2\bin;C:\PROGRA~2\WI3CF2~1\8.1\WINDOW~1\;C:\PROGRA~1\Git\cmd;C:\WINDOWS\System32\OpenSSH\;C:\PROGRA~1\Intel\WiFi\bin\;C:\PROGRA~1\COMMON~1\Intel\WIRELE~1\;C:\MongoDB\Server\3.6\bin;C:\Program Files\SlikSvn\bin;C:\protbuf\bin;C:\protweb;C:\Program Files\TortoiseGit\bin;C:\Program Files\Intel\WiFi\bin\;C:\Program Files\Common Files\Intel\WirelessCommon\;C:\Program Files\TortoiseSVN\bin;C:\apache-maven-3.6.2\bin;D:\apache-tomcat-9.0.22\bin;D:\node\;C:\Go\bin;C:\curl\curl-7.68.0-win64-mingw\bin;C:\Users\k.formela\AppData\Local\Programs\Python\Python37-32\Scripts\;C:\Users\k.formela\AppData\Local\Programs\Python\Python37-32\;C:\Users\k.formela\.windows-build-tools\python27\;C:\PROGRA~1\nodejs\node_modules\npm\node_modules\npm-lifecycle\node-gyp-bin;C:\Users\k.formela\AppData\Roaming\npm\node_modules\windows-build-tools\node_modules\.bin;C:\Users\k.formela\AppData\Roaming\npm\node_modules\.bin;C:\ProgramData\DockerDesktop\version-bin;C:\Program Files\Docker\Docker\Resources\bin;C:\PROGRA~2\COMMON~1\Oracle\Java\javapath;C:\PROGRA~3\Oracle\Java\javapath;C:\PROGRA~2\Intel\ICLSCL~1\;C:\PROGRA~1\Intel\ICLSCL~1\;C:\WINDOWS\system32;C:\WINDOWS;C:\WINDOWS\System32\Wbem;C:\WINDOWS\System32\WindowsPowerShell\v1.0\;C:\PROGRA~2\Intel\INTEL(~2\DAL;C:\PROGRA~1\Intel\INTEL(~3\DAL
USERNAME=k.formela
OS=Windows_NT
PROCESSOR_IDENTIFIER=Intel64 Family 6 Model 142 Stepping 9, GenuineIntel



---------------  S Y S T E M  ---------------

OS: Windows 10 , 64 bit Build 17134 (10.0.17134.753)

CPU:total 4 (initial active 4) (2 cores per cpu, 2 threads per core) family 6 model 142 stepping 9, cmov, cx8, fxsr, mmx, sse, sse2, sse3, ssse3, sse4.1, sse4.2, popcnt, avx, avx2, aes, clmul, erms, 3dnowpref, lzcnt, ht, tsc, tscinvbit, bmi1, bmi2, adx, fma

Memory: 4k page, system-wide physical 16282M (8828M free)
TotalPageFile size 19314M (AvailPageFile size 10625M)
current process WorkingSet (physical memory assigned to process): 215M, peak: 227M
current process commit charge ("private bytes"): 407M, peak: 421M

vm_info: Java HotSpot(TM) 64-Bit Server VM (11.0.4+10-LTS) for windows-amd64 JRE (11.0.4+10-LTS), built on Jul  4 2019 16:28:13 by "mach5one" with MS VC++ 15.5 (VS2017)

END.
